{"/Users/didi/Work/Code/mpx/packages/webpack-plugin/lib/runtime/components/react/context.ts": {"path":"/Users/didi/Work/Code/mpx/packages/webpack-plugin/lib/runtime/components/react/context.ts","statementMap":{"0":{"start":{"line":60,"column":34},"end":{"line":60,"column":72}},"1":{"start":{"line":62,"column":27},"end":{"line":62,"column":71}},"2":{"start":{"line":64,"column":36},"end":{"line":64,"column":81}},"3":{"start":{"line":66,"column":33},"end":{"line":66,"column":78}},"4":{"start":{"line":68,"column":28},"end":{"line":68,"column":73}},"5":{"start":{"line":70,"column":29},"end":{"line":70,"column":48}},"6":{"start":{"line":72,"column":26},"end":{"line":72,"column":43}},"7":{"start":{"line":74,"column":43},"end":{"line":74,"column":91}},"8":{"start":{"line":76,"column":28},"end":{"line":76,"column":73}},"9":{"start":{"line":78,"column":29},"end":{"line":78,"column":46}},"10":{"start":{"line":80,"column":36},"end":{"line":80,"column":89}},"11":{"start":{"line":82,"column":33},"end":{"line":82,"column":129}},"12":{"start":{"line":84,"column":29},"end":{"line":84,"column":75}},"13":{"start":{"line":86,"column":29},"end":{"line":86,"column":124}}},"fnMap":{},"branchMap":{},"s":{"0":2,"1":2,"2":2,"3":2,"4":2,"5":2,"6":2,"7":2,"8":2,"9":2,"10":2,"11":2,"12":2,"13":2},"f":{},"b":{},"_coverageSchema":"1a1c01bbd47fc00a2c39e90264f33305004495a9","hash":"3f80b4857c3d32c738300d12b8d0ca52e6e41eb4"}
,"/Users/didi/Work/Code/mpx/packages/webpack-plugin/lib/runtime/components/react/event.config.ts": {"path":"/Users/didi/Work/Code/mpx/packages/webpack-plugin/lib/runtime/components/react/event.config.ts","statementMap":{"0":{"start":{"line":1,"column":81},"end":{"line":26,"column":1}}},"fnMap":{},"branchMap":{},"s":{"0":0},"f":{},"b":{}}
,"/Users/didi/Work/Code/mpx/packages/webpack-plugin/lib/runtime/components/react/getInnerListeners.ts": {"path":"/Users/didi/Work/Code/mpx/packages/webpack-plugin/lib/runtime/components/react/getInnerListeners.ts","statementMap":{"0":{"start":{"line":16,"column":25},"end":{"line":18,"column":1}},"1":{"start":{"line":20,"column":22},"end":{"line":81,"column":1}},"2":{"start":{"line":25,"column":46},"end":{"line":25,"column":52}},"3":{"start":{"line":26,"column":16},"end":{"line":26,"column":32}},"4":{"start":{"line":27,"column":35},"end":{"line":27,"column":59}},"5":{"start":{"line":28,"column":22},"end":{"line":28,"column":39}},"6":{"start":{"line":29,"column":63},"end":{"line":29,"column":74}},"7":{"start":{"line":30,"column":17},"end":{"line":30,"column":22}},"8":{"start":{"line":32,"column":24},"end":{"line":37,"column":4}},"9":{"start":{"line":39,"column":23},"end":{"line":39,"column":69}},"10":{"start":{"line":41,"column":17},"end":{"line":48,"column":3}},"11":{"start":{"line":50,"column":2},"end":{"line":80,"column":4}},"12":{"start":{"line":60,"column":6},"end":{"line":66,"column":7}},"13":{"start":{"line":69,"column":6},"end":{"line":75,"column":7}},"14":{"start":{"line":83,"column":30},"end":{"line":106,"column":1}},"15":{"start":{"line":92,"column":21},"end":{"line":97,"column":4}},"16":{"start":{"line":98,"column":2},"end":{"line":105,"column":4}},"17":{"start":{"line":114,"column":23},"end":{"line":114,"column":34}},"18":{"start":{"line":115,"column":19},"end":{"line":115,"column":36}},"19":{"start":{"line":116,"column":2},"end":{"line":123,"column":3}},"20":{"start":{"line":117,"column":4},"end":{"line":119,"column":5}},"21":{"start":{"line":118,"column":6},"end":{"line":118,"column":25}},"22":{"start":{"line":120,"column":4},"end":{"line":122,"column":6}},"23":{"start":{"line":121,"column":6},"end":{"line":121,"column":68}},"24":{"start":{"line":127,"column":24},"end":{"line":127,"column":73}},"25":{"start":{"line":128,"column":23},"end":{"line":128,"column":60}},"26":{"start":{"line":129,"column":23},"end":{"line":129,"column":60}},"27":{"start":{"line":130,"column":2},"end":{"line":137,"column":3}},"28":{"start":{"line":134,"column":4},"end":{"line":134,"column":38}},"29":{"start":{"line":135,"column":4},"end":{"line":135,"column":99}},"30":{"start":{"line":136,"column":4},"end":{"line":136,"column":39}},"31":{"start":{"line":142,"column":2},"end":{"line":142,"column":13}},"32":{"start":{"line":143,"column":23},"end":{"line":143,"column":34}},"33":{"start":{"line":144,"column":2},"end":{"line":144,"column":35}},"34":{"start":{"line":145,"column":2},"end":{"line":148,"column":3}},"35":{"start":{"line":150,"column":2},"end":{"line":150,"column":53}},"36":{"start":{"line":152,"column":2},"end":{"line":166,"column":3}},"37":{"start":{"line":153,"column":4},"end":{"line":155,"column":5}},"38":{"start":{"line":154,"column":6},"end":{"line":154,"column":12}},"39":{"start":{"line":156,"column":4},"end":{"line":159,"column":5}},"40":{"start":{"line":157,"column":6},"end":{"line":157,"column":62}},"41":{"start":{"line":158,"column":6},"end":{"line":158,"column":43}},"42":{"start":{"line":160,"column":4},"end":{"line":160,"column":109}},"43":{"start":{"line":161,"column":4},"end":{"line":165,"column":11}},"44":{"start":{"line":163,"column":6},"end":{"line":163,"column":40}},"45":{"start":{"line":164,"column":6},"end":{"line":164,"column":56}},"46":{"start":{"line":170,"column":23},"end":{"line":170,"column":34}},"47":{"start":{"line":171,"column":2},"end":{"line":171,"column":52}},"48":{"start":{"line":172,"column":2},"end":{"line":174,"column":3}},"49":{"start":{"line":173,"column":4},"end":{"line":173,"column":39}},"50":{"start":{"line":178,"column":35},"end":{"line":178,"column":46}},"51":{"start":{"line":179,"column":2},"end":{"line":179,"column":51}},"52":{"start":{"line":180,"column":2},"end":{"line":180,"column":107}},"53":{"start":{"line":181,"column":2},"end":{"line":191,"column":3}},"54":{"start":{"line":182,"column":4},"end":{"line":182,"column":39}},"55":{"start":{"line":183,"column":4},"end":{"line":185,"column":5}},"56":{"start":{"line":184,"column":6},"end":{"line":184,"column":12}},"57":{"start":{"line":186,"column":4},"end":{"line":189,"column":5}},"58":{"start":{"line":187,"column":6},"end":{"line":187,"column":62}},"59":{"start":{"line":188,"column":6},"end":{"line":188,"column":37}},"60":{"start":{"line":190,"column":4},"end":{"line":190,"column":48}},"61":{"start":{"line":195,"column":23},"end":{"line":195,"column":34}},"62":{"start":{"line":196,"column":2},"end":{"line":196,"column":54}},"63":{"start":{"line":197,"column":2},"end":{"line":197,"column":107}},"64":{"start":{"line":201,"column":2},"end":{"line":223,"column":3}},"65":{"start":{"line":202,"column":50},"end":{"line":207,"column":5}},"66":{"start":{"line":209,"column":51},"end":{"line":214,"column":5}},"67":{"start":{"line":216,"column":4},"end":{"line":218,"column":5}},"68":{"start":{"line":217,"column":6},"end":{"line":217,"column":59}},"69":{"start":{"line":220,"column":4},"end":{"line":222,"column":5}},"70":{"start":{"line":221,"column":6},"end":{"line":221,"column":61}},"71":{"start":{"line":226,"column":22},"end":{"line":318,"column":1}},"72":{"start":{"line":231,"column":29},"end":{"line":242,"column":4}},"73":{"start":{"line":243,"column":19},"end":{"line":243,"column":29}},"74":{"start":{"line":244,"column":2},"end":{"line":244,"column":26}},"75":{"start":{"line":245,"column":21},"end":{"line":245,"column":36}},"76":{"start":{"line":246,"column":35},"end":{"line":254,"column":15}},"77":{"start":{"line":256,"column":21},"end":{"line":256,"column":23}},"78":{"start":{"line":257,"column":38},"end":{"line":257,"column":40}},"79":{"start":{"line":258,"column":30},"end":{"line":258,"column":47}},"80":{"start":{"line":259,"column":2},"end":{"line":284,"column":4}},"81":{"start":{"line":260,"column":4},"end":{"line":283,"column":5}},"82":{"start":{"line":261,"column":6},"end":{"line":261,"column":49}},"83":{"start":{"line":262,"column":6},"end":{"line":262,"column":28}},"84":{"start":{"line":263,"column":6},"end":{"line":265,"column":8}},"85":{"start":{"line":264,"column":8},"end":{"line":264,"column":38}},"86":{"start":{"line":266,"column":20},"end":{"line":266,"column":78}},"87":{"start":{"line":267,"column":21},"end":{"line":267,"column":29}},"88":{"start":{"line":268,"column":24},"end":{"line":268,"column":32}},"89":{"start":{"line":269,"column":6},"end":{"line":273,"column":7}},"90":{"start":{"line":274,"column":6},"end":{"line":278,"column":7}},"91":{"start":{"line":275,"column":8},"end":{"line":275,"column":47}},"92":{"start":{"line":277,"column":8},"end":{"line":277,"column":48}},"93":{"start":{"line":280,"column":6},"end":{"line":282,"column":7}},"94":{"start":{"line":281,"column":8},"end":{"line":281,"column":46}},"95":{"start":{"line":286,"column":17},"end":{"line":298,"column":20}},"96":{"start":{"line":287,"column":4},"end":{"line":289,"column":5}},"97":{"start":{"line":288,"column":6},"end":{"line":288,"column":15}},"98":{"start":{"line":291,"column":74},"end":{"line":291,"column":76}},"99":{"start":{"line":293,"column":4},"end":{"line":295,"column":5}},"100":{"start":{"line":294,"column":6},"end":{"line":294,"column":73}},"101":{"start":{"line":297,"column":4},"end":{"line":297,"column":17}},"102":{"start":{"line":300,"column":22},"end":{"line":311,"column":3}},"103":{"start":{"line":313,"column":2},"end":{"line":317,"column":3}}},"fnMap":{"0":{"name":"(anonymous_0)","decl":{"start":{"line":20,"column":22},"end":{"line":20,"column":23}},"loc":{"start":{"line":24,"column":5},"end":{"line":81,"column":1}},"line":24},"1":{"name":"(anonymous_1)","decl":{"start":{"line":59,"column":25},"end":{"line":59,"column":26}},"loc":{"start":{"line":59,"column":35},"end":{"line":67,"column":5}},"line":59},"2":{"name":"(anonymous_2)","decl":{"start":{"line":68,"column":39},"end":{"line":68,"column":40}},"loc":{"start":{"line":68,"column":49},"end":{"line":76,"column":5}},"line":68},"3":{"name":"(anonymous_3)","decl":{"start":{"line":83,"column":30},"end":{"line":83,"column":31}},"loc":{"start":{"line":91,"column":5},"end":{"line":106,"column":1}},"line":91},"4":{"name":"handleEmitEvent","decl":{"start":{"line":108,"column":9},"end":{"line":108,"column":24}},"loc":{"start":{"line":113,"column":2},"end":{"line":124,"column":1}},"line":113},"5":{"name":"(anonymous_5)","decl":{"start":{"line":120,"column":27},"end":{"line":120,"column":28}},"loc":{"start":{"line":120,"column":38},"end":{"line":122,"column":5}},"line":120},"6":{"name":"checkIsNeedPress","decl":{"start":{"line":126,"column":9},"end":{"line":126,"column":25}},"loc":{"start":{"line":126,"column":99},"end":{"line":138,"column":1}},"line":126},"7":{"name":"handleTouchstart","decl":{"start":{"line":140,"column":9},"end":{"line":140,"column":25}},"loc":{"start":{"line":140,"column":99},"end":{"line":167,"column":1}},"line":140},"8":{"name":"(anonymous_8)","decl":{"start":{"line":161,"column":51},"end":{"line":161,"column":52}},"loc":{"start":{"line":161,"column":57},"end":{"line":165,"column":5}},"line":161},"9":{"name":"handleTouchmove","decl":{"start":{"line":169,"column":9},"end":{"line":169,"column":24}},"loc":{"start":{"line":169,"column":98},"end":{"line":175,"column":1}},"line":169},"10":{"name":"handleTouchend","decl":{"start":{"line":177,"column":9},"end":{"line":177,"column":23}},"loc":{"start":{"line":177,"column":97},"end":{"line":192,"column":1}},"line":177},"11":{"name":"handleTouchcancel","decl":{"start":{"line":194,"column":9},"end":{"line":194,"column":26}},"loc":{"start":{"line":194,"column":100},"end":{"line":198,"column":1}},"line":194},"12":{"name":"createTouchEventHandler","decl":{"start":{"line":200,"column":9},"end":{"line":200,"column":32}},"loc":{"start":{"line":200,"column":79},"end":{"line":224,"column":1}},"line":200},"13":{"name":"(anonymous_13)","decl":{"start":{"line":201,"column":9},"end":{"line":201,"column":10}},"loc":{"start":{"line":201,"column":42},"end":{"line":223,"column":3}},"line":201},"14":{"name":"(anonymous_14)","decl":{"start":{"line":226,"column":22},"end":{"line":226,"column":23}},"loc":{"start":{"line":230,"column":5},"end":{"line":318,"column":1}},"line":230},"15":{"name":"(anonymous_15)","decl":{"start":{"line":259,"column":29},"end":{"line":259,"column":30}},"loc":{"start":{"line":259,"column":38},"end":{"line":284,"column":3}},"line":259},"16":{"name":"(anonymous_16)","decl":{"start":{"line":263,"column":41},"end":{"line":263,"column":42}},"loc":{"start":{"line":263,"column":52},"end":{"line":265,"column":7}},"line":263},"17":{"name":"(anonymous_17)","decl":{"start":{"line":286,"column":25},"end":{"line":286,"column":26}},"loc":{"start":{"line":286,"column":31},"end":{"line":298,"column":3}},"line":286}},"branchMap":{"0":{"loc":{"start":{"line":27,"column":15},"end":{"line":27,"column":30}},"type":"default-arg","locations":[{"start":{"line":27,"column":29},"end":{"line":27,"column":30}}],"line":27},"1":{"loc":{"start":{"line":27,"column":35},"end":{"line":27,"column":59}},"type":"binary-expr","locations":[{"start":{"line":27,"column":35},"end":{"line":27,"column":53}},{"start":{"line":27,"column":57},"end":{"line":27,"column":59}}],"line":27},"2":{"loc":{"start":{"line":33,"column":8},"end":{"line":33,"column":16}},"type":"binary-expr","locations":[{"start":{"line":33,"column":8},"end":{"line":33,"column":10}},{"start":{"line":33,"column":14},"end":{"line":33,"column":16}}],"line":33},"3":{"loc":{"start":{"line":35,"column":16},"end":{"line":35,"column":50}},"type":"binary-expr","locations":[{"start":{"line":35,"column":16},"end":{"line":35,"column":45}},{"start":{"line":35,"column":49},"end":{"line":35,"column":50}}],"line":35},"4":{"loc":{"start":{"line":36,"column":15},"end":{"line":36,"column":48}},"type":"binary-expr","locations":[{"start":{"line":36,"column":15},"end":{"line":36,"column":43}},{"start":{"line":36,"column":47},"end":{"line":36,"column":48}}],"line":36},"5":{"loc":{"start":{"line":39,"column":23},"end":{"line":39,"column":69}},"type":"binary-expr","locations":[{"start":{"line":39,"column":23},"end":{"line":39,"column":63}},{"start":{"line":39,"column":67},"end":{"line":39,"column":69}}],"line":39},"6":{"loc":{"start":{"line":45,"column":10},"end":{"line":45,"column":62}},"type":"binary-expr","locations":[{"start":{"line":45,"column":10},"end":{"line":45,"column":31}},{"start":{"line":45,"column":35},"end":{"line":45,"column":56}},{"start":{"line":45,"column":60},"end":{"line":45,"column":62}}],"line":45},"7":{"loc":{"start":{"line":84,"column":2},"end":{"line":84,"column":11}},"type":"default-arg","locations":[{"start":{"line":84,"column":9},"end":{"line":84,"column":11}}],"line":84},"8":{"loc":{"start":{"line":85,"column":2},"end":{"line":85,"column":14}},"type":"default-arg","locations":[{"start":{"line":85,"column":12},"end":{"line":85,"column":14}}],"line":85},"9":{"loc":{"start":{"line":87,"column":4},"end":{"line":87,"column":15}},"type":"default-arg","locations":[{"start":{"line":87,"column":13},"end":{"line":87,"column":15}}],"line":87},"10":{"loc":{"start":{"line":90,"column":2},"end":{"line":90,"column":19}},"type":"default-arg","locations":[{"start":{"line":90,"column":17},"end":{"line":90,"column":19}}],"line":90},"11":{"loc":{"start":{"line":93,"column":8},"end":{"line":93,"column":22}},"type":"binary-expr","locations":[{"start":{"line":93,"column":8},"end":{"line":93,"column":16}},{"start":{"line":93,"column":20},"end":{"line":93,"column":22}}],"line":93},"12":{"loc":{"start":{"line":95,"column":16},"end":{"line":95,"column":51}},"type":"binary-expr","locations":[{"start":{"line":95,"column":16},"end":{"line":95,"column":46}},{"start":{"line":95,"column":50},"end":{"line":95,"column":51}}],"line":95},"13":{"loc":{"start":{"line":96,"column":15},"end":{"line":96,"column":49}},"type":"binary-expr","locations":[{"start":{"line":96,"column":15},"end":{"line":96,"column":44}},{"start":{"line":96,"column":48},"end":{"line":96,"column":49}}],"line":96},"14":{"loc":{"start":{"line":116,"column":2},"end":{"line":123,"column":3}},"type":"if","locations":[{"start":{"line":116,"column":2},"end":{"line":123,"column":3}},{"start":{},"end":{}}],"line":116},"15":{"loc":{"start":{"line":117,"column":4},"end":{"line":119,"column":5}},"type":"if","locations":[{"start":{"line":117,"column":4},"end":{"line":119,"column":5}},{"start":{},"end":{}}],"line":117},"16":{"loc":{"start":{"line":117,"column":8},"end":{"line":117,"column":67}},"type":"binary-expr","locations":[{"start":{"line":117,"column":8},"end":{"line":117,"column":25}},{"start":{"line":117,"column":29},"end":{"line":117,"column":43}},{"start":{"line":117,"column":47},"end":{"line":117,"column":67}}],"line":117},"17":{"loc":{"start":{"line":127,"column":24},"end":{"line":127,"column":73}},"type":"binary-expr","locations":[{"start":{"line":127,"column":24},"end":{"line":127,"column":55}},{"start":{"line":127,"column":59},"end":{"line":127,"column":73}}],"line":127},"18":{"loc":{"start":{"line":130,"column":2},"end":{"line":137,"column":3}},"type":"if","locations":[{"start":{"line":130,"column":2},"end":{"line":137,"column":3}},{"start":{},"end":{}}],"line":130},"19":{"loc":{"start":{"line":131,"column":4},"end":{"line":132,"column":48}},"type":"binary-expr","locations":[{"start":{"line":131,"column":4},"end":{"line":131,"column":48}},{"start":{"line":132,"column":4},"end":{"line":132,"column":48}}],"line":131},"20":{"loc":{"start":{"line":135,"column":4},"end":{"line":135,"column":99}},"type":"binary-expr","locations":[{"start":{"line":135,"column":4},"end":{"line":135,"column":32}},{"start":{"line":135,"column":36},"end":{"line":135,"column":99}}],"line":135},"21":{"loc":{"start":{"line":152,"column":2},"end":{"line":166,"column":3}},"type":"if","locations":[{"start":{"line":152,"column":2},"end":{"line":166,"column":3}},{"start":{},"end":{}}],"line":152},"22":{"loc":{"start":{"line":153,"column":4},"end":{"line":155,"column":5}},"type":"if","locations":[{"start":{"line":153,"column":4},"end":{"line":155,"column":5}},{"start":{},"end":{}}],"line":153},"23":{"loc":{"start":{"line":156,"column":4},"end":{"line":159,"column":5}},"type":"if","locations":[{"start":{"line":156,"column":4},"end":{"line":159,"column":5}},{"start":{},"end":{}}],"line":156},"24":{"loc":{"start":{"line":157,"column":29},"end":{"line":157,"column":62}},"type":"binary-expr","locations":[{"start":{"line":157,"column":29},"end":{"line":157,"column":49}},{"start":{"line":157,"column":53},"end":{"line":157,"column":62}}],"line":157},"25":{"loc":{"start":{"line":160,"column":4},"end":{"line":160,"column":109}},"type":"binary-expr","locations":[{"start":{"line":160,"column":4},"end":{"line":160,"column":37}},{"start":{"line":160,"column":41},"end":{"line":160,"column":109}}],"line":160},"26":{"loc":{"start":{"line":172,"column":2},"end":{"line":174,"column":3}},"type":"if","locations":[{"start":{"line":172,"column":2},"end":{"line":174,"column":3}},{"start":{},"end":{}}],"line":172},"27":{"loc":{"start":{"line":180,"column":2},"end":{"line":180,"column":107}},"type":"binary-expr","locations":[{"start":{"line":180,"column":2},"end":{"line":180,"column":35}},{"start":{"line":180,"column":39},"end":{"line":180,"column":107}}],"line":180},"28":{"loc":{"start":{"line":181,"column":2},"end":{"line":191,"column":3}},"type":"if","locations":[{"start":{"line":181,"column":2},"end":{"line":191,"column":3}},{"start":{},"end":{}}],"line":181},"29":{"loc":{"start":{"line":183,"column":4},"end":{"line":185,"column":5}},"type":"if","locations":[{"start":{"line":183,"column":4},"end":{"line":185,"column":5}},{"start":{},"end":{}}],"line":183},"30":{"loc":{"start":{"line":183,"column":8},"end":{"line":183,"column":108}},"type":"binary-expr","locations":[{"start":{"line":183,"column":8},"end":{"line":183,"column":35}},{"start":{"line":183,"column":40},"end":{"line":183,"column":57}},{"start":{"line":183,"column":61},"end":{"line":183,"column":71}},{"start":{"line":183,"column":76},"end":{"line":183,"column":108}}],"line":183},"31":{"loc":{"start":{"line":186,"column":4},"end":{"line":189,"column":5}},"type":"if","locations":[{"start":{"line":186,"column":4},"end":{"line":189,"column":5}},{"start":{},"end":{}}],"line":186},"32":{"loc":{"start":{"line":187,"column":29},"end":{"line":187,"column":62}},"type":"binary-expr","locations":[{"start":{"line":187,"column":29},"end":{"line":187,"column":49}},{"start":{"line":187,"column":53},"end":{"line":187,"column":62}}],"line":187},"33":{"loc":{"start":{"line":197,"column":2},"end":{"line":197,"column":107}},"type":"binary-expr","locations":[{"start":{"line":197,"column":2},"end":{"line":197,"column":35}},{"start":{"line":197,"column":39},"end":{"line":197,"column":107}}],"line":197},"34":{"loc":{"start":{"line":216,"column":4},"end":{"line":218,"column":5}},"type":"if","locations":[{"start":{"line":216,"column":4},"end":{"line":218,"column":5}},{"start":{},"end":{}}],"line":216},"35":{"loc":{"start":{"line":220,"column":4},"end":{"line":222,"column":5}},"type":"if","locations":[{"start":{"line":220,"column":4},"end":{"line":222,"column":5}},{"start":{},"end":{}}],"line":220},"36":{"loc":{"start":{"line":227,"column":2},"end":{"line":227,"column":19}},"type":"default-arg","locations":[{"start":{"line":227,"column":17},"end":{"line":227,"column":19}}],"line":227},"37":{"loc":{"start":{"line":228,"column":2},"end":{"line":228,"column":35}},"type":"default-arg","locations":[{"start":{"line":228,"column":33},"end":{"line":228,"column":35}}],"line":228},"38":{"loc":{"start":{"line":260,"column":4},"end":{"line":283,"column":5}},"type":"if","locations":[{"start":{"line":260,"column":4},"end":{"line":283,"column":5}},{"start":{},"end":{}}],"line":260},"39":{"loc":{"start":{"line":269,"column":31},"end":{"line":273,"column":7}},"type":"binary-expr","locations":[{"start":{"line":269,"column":31},"end":{"line":269,"column":53}},{"start":{"line":269,"column":57},"end":{"line":273,"column":7}}],"line":269},"40":{"loc":{"start":{"line":274,"column":6},"end":{"line":278,"column":7}},"type":"if","locations":[{"start":{"line":274,"column":6},"end":{"line":278,"column":7}},{"start":{"line":276,"column":13},"end":{"line":278,"column":7}}],"line":274},"41":{"loc":{"start":{"line":274,"column":10},"end":{"line":274,"column":49}},"type":"binary-expr","locations":[{"start":{"line":274,"column":10},"end":{"line":274,"column":27}},{"start":{"line":274,"column":31},"end":{"line":274,"column":49}}],"line":274},"42":{"loc":{"start":{"line":280,"column":6},"end":{"line":282,"column":7}},"type":"if","locations":[{"start":{"line":280,"column":6},"end":{"line":282,"column":7}},{"start":{},"end":{}}],"line":280},"43":{"loc":{"start":{"line":280,"column":10},"end":{"line":280,"column":58}},"type":"binary-expr","locations":[{"start":{"line":280,"column":10},"end":{"line":280,"column":28}},{"start":{"line":280,"column":32},"end":{"line":280,"column":58}}],"line":280},"44":{"loc":{"start":{"line":287,"column":4},"end":{"line":289,"column":5}},"type":"if","locations":[{"start":{"line":287,"column":4},"end":{"line":289,"column":5}},{"start":{},"end":{}}],"line":287}},"s":{"0":0,"1":0,"2":0,"3":0,"4":0,"5":0,"6":0,"7":0,"8":0,"9":0,"10":0,"11":0,"12":0,"13":0,"14":0,"15":0,"16":0,"17":0,"18":0,"19":0,"20":0,"21":0,"22":0,"23":0,"24":0,"25":0,"26":0,"27":0,"28":0,"29":0,"30":0,"31":0,"32":0,"33":0,"34":0,"35":0,"36":0,"37":0,"38":0,"39":0,"40":0,"41":0,"42":0,"43":0,"44":0,"45":0,"46":0,"47":0,"48":0,"49":0,"50":0,"51":0,"52":0,"53":0,"54":0,"55":0,"56":0,"57":0,"58":0,"59":0,"60":0,"61":0,"62":0,"63":0,"64":0,"65":0,"66":0,"67":0,"68":0,"69":0,"70":0,"71":0,"72":0,"73":0,"74":0,"75":0,"76":0,"77":0,"78":0,"79":0,"80":0,"81":0,"82":0,"83":0,"84":0,"85":0,"86":0,"87":0,"88":0,"89":0,"90":0,"91":0,"92":0,"93":0,"94":0,"95":0,"96":0,"97":0,"98":0,"99":0,"100":0,"101":0,"102":0,"103":0},"f":{"0":0,"1":0,"2":0,"3":0,"4":0,"5":0,"6":0,"7":0,"8":0,"9":0,"10":0,"11":0,"12":0,"13":0,"14":0,"15":0,"16":0,"17":0},"b":{"0":[0],"1":[0,0],"2":[0,0],"3":[0,0],"4":[0,0],"5":[0,0],"6":[0,0,0],"7":[0],"8":[0],"9":[0],"10":[0],"11":[0,0],"12":[0,0],"13":[0,0],"14":[0,0],"15":[0,0],"16":[0,0,0],"17":[0,0],"18":[0,0],"19":[0,0],"20":[0,0],"21":[0,0],"22":[0,0],"23":[0,0],"24":[0,0],"25":[0,0],"26":[0,0],"27":[0,0],"28":[0,0],"29":[0,0],"30":[0,0,0,0],"31":[0,0],"32":[0,0],"33":[0,0],"34":[0,0],"35":[0,0],"36":[0],"37":[0],"38":[0,0],"39":[0,0],"40":[0,0],"41":[0,0],"42":[0,0],"43":[0,0],"44":[0,0]}}
,"/Users/didi/Work/Code/mpx/packages/webpack-plugin/lib/runtime/components/react/mpx-async-suspense.tsx": {"path":"/Users/didi/Work/Code/mpx/packages/webpack-plugin/lib/runtime/components/react/mpx-async-suspense.tsx","statementMap":{"0":{"start":{"line":6,"column":22},"end":{"line":6,"column":31}},"1":{"start":{"line":8,"column":15},"end":{"line":56,"column":2}},"2":{"start":{"line":62,"column":24},"end":{"line":82,"column":1}},"3":{"start":{"line":63,"column":2},"end":{"line":81,"column":3}},"4":{"start":{"line":84,"column":23},"end":{"line":96,"column":1}},"5":{"start":{"line":85,"column":2},"end":{"line":95,"column":3}},"6":{"start":{"line":110,"column":52},"end":{"line":187,"column":1}},"7":{"start":{"line":119,"column":30},"end":{"line":119,"column":66}},"8":{"start":{"line":120,"column":22},"end":{"line":120,"column":49}},"9":{"start":{"line":121,"column":27},"end":{"line":121,"column":66}},"10":{"start":{"line":123,"column":21},"end":{"line":125,"column":8}},"11":{"start":{"line":124,"column":4},"end":{"line":124,"column":24}},"12":{"start":{"line":127,"column":2},"end":{"line":164,"column":14}},"13":{"start":{"line":128,"column":20},"end":{"line":128,"column":25}},"14":{"start":{"line":129,"column":4},"end":{"line":159,"column":5}},"15":{"start":{"line":130,"column":6},"end":{"line":158,"column":7}},"16":{"start":{"line":131,"column":8},"end":{"line":157,"column":12}},"17":{"start":{"line":133,"column":12},"end":{"line":133,"column":33}},"18":{"start":{"line":133,"column":27},"end":{"line":133,"column":33}},"19":{"start":{"line":134,"column":12},"end":{"line":134,"column":44}},"20":{"start":{"line":135,"column":12},"end":{"line":135,"column":31}},"21":{"start":{"line":138,"column":12},"end":{"line":138,"column":33}},"22":{"start":{"line":138,"column":27},"end":{"line":138,"column":33}},"23":{"start":{"line":139,"column":12},"end":{"line":148,"column":13}},"24":{"start":{"line":140,"column":14},"end":{"line":147,"column":16}},"25":{"start":{"line":142,"column":16},"end":{"line":146,"column":18}},"26":{"start":{"line":149,"column":12},"end":{"line":154,"column":13}},"27":{"start":{"line":150,"column":14},"end":{"line":153,"column":16}},"28":{"start":{"line":155,"column":12},"end":{"line":155,"column":43}},"29":{"start":{"line":156,"column":12},"end":{"line":156,"column":30}},"30":{"start":{"line":161,"column":4},"end":{"line":163,"column":5}},"31":{"start":{"line":162,"column":6},"end":{"line":162,"column":22}},"32":{"start":{"line":166,"column":2},"end":{"line":186,"column":3}},"33":{"start":{"line":167,"column":17},"end":{"line":167,"column":44}},"34":{"start":{"line":168,"column":4},"end":{"line":168,"column":42}},"35":{"start":{"line":169,"column":9},"end":{"line":186,"column":3}},"36":{"start":{"line":170,"column":4},"end":{"line":175,"column":5}},"37":{"start":{"line":171,"column":23},"end":{"line":171,"column":68}},"38":{"start":{"line":172,"column":6},"end":{"line":172,"column":101}},"39":{"start":{"line":174,"column":6},"end":{"line":174,"column":74}},"40":{"start":{"line":177,"column":4},"end":{"line":179,"column":5}},"41":{"start":{"line":178,"column":6},"end":{"line":178,"column":46}},"42":{"start":{"line":180,"column":4},"end":{"line":185,"column":5}},"43":{"start":{"line":181,"column":22},"end":{"line":181,"column":64}},"44":{"start":{"line":182,"column":6},"end":{"line":182,"column":35}},"45":{"start":{"line":184,"column":6},"end":{"line":184,"column":74}},"46":{"start":{"line":189,"column":0},"end":{"line":189,"column":46}}},"fnMap":{"0":{"name":"(anonymous_0)","decl":{"start":{"line":62,"column":24},"end":{"line":62,"column":25}},"loc":{"start":{"line":62,"column":64},"end":{"line":82,"column":1}},"line":62},"1":{"name":"(anonymous_1)","decl":{"start":{"line":84,"column":23},"end":{"line":84,"column":24}},"loc":{"start":{"line":84,"column":29},"end":{"line":96,"column":1}},"line":84},"2":{"name":"(anonymous_2)","decl":{"start":{"line":110,"column":52},"end":{"line":110,"column":53}},"loc":{"start":{"line":118,"column":6},"end":{"line":187,"column":1}},"line":118},"3":{"name":"(anonymous_3)","decl":{"start":{"line":123,"column":33},"end":{"line":123,"column":34}},"loc":{"start":{"line":123,"column":39},"end":{"line":125,"column":3}},"line":123},"4":{"name":"(anonymous_4)","decl":{"start":{"line":127,"column":12},"end":{"line":127,"column":13}},"loc":{"start":{"line":127,"column":18},"end":{"line":164,"column":3}},"line":127},"5":{"name":"(anonymous_5)","decl":{"start":{"line":132,"column":24},"end":{"line":132,"column":25}},"loc":{"start":{"line":132,"column":44},"end":{"line":136,"column":11}},"line":132},"6":{"name":"(anonymous_6)","decl":{"start":{"line":137,"column":17},"end":{"line":137,"column":18}},"loc":{"start":{"line":137,"column":24},"end":{"line":157,"column":11}},"line":137},"7":{"name":"(anonymous_7)","decl":{"start":{"line":140,"column":50},"end":{"line":140,"column":51}},"loc":{"start":{"line":140,"column":67},"end":{"line":147,"column":15}},"line":140},"8":{"name":"(anonymous_8)","decl":{"start":{"line":161,"column":11},"end":{"line":161,"column":12}},"loc":{"start":{"line":161,"column":17},"end":{"line":163,"column":5}},"line":161}},"branchMap":{"0":{"loc":{"start":{"line":129,"column":4},"end":{"line":159,"column":5}},"type":"if","locations":[{"start":{"line":129,"column":4},"end":{"line":159,"column":5}},{"start":{},"end":{}}],"line":129},"1":{"loc":{"start":{"line":129,"column":8},"end":{"line":129,"column":44}},"type":"binary-expr","locations":[{"start":{"line":129,"column":8},"end":{"line":129,"column":20}},{"start":{"line":129,"column":24},"end":{"line":129,"column":44}}],"line":129},"2":{"loc":{"start":{"line":130,"column":6},"end":{"line":158,"column":7}},"type":"if","locations":[{"start":{"line":130,"column":6},"end":{"line":158,"column":7}},{"start":{},"end":{}}],"line":130},"3":{"loc":{"start":{"line":133,"column":12},"end":{"line":133,"column":33}},"type":"if","locations":[{"start":{"line":133,"column":12},"end":{"line":133,"column":33}},{"start":{},"end":{}}],"line":133},"4":{"loc":{"start":{"line":138,"column":12},"end":{"line":138,"column":33}},"type":"if","locations":[{"start":{"line":138,"column":12},"end":{"line":138,"column":33}},{"start":{},"end":{}}],"line":138},"5":{"loc":{"start":{"line":139,"column":12},"end":{"line":148,"column":13}},"type":"if","locations":[{"start":{"line":139,"column":12},"end":{"line":148,"column":13}},{"start":{},"end":{}}],"line":139},"6":{"loc":{"start":{"line":149,"column":12},"end":{"line":154,"column":13}},"type":"if","locations":[{"start":{"line":149,"column":12},"end":{"line":154,"column":13}},{"start":{},"end":{}}],"line":149},"7":{"loc":{"start":{"line":149,"column":16},"end":{"line":149,"column":110}},"type":"binary-expr","locations":[{"start":{"line":149,"column":16},"end":{"line":149,"column":31}},{"start":{"line":149,"column":35},"end":{"line":149,"column":110}}],"line":149},"8":{"loc":{"start":{"line":166,"column":2},"end":{"line":186,"column":3}},"type":"if","locations":[{"start":{"line":166,"column":2},"end":{"line":186,"column":3}},{"start":{"line":169,"column":9},"end":{"line":186,"column":3}}],"line":166},"9":{"loc":{"start":{"line":169,"column":9},"end":{"line":186,"column":3}},"type":"if","locations":[{"start":{"line":169,"column":9},"end":{"line":186,"column":3}},{"start":{"line":176,"column":9},"end":{"line":186,"column":3}}],"line":169},"10":{"loc":{"start":{"line":170,"column":4},"end":{"line":175,"column":5}},"type":"if","locations":[{"start":{"line":170,"column":4},"end":{"line":175,"column":5}},{"start":{"line":173,"column":11},"end":{"line":175,"column":5}}],"line":170},"11":{"loc":{"start":{"line":171,"column":23},"end":{"line":171,"column":68}},"type":"cond-expr","locations":[{"start":{"line":171,"column":37},"end":{"line":171,"column":50}},{"start":{"line":171,"column":53},"end":{"line":171,"column":68}}],"line":171},"12":{"loc":{"start":{"line":174,"column":13},"end":{"line":174,"column":74}},"type":"cond-expr","locations":[{"start":{"line":174,"column":27},"end":{"line":174,"column":67}},{"start":{"line":174,"column":70},"end":{"line":174,"column":74}}],"line":174},"13":{"loc":{"start":{"line":177,"column":4},"end":{"line":179,"column":5}},"type":"if","locations":[{"start":{"line":177,"column":4},"end":{"line":179,"column":5}},{"start":{},"end":{}}],"line":177},"14":{"loc":{"start":{"line":180,"column":4},"end":{"line":185,"column":5}},"type":"if","locations":[{"start":{"line":180,"column":4},"end":{"line":185,"column":5}},{"start":{"line":183,"column":11},"end":{"line":185,"column":5}}],"line":180},"15":{"loc":{"start":{"line":181,"column":22},"end":{"line":181,"column":64}},"type":"cond-expr","locations":[{"start":{"line":181,"column":35},"end":{"line":181,"column":47}},{"start":{"line":181,"column":50},"end":{"line":181,"column":64}}],"line":181},"16":{"loc":{"start":{"line":184,"column":13},"end":{"line":184,"column":74}},"type":"cond-expr","locations":[{"start":{"line":184,"column":27},"end":{"line":184,"column":67}},{"start":{"line":184,"column":70},"end":{"line":184,"column":74}}],"line":184}},"s":{"0":0,"1":0,"2":0,"3":0,"4":0,"5":0,"6":0,"7":0,"8":0,"9":0,"10":0,"11":0,"12":0,"13":0,"14":0,"15":0,"16":0,"17":0,"18":0,"19":0,"20":0,"21":0,"22":0,"23":0,"24":0,"25":0,"26":0,"27":0,"28":0,"29":0,"30":0,"31":0,"32":0,"33":0,"34":0,"35":0,"36":0,"37":0,"38":0,"39":0,"40":0,"41":0,"42":0,"43":0,"44":0,"45":0,"46":0},"f":{"0":0,"1":0,"2":0,"3":0,"4":0,"5":0,"6":0,"7":0,"8":0},"b":{"0":[0,0],"1":[0,0],"2":[0,0],"3":[0,0],"4":[0,0],"5":[0,0],"6":[0,0],"7":[0,0],"8":[0,0],"9":[0,0],"10":[0,0],"11":[0,0],"12":[0,0],"13":[0,0],"14":[0,0],"15":[0,0],"16":[0,0]}}
,"/Users/didi/Work/Code/mpx/packages/webpack-plugin/lib/runtime/components/react/mpx-button.tsx": {"path":"/Users/didi/Work/Code/mpx/packages/webpack-plugin/lib/runtime/components/react/mpx-button.tsx","statementMap":{"0":{"start":{"line":93,"column":2},"end":{"line":93,"column":2806}},"1":{"start":{"line":95,"column":46},"end":{"line":99,"column":1}},"2":{"start":{"line":101,"column":26},"end":{"line":104,"column":2}},"3":{"start":{"line":106,"column":15},"end":{"line":131,"column":2}},"4":{"start":{"line":133,"column":25},"end":{"line":152,"column":1}},"5":{"start":{"line":134,"column":2},"end":{"line":134,"column":23}},"6":{"start":{"line":134,"column":17},"end":{"line":134,"column":23}},"7":{"start":{"line":135,"column":2},"end":{"line":138,"column":3}},"8":{"start":{"line":136,"column":4},"end":{"line":136,"column":37}},"9":{"start":{"line":137,"column":4},"end":{"line":137,"column":10}},"10":{"start":{"line":139,"column":20},"end":{"line":139,"column":51}},"11":{"start":{"line":140,"column":2},"end":{"line":143,"column":3}},"12":{"start":{"line":141,"column":4},"end":{"line":141,"column":45}},"13":{"start":{"line":142,"column":4},"end":{"line":142,"column":10}},"14":{"start":{"line":145,"column":16},"end":{"line":145,"column":73}},"15":{"start":{"line":146,"column":2},"end":{"line":149,"column":3}},"16":{"start":{"line":147,"column":4},"end":{"line":147,"column":43}},"17":{"start":{"line":148,"column":4},"end":{"line":148,"column":10}},"18":{"start":{"line":151,"column":2},"end":{"line":151,"column":14}},"19":{"start":{"line":154,"column":14},"end":{"line":158,"column":2}},"20":{"start":{"line":154,"column":42},"end":{"line":158,"column":2}},"21":{"start":{"line":155,"column":2},"end":{"line":157,"column":10}},"22":{"start":{"line":156,"column":4},"end":{"line":156,"column":17}},"23":{"start":{"line":160,"column":16},"end":{"line":196,"column":1}},"24":{"start":{"line":161,"column":16},"end":{"line":161,"column":35}},"25":{"start":{"line":163,"column":17},"end":{"line":166,"column":4}},"26":{"start":{"line":168,"column":2},"end":{"line":184,"column":8}},"27":{"start":{"line":169,"column":22},"end":{"line":177,"column":5}},"28":{"start":{"line":179,"column":4},"end":{"line":179,"column":21}},"29":{"start":{"line":181,"column":4},"end":{"line":183,"column":5}},"30":{"start":{"line":182,"column":6},"end":{"line":182,"column":22}},"31":{"start":{"line":186,"column":23},"end":{"line":193,"column":3}},"32":{"start":{"line":195,"column":2},"end":{"line":195,"column":101}},"33":{"start":{"line":198,"column":15},"end":{"line":427,"column":2}},"34":{"start":{"line":199,"column":48},"end":{"line":199,"column":71}},"35":{"start":{"line":222,"column":6},"end":{"line":222,"column":11}},"36":{"start":{"line":224,"column":21},"end":{"line":224,"column":51}},"37":{"start":{"line":226,"column":22},"end":{"line":226,"column":45}},"38":{"start":{"line":228,"column":22},"end":{"line":228,"column":43}},"39":{"start":{"line":229,"column":31},"end":{"line":229,"column":97}},"40":{"start":{"line":234,"column":2},"end":{"line":237,"column":3}},"41":{"start":{"line":235,"column":4},"end":{"line":235,"column":33}},"42":{"start":{"line":236,"column":4},"end":{"line":236,"column":31}},"43":{"start":{"line":239,"column":21},"end":{"line":239,"column":36}},"44":{"start":{"line":241,"column":57},"end":{"line":241,"column":75}},"45":{"start":{"line":243,"column":32},"end":{"line":243,"column":98}},"46":{"start":{"line":245,"column":27},"end":{"line":249,"column":28}},"47":{"start":{"line":251,"column":28},"end":{"line":251,"column":92}},"48":{"start":{"line":253,"column":25},"end":{"line":257,"column":28}},"49":{"start":{"line":260,"column":4},"end":{"line":262,"column":75}},"50":{"start":{"line":264,"column":20},"end":{"line":269,"column":3}},"51":{"start":{"line":271,"column":27},"end":{"line":276,"column":3}},"52":{"start":{"line":278,"column":27},"end":{"line":283,"column":3}},"53":{"start":{"line":285,"column":23},"end":{"line":285,"column":75}},"54":{"start":{"line":287,"column":19},"end":{"line":292,"column":3}},"55":{"start":{"line":302,"column":6},"end":{"line":302,"column":111}},"56":{"start":{"line":304,"column":18},"end":{"line":304,"column":30}},"57":{"start":{"line":306,"column":2},"end":{"line":306,"column":58}},"58":{"start":{"line":308,"column":50},"end":{"line":308,"column":116}},"59":{"start":{"line":310,"column":58},"end":{"line":310,"column":81}},"60":{"start":{"line":312,"column":2},"end":{"line":314,"column":3}},"61":{"start":{"line":313,"column":4},"end":{"line":313,"column":68}},"62":{"start":{"line":316,"column":30},"end":{"line":359,"column":3}},"63":{"start":{"line":317,"column":24},"end":{"line":317,"column":50}},"64":{"start":{"line":318,"column":4},"end":{"line":318,"column":28}},"65":{"start":{"line":318,"column":22},"end":{"line":318,"column":28}},"66":{"start":{"line":320,"column":4},"end":{"line":349,"column":5}},"67":{"start":{"line":321,"column":26},"end":{"line":321,"column":48}},"68":{"start":{"line":322,"column":20},"end":{"line":326,"column":7}},"69":{"start":{"line":327,"column":6},"end":{"line":348,"column":7}},"70":{"start":{"line":328,"column":31},"end":{"line":331,"column":9}},"71":{"start":{"line":332,"column":8},"end":{"line":344,"column":9}},"72":{"start":{"line":333,"column":42},"end":{"line":333,"column":84}},"73":{"start":{"line":334,"column":10},"end":{"line":341,"column":11}},"74":{"start":{"line":335,"column":12},"end":{"line":338,"column":16}},"75":{"start":{"line":337,"column":16},"end":{"line":337,"column":67}},"76":{"start":{"line":340,"column":12},"end":{"line":340,"column":67}},"77":{"start":{"line":343,"column":10},"end":{"line":343,"column":37}},"78":{"start":{"line":346,"column":8},"end":{"line":346,"column":38}},"79":{"start":{"line":351,"column":4},"end":{"line":358,"column":5}},"80":{"start":{"line":352,"column":6},"end":{"line":357,"column":10}},"81":{"start":{"line":354,"column":10},"end":{"line":356,"column":11}},"82":{"start":{"line":355,"column":12},"end":{"line":355,"column":37}},"83":{"start":{"line":361,"column":27},"end":{"line":367,"column":3}},"84":{"start":{"line":362,"column":4},"end":{"line":366,"column":5}},"85":{"start":{"line":363,"column":6},"end":{"line":363,"column":28}},"86":{"start":{"line":364,"column":11},"end":{"line":366,"column":5}},"87":{"start":{"line":365,"column":6},"end":{"line":365,"column":26}},"88":{"start":{"line":369,"column":16},"end":{"line":374,"column":3}},"89":{"start":{"line":370,"column":4},"end":{"line":370,"column":24}},"90":{"start":{"line":370,"column":18},"end":{"line":370,"column":24}},"91":{"start":{"line":371,"column":4},"end":{"line":371,"column":72}},"92":{"start":{"line":372,"column":4},"end":{"line":372,"column":28}},"93":{"start":{"line":373,"column":4},"end":{"line":373,"column":22}},"94":{"start":{"line":376,"column":21},"end":{"line":404,"column":3}},"95":{"start":{"line":406,"column":21},"end":{"line":416,"column":3}},"96":{"start":{"line":418,"column":25},"end":{"line":420,"column":16}},"97":{"start":{"line":422,"column":2},"end":{"line":424,"column":3}},"98":{"start":{"line":423,"column":4},"end":{"line":423,"column":54}},"99":{"start":{"line":426,"column":2},"end":{"line":426,"column":23}},"100":{"start":{"line":429,"column":0},"end":{"line":429,"column":32}}},"fnMap":{"0":{"name":"(anonymous_0)","decl":{"start":{"line":133,"column":25},"end":{"line":133,"column":26}},"loc":{"start":{"line":133,"column":50},"end":{"line":152,"column":1}},"line":133},"1":{"name":"(anonymous_1)","decl":{"start":{"line":154,"column":14},"end":{"line":154,"column":15}},"loc":{"start":{"line":154,"column":42},"end":{"line":158,"column":2}},"line":154},"2":{"name":"(anonymous_2)","decl":{"start":{"line":154,"column":54},"end":{"line":154,"column":55}},"loc":{"start":{"line":154,"column":67},"end":{"line":158,"column":1}},"line":154},"3":{"name":"(anonymous_3)","decl":{"start":{"line":155,"column":13},"end":{"line":155,"column":14}},"loc":{"start":{"line":155,"column":19},"end":{"line":157,"column":3}},"line":155},"4":{"name":"(anonymous_4)","decl":{"start":{"line":160,"column":16},"end":{"line":160,"column":17}},"loc":{"start":{"line":160,"column":72},"end":{"line":196,"column":1}},"line":160},"5":{"name":"(anonymous_5)","decl":{"start":{"line":168,"column":12},"end":{"line":168,"column":13}},"loc":{"start":{"line":168,"column":18},"end":{"line":184,"column":3}},"line":168},"6":{"name":"(anonymous_6)","decl":{"start":{"line":181,"column":11},"end":{"line":181,"column":12}},"loc":{"start":{"line":181,"column":17},"end":{"line":183,"column":5}},"line":181},"7":{"name":"(anonymous_7)","decl":{"start":{"line":198,"column":70},"end":{"line":198,"column":71}},"loc":{"start":{"line":198,"column":105},"end":{"line":427,"column":1}},"line":198},"8":{"name":"(anonymous_8)","decl":{"start":{"line":316,"column":30},"end":{"line":316,"column":31}},"loc":{"start":{"line":316,"column":73},"end":{"line":359,"column":3}},"line":316},"9":{"name":"(anonymous_9)","decl":{"start":{"line":336,"column":20},"end":{"line":336,"column":21}},"loc":{"start":{"line":336,"column":29},"end":{"line":338,"column":15}},"line":336},"10":{"name":"(anonymous_10)","decl":{"start":{"line":353,"column":14},"end":{"line":353,"column":15}},"loc":{"start":{"line":353,"column":28},"end":{"line":357,"column":9}},"line":353},"11":{"name":"(anonymous_11)","decl":{"start":{"line":361,"column":27},"end":{"line":361,"column":28}},"loc":{"start":{"line":361,"column":33},"end":{"line":367,"column":3}},"line":361},"12":{"name":"(anonymous_12)","decl":{"start":{"line":369,"column":16},"end":{"line":369,"column":17}},"loc":{"start":{"line":369,"column":59},"end":{"line":374,"column":3}},"line":369}},"branchMap":{"0":{"loc":{"start":{"line":134,"column":2},"end":{"line":134,"column":23}},"type":"if","locations":[{"start":{"line":134,"column":2},"end":{"line":134,"column":23}},{"start":{},"end":{}}],"line":134},"1":{"loc":{"start":{"line":135,"column":2},"end":{"line":138,"column":3}},"type":"if","locations":[{"start":{"line":135,"column":2},"end":{"line":138,"column":3}},{"start":{},"end":{}}],"line":135},"2":{"loc":{"start":{"line":140,"column":2},"end":{"line":143,"column":3}},"type":"if","locations":[{"start":{"line":140,"column":2},"end":{"line":143,"column":3}},{"start":{},"end":{}}],"line":140},"3":{"loc":{"start":{"line":146,"column":2},"end":{"line":149,"column":3}},"type":"if","locations":[{"start":{"line":146,"column":2},"end":{"line":149,"column":3}},{"start":{},"end":{}}],"line":146},"4":{"loc":{"start":{"line":154,"column":26},"end":{"line":154,"column":37}},"type":"default-arg","locations":[{"start":{"line":154,"column":33},"end":{"line":154,"column":37}}],"line":154},"5":{"loc":{"start":{"line":160,"column":19},"end":{"line":160,"column":32}},"type":"default-arg","locations":[{"start":{"line":160,"column":27},"end":{"line":160,"column":32}}],"line":160},"6":{"loc":{"start":{"line":191,"column":19},"end":{"line":191,"column":32}},"type":"cond-expr","locations":[{"start":{"line":191,"column":27},"end":{"line":191,"column":28}},{"start":{"line":191,"column":31},"end":{"line":191,"column":32}}],"line":191},"7":{"loc":{"start":{"line":199,"column":33},"end":{"line":199,"column":43}},"type":"default-arg","locations":[{"start":{"line":199,"column":41},"end":{"line":199,"column":43}}],"line":199},"8":{"loc":{"start":{"line":202,"column":4},"end":{"line":202,"column":20}},"type":"default-arg","locations":[{"start":{"line":202,"column":11},"end":{"line":202,"column":20}}],"line":202},"9":{"loc":{"start":{"line":203,"column":4},"end":{"line":203,"column":20}},"type":"default-arg","locations":[{"start":{"line":203,"column":11},"end":{"line":203,"column":20}}],"line":203},"10":{"loc":{"start":{"line":204,"column":4},"end":{"line":204,"column":17}},"type":"default-arg","locations":[{"start":{"line":204,"column":12},"end":{"line":204,"column":17}}],"line":204},"11":{"loc":{"start":{"line":205,"column":4},"end":{"line":205,"column":20}},"type":"default-arg","locations":[{"start":{"line":205,"column":15},"end":{"line":205,"column":20}}],"line":205},"12":{"loc":{"start":{"line":206,"column":4},"end":{"line":206,"column":19}},"type":"default-arg","locations":[{"start":{"line":206,"column":14},"end":{"line":206,"column":19}}],"line":206},"13":{"loc":{"start":{"line":208,"column":19},"end":{"line":208,"column":34}},"type":"default-arg","locations":[{"start":{"line":208,"column":32},"end":{"line":208,"column":34}}],"line":208},"14":{"loc":{"start":{"line":209,"column":24},"end":{"line":209,"column":43}},"type":"default-arg","locations":[{"start":{"line":209,"column":41},"end":{"line":209,"column":43}}],"line":209},"15":{"loc":{"start":{"line":210,"column":23},"end":{"line":210,"column":41}},"type":"default-arg","locations":[{"start":{"line":210,"column":39},"end":{"line":210,"column":41}}],"line":210},"16":{"loc":{"start":{"line":218,"column":4},"end":{"line":218,"column":14}},"type":"default-arg","locations":[{"start":{"line":218,"column":12},"end":{"line":218,"column":14}}],"line":218},"17":{"loc":{"start":{"line":224,"column":21},"end":{"line":224,"column":51}},"type":"binary-expr","locations":[{"start":{"line":224,"column":21},"end":{"line":224,"column":45}},{"start":{"line":224,"column":49},"end":{"line":224,"column":51}}],"line":224},"18":{"loc":{"start":{"line":234,"column":2},"end":{"line":237,"column":3}},"type":"if","locations":[{"start":{"line":234,"column":2},"end":{"line":237,"column":3}},{"start":{},"end":{}}],"line":234},"19":{"loc":{"start":{"line":243,"column":32},"end":{"line":243,"column":98}},"type":"cond-expr","locations":[{"start":{"line":243,"column":43},"end":{"line":243,"column":56}},{"start":{"line":243,"column":59},"end":{"line":243,"column":98}}],"line":243},"20":{"loc":{"start":{"line":243,"column":59},"end":{"line":243,"column":98}},"type":"cond-expr","locations":[{"start":{"line":243,"column":80},"end":{"line":243,"column":90}},{"start":{"line":243,"column":93},"end":{"line":243,"column":98}}],"line":243},"21":{"loc":{"start":{"line":243,"column":59},"end":{"line":243,"column":77}},"type":"binary-expr","locations":[{"start":{"line":243,"column":59},"end":{"line":243,"column":66}},{"start":{"line":243,"column":70},"end":{"line":243,"column":77}}],"line":243},"22":{"loc":{"start":{"line":245,"column":27},"end":{"line":249,"column":28}},"type":"cond-expr","locations":[{"start":{"line":246,"column":6},"end":{"line":246,"column":25}},{"start":{"line":247,"column":6},"end":{"line":249,"column":28}}],"line":245},"23":{"loc":{"start":{"line":247,"column":6},"end":{"line":249,"column":28}},"type":"cond-expr","locations":[{"start":{"line":248,"column":8},"end":{"line":248,"column":32}},{"start":{"line":249,"column":8},"end":{"line":249,"column":28}}],"line":247},"24":{"loc":{"start":{"line":251,"column":28},"end":{"line":251,"column":92}},"type":"cond-expr","locations":[{"start":{"line":251,"column":49},"end":{"line":251,"column":68}},{"start":{"line":251,"column":71},"end":{"line":251,"column":92}}],"line":251},"25":{"loc":{"start":{"line":253,"column":25},"end":{"line":257,"column":28}},"type":"cond-expr","locations":[{"start":{"line":254,"column":6},"end":{"line":254,"column":25}},{"start":{"line":255,"column":6},"end":{"line":257,"column":28}}],"line":253},"26":{"loc":{"start":{"line":255,"column":6},"end":{"line":257,"column":28}},"type":"cond-expr","locations":[{"start":{"line":256,"column":8},"end":{"line":256,"column":33}},{"start":{"line":257,"column":8},"end":{"line":257,"column":28}}],"line":255},"27":{"loc":{"start":{"line":260,"column":4},"end":{"line":262,"column":75}},"type":"cond-expr","locations":[{"start":{"line":261,"column":8},"end":{"line":261,"column":73}},{"start":{"line":262,"column":8},"end":{"line":262,"column":75}}],"line":260},"28":{"loc":{"start":{"line":261,"column":25},"end":{"line":261,"column":70}},"type":"cond-expr","locations":[{"start":{"line":261,"column":36},"end":{"line":261,"column":39}},{"start":{"line":261,"column":42},"end":{"line":261,"column":70}}],"line":261},"29":{"loc":{"start":{"line":261,"column":42},"end":{"line":261,"column":70}},"type":"cond-expr","locations":[{"start":{"line":261,"column":63},"end":{"line":261,"column":66}},{"start":{"line":261,"column":69},"end":{"line":261,"column":70}}],"line":261},"30":{"loc":{"start":{"line":261,"column":42},"end":{"line":261,"column":60}},"type":"binary-expr","locations":[{"start":{"line":261,"column":42},"end":{"line":261,"column":49}},{"start":{"line":261,"column":53},"end":{"line":261,"column":60}}],"line":261},"31":{"loc":{"start":{"line":262,"column":32},"end":{"line":262,"column":72}},"type":"cond-expr","locations":[{"start":{"line":262,"column":65},"end":{"line":262,"column":68}},{"start":{"line":262,"column":71},"end":{"line":262,"column":72}}],"line":262},"32":{"loc":{"start":{"line":262,"column":32},"end":{"line":262,"column":62}},"type":"binary-expr","locations":[{"start":{"line":262,"column":32},"end":{"line":262,"column":40}},{"start":{"line":262,"column":44},"end":{"line":262,"column":51}},{"start":{"line":262,"column":55},"end":{"line":262,"column":62}}],"line":262},"33":{"loc":{"start":{"line":267,"column":17},"end":{"line":267,"column":61}},"type":"cond-expr","locations":[{"start":{"line":267,"column":25},"end":{"line":267,"column":41}},{"start":{"line":267,"column":44},"end":{"line":267,"column":61}}],"line":267},"34":{"loc":{"start":{"line":268,"column":21},"end":{"line":268,"column":66}},"type":"cond-expr","locations":[{"start":{"line":268,"column":29},"end":{"line":268,"column":42}},{"start":{"line":268,"column":45},"end":{"line":268,"column":66}}],"line":268},"35":{"loc":{"start":{"line":274,"column":4},"end":{"line":274,"column":41}},"type":"cond-expr","locations":[{"start":{"line":274,"column":17},"end":{"line":274,"column":34}},{"start":{"line":274,"column":37},"end":{"line":274,"column":41}}],"line":274},"36":{"loc":{"start":{"line":281,"column":4},"end":{"line":281,"column":37}},"type":"cond-expr","locations":[{"start":{"line":281,"column":17},"end":{"line":281,"column":32}},{"start":{"line":281,"column":35},"end":{"line":281,"column":37}}],"line":281},"37":{"loc":{"start":{"line":282,"column":13},"end":{"line":282,"column":53}},"type":"cond-expr","locations":[{"start":{"line":282,"column":21},"end":{"line":282,"column":35}},{"start":{"line":282,"column":38},"end":{"line":282,"column":53}}],"line":282},"38":{"loc":{"start":{"line":291,"column":4},"end":{"line":291,"column":29}},"type":"cond-expr","locations":[{"start":{"line":291,"column":14},"end":{"line":291,"column":24}},{"start":{"line":291,"column":27},"end":{"line":291,"column":29}}],"line":291},"39":{"loc":{"start":{"line":310,"column":38},"end":{"line":310,"column":53}},"type":"default-arg","locations":[{"start":{"line":310,"column":51},"end":{"line":310,"column":53}}],"line":310},"40":{"loc":{"start":{"line":312,"column":2},"end":{"line":314,"column":3}},"type":"if","locations":[{"start":{"line":312,"column":2},"end":{"line":314,"column":3}},{"start":{},"end":{}}],"line":312},"41":{"loc":{"start":{"line":318,"column":4},"end":{"line":318,"column":28}},"type":"if","locations":[{"start":{"line":318,"column":4},"end":{"line":318,"column":28}},{"start":{},"end":{}}],"line":318},"42":{"loc":{"start":{"line":320,"column":4},"end":{"line":349,"column":5}},"type":"if","locations":[{"start":{"line":320,"column":4},"end":{"line":349,"column":5}},{"start":{},"end":{}}],"line":320},"43":{"loc":{"start":{"line":327,"column":6},"end":{"line":348,"column":7}},"type":"if","locations":[{"start":{"line":327,"column":6},"end":{"line":348,"column":7}},{"start":{"line":345,"column":13},"end":{"line":348,"column":7}}],"line":327},"44":{"loc":{"start":{"line":329,"column":17},"end":{"line":329,"column":77}},"type":"binary-expr","locations":[{"start":{"line":329,"column":17},"end":{"line":329,"column":57}},{"start":{"line":329,"column":61},"end":{"line":329,"column":77}}],"line":329},"45":{"loc":{"start":{"line":330,"column":16},"end":{"line":330,"column":39}},"type":"binary-expr","locations":[{"start":{"line":330,"column":16},"end":{"line":330,"column":33}},{"start":{"line":330,"column":37},"end":{"line":330,"column":39}}],"line":330},"46":{"loc":{"start":{"line":332,"column":8},"end":{"line":344,"column":9}},"type":"if","locations":[{"start":{"line":332,"column":8},"end":{"line":344,"column":9}},{"start":{"line":342,"column":15},"end":{"line":344,"column":9}}],"line":332},"47":{"loc":{"start":{"line":333,"column":42},"end":{"line":333,"column":84}},"type":"binary-expr","locations":[{"start":{"line":333,"column":42},"end":{"line":333,"column":78}},{"start":{"line":333,"column":82},"end":{"line":333,"column":84}}],"line":333},"48":{"loc":{"start":{"line":334,"column":10},"end":{"line":341,"column":11}},"type":"if","locations":[{"start":{"line":334,"column":10},"end":{"line":341,"column":11}},{"start":{"line":339,"column":17},"end":{"line":341,"column":11}}],"line":334},"49":{"loc":{"start":{"line":351,"column":4},"end":{"line":358,"column":5}},"type":"if","locations":[{"start":{"line":351,"column":4},"end":{"line":358,"column":5}},{"start":{},"end":{}}],"line":351},"50":{"loc":{"start":{"line":351,"column":8},"end":{"line":351,"column":53}},"type":"binary-expr","locations":[{"start":{"line":351,"column":8},"end":{"line":351,"column":34}},{"start":{"line":351,"column":38},"end":{"line":351,"column":53}}],"line":351},"51":{"loc":{"start":{"line":354,"column":10},"end":{"line":356,"column":11}},"type":"if","locations":[{"start":{"line":354,"column":10},"end":{"line":356,"column":11}},{"start":{},"end":{}}],"line":354},"52":{"loc":{"start":{"line":362,"column":4},"end":{"line":366,"column":5}},"type":"if","locations":[{"start":{"line":362,"column":4},"end":{"line":366,"column":5}},{"start":{"line":364,"column":11},"end":{"line":366,"column":5}}],"line":362},"53":{"loc":{"start":{"line":363,"column":6},"end":{"line":363,"column":28}},"type":"binary-expr","locations":[{"start":{"line":363,"column":6},"end":{"line":363,"column":14}},{"start":{"line":363,"column":18},"end":{"line":363,"column":28}}],"line":363},"54":{"loc":{"start":{"line":364,"column":11},"end":{"line":366,"column":5}},"type":"if","locations":[{"start":{"line":364,"column":11},"end":{"line":366,"column":5}},{"start":{},"end":{}}],"line":364},"55":{"loc":{"start":{"line":365,"column":6},"end":{"line":365,"column":26}},"type":"binary-expr","locations":[{"start":{"line":365,"column":6},"end":{"line":365,"column":13}},{"start":{"line":365,"column":17},"end":{"line":365,"column":26}}],"line":365},"56":{"loc":{"start":{"line":370,"column":4},"end":{"line":370,"column":24}},"type":"if","locations":[{"start":{"line":370,"column":4},"end":{"line":370,"column":24}},{"start":{},"end":{}}],"line":370},"57":{"loc":{"start":{"line":371,"column":4},"end":{"line":371,"column":72}},"type":"binary-expr","locations":[{"start":{"line":371,"column":4},"end":{"line":371,"column":11}},{"start":{"line":371,"column":15},"end":{"line":371,"column":72}}],"line":371},"58":{"loc":{"start":{"line":384,"column":17},"end":{"line":384,"column":35}},"type":"binary-expr","locations":[{"start":{"line":384,"column":17},"end":{"line":384,"column":26}},{"start":{"line":384,"column":30},"end":{"line":384,"column":35}}],"line":384},"59":{"loc":{"start":{"line":406,"column":53},"end":{"line":406,"column":108}},"type":"binary-expr","locations":[{"start":{"line":406,"column":53},"end":{"line":406,"column":60}},{"start":{"line":406,"column":64},"end":{"line":406,"column":108}}],"line":406},"60":{"loc":{"start":{"line":418,"column":25},"end":{"line":420,"column":16}},"type":"cond-expr","locations":[{"start":{"line":419,"column":6},"end":{"line":419,"column":84}},{"start":{"line":420,"column":6},"end":{"line":420,"column":16}}],"line":418},"61":{"loc":{"start":{"line":422,"column":2},"end":{"line":424,"column":3}},"type":"if","locations":[{"start":{"line":422,"column":2},"end":{"line":424,"column":3}},{"start":{},"end":{}}],"line":422}},"s":{"0":0,"1":0,"2":0,"3":0,"4":0,"5":0,"6":0,"7":0,"8":0,"9":0,"10":0,"11":0,"12":0,"13":0,"14":0,"15":0,"16":0,"17":0,"18":0,"19":0,"20":0,"21":0,"22":0,"23":0,"24":0,"25":0,"26":0,"27":0,"28":0,"29":0,"30":0,"31":0,"32":0,"33":0,"34":0,"35":0,"36":0,"37":0,"38":0,"39":0,"40":0,"41":0,"42":0,"43":0,"44":0,"45":0,"46":0,"47":0,"48":0,"49":0,"50":0,"51":0,"52":0,"53":0,"54":0,"55":0,"56":0,"57":0,"58":0,"59":0,"60":0,"61":0,"62":0,"63":0,"64":0,"65":0,"66":0,"67":0,"68":0,"69":0,"70":0,"71":0,"72":0,"73":0,"74":0,"75":0,"76":0,"77":0,"78":0,"79":0,"80":0,"81":0,"82":0,"83":0,"84":0,"85":0,"86":0,"87":0,"88":0,"89":0,"90":0,"91":0,"92":0,"93":0,"94":0,"95":0,"96":0,"97":0,"98":0,"99":0,"100":0},"f":{"0":0,"1":0,"2":0,"3":0,"4":0,"5":0,"6":0,"7":0,"8":0,"9":0,"10":0,"11":0,"12":0},"b":{"0":[0,0],"1":[0,0],"2":[0,0],"3":[0,0],"4":[0],"5":[0],"6":[0,0],"7":[0],"8":[0],"9":[0],"10":[0],"11":[0],"12":[0],"13":[0],"14":[0],"15":[0],"16":[0],"17":[0,0],"18":[0,0],"19":[0,0],"20":[0,0],"21":[0,0],"22":[0,0],"23":[0,0],"24":[0,0],"25":[0,0],"26":[0,0],"27":[0,0],"28":[0,0],"29":[0,0],"30":[0,0],"31":[0,0],"32":[0,0,0],"33":[0,0],"34":[0,0],"35":[0,0],"36":[0,0],"37":[0,0],"38":[0,0],"39":[0],"40":[0,0],"41":[0,0],"42":[0,0],"43":[0,0],"44":[0,0],"45":[0,0],"46":[0,0],"47":[0,0],"48":[0,0],"49":[0,0],"50":[0,0],"51":[0,0],"52":[0,0],"53":[0,0],"54":[0,0],"55":[0,0],"56":[0,0],"57":[0,0],"58":[0,0],"59":[0,0],"60":[0,0],"61":[0,0]}}
,"/Users/didi/Work/Code/mpx/packages/webpack-plugin/lib/runtime/components/react/mpx-checkbox-group.tsx": {"path":"/Users/didi/Work/Code/mpx/packages/webpack-plugin/lib/runtime/components/react/mpx-checkbox-group.tsx","statementMap":{"0":{"start":{"line":39,"column":22},"end":{"line":185,"column":2}},"1":{"start":{"line":43,"column":19},"end":{"line":43,"column":51}},"2":{"start":{"line":44,"column":2},"end":{"line":44,"column":26}},"3":{"start":{"line":52,"column":6},"end":{"line":52,"column":11}},"4":{"start":{"line":54,"column":22},"end":{"line":54,"column":45}},"5":{"start":{"line":58,"column":2},"end":{"line":60,"column":3}},"6":{"start":{"line":59,"column":4},"end":{"line":59,"column":45}},"7":{"start":{"line":62,"column":33},"end":{"line":62,"column":51}},"8":{"start":{"line":64,"column":23},"end":{"line":67,"column":3}},"9":{"start":{"line":69,"column":19},"end":{"line":69,"column":56}},"10":{"start":{"line":79,"column":6},"end":{"line":79,"column":111}},"11":{"start":{"line":81,"column":18},"end":{"line":81,"column":30}},"12":{"start":{"line":83,"column":2},"end":{"line":83,"column":58}},"13":{"start":{"line":85,"column":50},"end":{"line":85,"column":116}},"14":{"start":{"line":87,"column":19},"end":{"line":95,"column":3}},"15":{"start":{"line":88,"column":26},"end":{"line":88,"column":28}},"16":{"start":{"line":89,"column":4},"end":{"line":93,"column":5}},"17":{"start":{"line":90,"column":6},"end":{"line":92,"column":7}},"18":{"start":{"line":91,"column":8},"end":{"line":91,"column":21}},"19":{"start":{"line":94,"column":4},"end":{"line":94,"column":14}},"20":{"start":{"line":97,"column":21},"end":{"line":102,"column":3}},"21":{"start":{"line":98,"column":4},"end":{"line":101,"column":6}},"22":{"start":{"line":99,"column":6},"end":{"line":99,"column":37}},"23":{"start":{"line":100,"column":6},"end":{"line":100,"column":37}},"24":{"start":{"line":104,"column":2},"end":{"line":110,"column":3}},"25":{"start":{"line":105,"column":4},"end":{"line":109,"column":5}},"26":{"start":{"line":106,"column":6},"end":{"line":106,"column":74}},"27":{"start":{"line":108,"column":6},"end":{"line":108,"column":61}},"28":{"start":{"line":112,"column":2},"end":{"line":118,"column":8}},"29":{"start":{"line":113,"column":4},"end":{"line":117,"column":5}},"30":{"start":{"line":114,"column":6},"end":{"line":116,"column":7}},"31":{"start":{"line":115,"column":8},"end":{"line":115,"column":40}},"32":{"start":{"line":120,"column":21},"end":{"line":136,"column":3}},"33":{"start":{"line":138,"column":23},"end":{"line":162,"column":8}},"34":{"start":{"line":139,"column":25},"end":{"line":157,"column":5}},"35":{"start":{"line":142,"column":29},"end":{"line":142,"column":45}},"36":{"start":{"line":143,"column":6},"end":{"line":156,"column":9}},"37":{"start":{"line":158,"column":4},"end":{"line":161,"column":5}},"38":{"start":{"line":164,"column":25},"end":{"line":178,"column":3}},"39":{"start":{"line":180,"column":2},"end":{"line":182,"column":3}},"40":{"start":{"line":181,"column":4},"end":{"line":181,"column":54}},"41":{"start":{"line":184,"column":2},"end":{"line":184,"column":23}},"42":{"start":{"line":187,"column":0},"end":{"line":187,"column":46}}},"fnMap":{"0":{"name":"(anonymous_0)","decl":{"start":{"line":42,"column":2},"end":{"line":42,"column":3}},"loc":{"start":{"line":42,"column":31},"end":{"line":185,"column":1}},"line":42},"1":{"name":"(anonymous_1)","decl":{"start":{"line":87,"column":19},"end":{"line":87,"column":20}},"loc":{"start":{"line":87,"column":35},"end":{"line":95,"column":3}},"line":87},"2":{"name":"(anonymous_2)","decl":{"start":{"line":97,"column":21},"end":{"line":97,"column":22}},"loc":{"start":{"line":97,"column":27},"end":{"line":102,"column":3}},"line":97},"3":{"name":"(anonymous_3)","decl":{"start":{"line":98,"column":36},"end":{"line":98,"column":37}},"loc":{"start":{"line":98,"column":45},"end":{"line":101,"column":5}},"line":98},"4":{"name":"(anonymous_4)","decl":{"start":{"line":112,"column":12},"end":{"line":112,"column":13}},"loc":{"start":{"line":112,"column":18},"end":{"line":118,"column":3}},"line":112},"5":{"name":"(anonymous_5)","decl":{"start":{"line":113,"column":11},"end":{"line":113,"column":12}},"loc":{"start":{"line":113,"column":17},"end":{"line":117,"column":5}},"line":113},"6":{"name":"(anonymous_6)","decl":{"start":{"line":138,"column":31},"end":{"line":138,"column":32}},"loc":{"start":{"line":138,"column":37},"end":{"line":162,"column":3}},"line":138},"7":{"name":"(anonymous_7)","decl":{"start":{"line":139,"column":25},"end":{"line":139,"column":26}},"loc":{"start":{"line":141,"column":9},"end":{"line":157,"column":5}},"line":141}},"branchMap":{"0":{"loc":{"start":{"line":46,"column":4},"end":{"line":46,"column":14}},"type":"default-arg","locations":[{"start":{"line":46,"column":12},"end":{"line":46,"column":14}}],"line":46},"1":{"loc":{"start":{"line":58,"column":2},"end":{"line":60,"column":3}},"type":"if","locations":[{"start":{"line":58,"column":2},"end":{"line":60,"column":3}},{"start":{},"end":{}}],"line":58},"2":{"loc":{"start":{"line":90,"column":6},"end":{"line":92,"column":7}},"type":"if","locations":[{"start":{"line":90,"column":6},"end":{"line":92,"column":7}},{"start":{},"end":{}}],"line":90},"3":{"loc":{"start":{"line":104,"column":2},"end":{"line":110,"column":3}},"type":"if","locations":[{"start":{"line":104,"column":2},"end":{"line":110,"column":3}},{"start":{},"end":{}}],"line":104},"4":{"loc":{"start":{"line":105,"column":4},"end":{"line":109,"column":5}},"type":"if","locations":[{"start":{"line":105,"column":4},"end":{"line":109,"column":5}},{"start":{"line":107,"column":11},"end":{"line":109,"column":5}}],"line":105},"5":{"loc":{"start":{"line":114,"column":6},"end":{"line":116,"column":7}},"type":"if","locations":[{"start":{"line":114,"column":6},"end":{"line":116,"column":7}},{"start":{},"end":{}}],"line":114},"6":{"loc":{"start":{"line":114,"column":10},"end":{"line":114,"column":37}},"type":"binary-expr","locations":[{"start":{"line":114,"column":10},"end":{"line":114,"column":23}},{"start":{"line":114,"column":27},"end":{"line":114,"column":37}}],"line":114},"7":{"loc":{"start":{"line":143,"column":6},"end":{"line":156,"column":9}},"type":"binary-expr","locations":[{"start":{"line":143,"column":6},"end":{"line":143,"column":16}},{"start":{"line":144,"column":8},"end":{"line":156,"column":9}}],"line":143},"8":{"loc":{"start":{"line":180,"column":2},"end":{"line":182,"column":3}},"type":"if","locations":[{"start":{"line":180,"column":2},"end":{"line":182,"column":3}},{"start":{},"end":{}}],"line":180}},"s":{"0":0,"1":0,"2":0,"3":0,"4":0,"5":0,"6":0,"7":0,"8":0,"9":0,"10":0,"11":0,"12":0,"13":0,"14":0,"15":0,"16":0,"17":0,"18":0,"19":0,"20":0,"21":0,"22":0,"23":0,"24":0,"25":0,"26":0,"27":0,"28":0,"29":0,"30":0,"31":0,"32":0,"33":0,"34":0,"35":0,"36":0,"37":0,"38":0,"39":0,"40":0,"41":0,"42":0},"f":{"0":0,"1":0,"2":0,"3":0,"4":0,"5":0,"6":0,"7":0},"b":{"0":[0],"1":[0,0],"2":[0,0],"3":[0,0],"4":[0,0],"5":[0,0],"6":[0,0],"7":[0,0],"8":[0,0]}}
,"/Users/didi/Work/Code/mpx/packages/webpack-plugin/lib/runtime/components/react/mpx-checkbox.tsx": {"path":"/Users/didi/Work/Code/mpx/packages/webpack-plugin/lib/runtime/components/react/mpx-checkbox.tsx","statementMap":{"0":{"start":{"line":54,"column":15},"end":{"line":79,"column":2}},"1":{"start":{"line":81,"column":17},"end":{"line":239,"column":1}},"2":{"start":{"line":83,"column":50},"end":{"line":83,"column":75}},"3":{"start":{"line":98,"column":8},"end":{"line":98,"column":13}},"4":{"start":{"line":100,"column":38},"end":{"line":100,"column":66}},"5":{"start":{"line":102,"column":25},"end":{"line":102,"column":57}},"6":{"start":{"line":106,"column":25},"end":{"line":110,"column":5}},"7":{"start":{"line":112,"column":21},"end":{"line":112,"column":62}},"8":{"start":{"line":114,"column":21},"end":{"line":124,"column":5}},"9":{"start":{"line":115,"column":6},"end":{"line":115,"column":26}},"10":{"start":{"line":115,"column":20},"end":{"line":115,"column":26}},"11":{"start":{"line":116,"column":22},"end":{"line":116,"column":32}},"12":{"start":{"line":117,"column":6},"end":{"line":117,"column":27}},"13":{"start":{"line":118,"column":6},"end":{"line":120,"column":7}},"14":{"start":{"line":119,"column":8},"end":{"line":119,"column":43}},"15":{"start":{"line":121,"column":6},"end":{"line":121,"column":39}},"16":{"start":{"line":123,"column":6},"end":{"line":123,"column":46}},"17":{"start":{"line":126,"column":18},"end":{"line":129,"column":5}},"18":{"start":{"line":127,"column":6},"end":{"line":127,"column":74}},"19":{"start":{"line":128,"column":6},"end":{"line":128,"column":19}},"20":{"start":{"line":139,"column":8},"end":{"line":139,"column":113}},"21":{"start":{"line":141,"column":20},"end":{"line":141,"column":32}},"22":{"start":{"line":143,"column":4},"end":{"line":146,"column":6}},"23":{"start":{"line":148,"column":52},"end":{"line":148,"column":118}},"24":{"start":{"line":150,"column":60},"end":{"line":150,"column":83}},"25":{"start":{"line":152,"column":4},"end":{"line":154,"column":5}},"26":{"start":{"line":153,"column":6},"end":{"line":153,"column":72}},"27":{"start":{"line":156,"column":25},"end":{"line":156,"column":49}},"28":{"start":{"line":158,"column":4},"end":{"line":161,"column":5}},"29":{"start":{"line":159,"column":6},"end":{"line":159,"column":42}},"30":{"start":{"line":160,"column":6},"end":{"line":160,"column":46}},"31":{"start":{"line":163,"column":4},"end":{"line":165,"column":5}},"32":{"start":{"line":164,"column":6},"end":{"line":164,"column":51}},"33":{"start":{"line":167,"column":23},"end":{"line":186,"column":5}},"34":{"start":{"line":188,"column":4},"end":{"line":200,"column":10}},"35":{"start":{"line":189,"column":6},"end":{"line":194,"column":7}},"36":{"start":{"line":190,"column":8},"end":{"line":193,"column":9}},"37":{"start":{"line":195,"column":6},"end":{"line":199,"column":7}},"38":{"start":{"line":196,"column":8},"end":{"line":198,"column":9}},"39":{"start":{"line":197,"column":10},"end":{"line":197,"column":34}},"40":{"start":{"line":202,"column":4},"end":{"line":209,"column":17}},"41":{"start":{"line":203,"column":6},"end":{"line":208,"column":7}},"42":{"start":{"line":204,"column":8},"end":{"line":204,"column":29}},"43":{"start":{"line":205,"column":8},"end":{"line":207,"column":9}},"44":{"start":{"line":206,"column":10},"end":{"line":206,"column":45}},"45":{"start":{"line":211,"column":27},"end":{"line":231,"column":5}},"46":{"start":{"line":233,"column":4},"end":{"line":235,"column":5}},"47":{"start":{"line":234,"column":6},"end":{"line":234,"column":56}},"48":{"start":{"line":237,"column":4},"end":{"line":237,"column":25}},"49":{"start":{"line":241,"column":0},"end":{"line":241,"column":36}}},"fnMap":{"0":{"name":"(anonymous_0)","decl":{"start":{"line":82,"column":2},"end":{"line":82,"column":3}},"loc":{"start":{"line":82,"column":39},"end":{"line":238,"column":3}},"line":82},"1":{"name":"(anonymous_1)","decl":{"start":{"line":114,"column":21},"end":{"line":114,"column":22}},"loc":{"start":{"line":114,"column":64},"end":{"line":124,"column":5}},"line":114},"2":{"name":"(anonymous_2)","decl":{"start":{"line":126,"column":18},"end":{"line":126,"column":19}},"loc":{"start":{"line":126,"column":61},"end":{"line":129,"column":5}},"line":126},"3":{"name":"(anonymous_3)","decl":{"start":{"line":188,"column":14},"end":{"line":188,"column":15}},"loc":{"start":{"line":188,"column":20},"end":{"line":200,"column":5}},"line":188},"4":{"name":"(anonymous_4)","decl":{"start":{"line":195,"column":13},"end":{"line":195,"column":14}},"loc":{"start":{"line":195,"column":19},"end":{"line":199,"column":7}},"line":195},"5":{"name":"(anonymous_5)","decl":{"start":{"line":202,"column":14},"end":{"line":202,"column":15}},"loc":{"start":{"line":202,"column":20},"end":{"line":209,"column":5}},"line":202}},"branchMap":{"0":{"loc":{"start":{"line":83,"column":35},"end":{"line":83,"column":45}},"type":"default-arg","locations":[{"start":{"line":83,"column":43},"end":{"line":83,"column":45}}],"line":83},"1":{"loc":{"start":{"line":86,"column":6},"end":{"line":86,"column":16}},"type":"default-arg","locations":[{"start":{"line":86,"column":14},"end":{"line":86,"column":16}}],"line":86},"2":{"loc":{"start":{"line":87,"column":6},"end":{"line":87,"column":22}},"type":"default-arg","locations":[{"start":{"line":87,"column":17},"end":{"line":87,"column":22}}],"line":87},"3":{"loc":{"start":{"line":88,"column":6},"end":{"line":88,"column":21}},"type":"default-arg","locations":[{"start":{"line":88,"column":16},"end":{"line":88,"column":21}}],"line":88},"4":{"loc":{"start":{"line":89,"column":6},"end":{"line":89,"column":23}},"type":"default-arg","locations":[{"start":{"line":89,"column":14},"end":{"line":89,"column":23}}],"line":89},"5":{"loc":{"start":{"line":90,"column":6},"end":{"line":90,"column":16}},"type":"default-arg","locations":[{"start":{"line":90,"column":14},"end":{"line":90,"column":16}}],"line":90},"6":{"loc":{"start":{"line":109,"column":6},"end":{"line":109,"column":46}},"type":"cond-expr","locations":[{"start":{"line":109,"column":17},"end":{"line":109,"column":39}},{"start":{"line":109,"column":42},"end":{"line":109,"column":46}}],"line":109},"7":{"loc":{"start":{"line":115,"column":6},"end":{"line":115,"column":26}},"type":"if","locations":[{"start":{"line":115,"column":6},"end":{"line":115,"column":26}},{"start":{},"end":{}}],"line":115},"8":{"loc":{"start":{"line":118,"column":6},"end":{"line":120,"column":7}},"type":"if","locations":[{"start":{"line":118,"column":6},"end":{"line":120,"column":7}},{"start":{},"end":{}}],"line":118},"9":{"loc":{"start":{"line":121,"column":6},"end":{"line":121,"column":39}},"type":"binary-expr","locations":[{"start":{"line":121,"column":6},"end":{"line":121,"column":18}},{"start":{"line":121,"column":22},"end":{"line":121,"column":39}}],"line":121},"10":{"loc":{"start":{"line":123,"column":6},"end":{"line":123,"column":46}},"type":"binary-expr","locations":[{"start":{"line":123,"column":6},"end":{"line":123,"column":15}},{"start":{"line":123,"column":19},"end":{"line":123,"column":46}}],"line":123},"11":{"loc":{"start":{"line":127,"column":6},"end":{"line":127,"column":74}},"type":"binary-expr","locations":[{"start":{"line":127,"column":6},"end":{"line":127,"column":13}},{"start":{"line":127,"column":17},"end":{"line":127,"column":74}}],"line":127},"12":{"loc":{"start":{"line":150,"column":40},"end":{"line":150,"column":55}},"type":"default-arg","locations":[{"start":{"line":150,"column":53},"end":{"line":150,"column":55}}],"line":150},"13":{"loc":{"start":{"line":152,"column":4},"end":{"line":154,"column":5}},"type":"if","locations":[{"start":{"line":152,"column":4},"end":{"line":154,"column":5}},{"start":{},"end":{}}],"line":152},"14":{"loc":{"start":{"line":158,"column":4},"end":{"line":161,"column":5}},"type":"if","locations":[{"start":{"line":158,"column":4},"end":{"line":161,"column":5}},{"start":{},"end":{}}],"line":158},"15":{"loc":{"start":{"line":163,"column":4},"end":{"line":165,"column":5}},"type":"if","locations":[{"start":{"line":163,"column":4},"end":{"line":165,"column":5}},{"start":{},"end":{}}],"line":163},"16":{"loc":{"start":{"line":175,"column":19},"end":{"line":175,"column":37}},"type":"binary-expr","locations":[{"start":{"line":175,"column":19},"end":{"line":175,"column":28}},{"start":{"line":175,"column":32},"end":{"line":175,"column":37}}],"line":175},"17":{"loc":{"start":{"line":189,"column":6},"end":{"line":194,"column":7}},"type":"if","locations":[{"start":{"line":189,"column":6},"end":{"line":194,"column":7}},{"start":{},"end":{}}],"line":189},"18":{"loc":{"start":{"line":196,"column":8},"end":{"line":198,"column":9}},"type":"if","locations":[{"start":{"line":196,"column":8},"end":{"line":198,"column":9}},{"start":{},"end":{}}],"line":196},"19":{"loc":{"start":{"line":203,"column":6},"end":{"line":208,"column":7}},"type":"if","locations":[{"start":{"line":203,"column":6},"end":{"line":208,"column":7}},{"start":{},"end":{}}],"line":203},"20":{"loc":{"start":{"line":205,"column":8},"end":{"line":207,"column":9}},"type":"if","locations":[{"start":{"line":205,"column":8},"end":{"line":207,"column":9}},{"start":{},"end":{}}],"line":205},"21":{"loc":{"start":{"line":218,"column":17},"end":{"line":218,"column":45}},"type":"cond-expr","locations":[{"start":{"line":218,"column":28},"end":{"line":218,"column":37}},{"start":{"line":218,"column":40},"end":{"line":218,"column":45}}],"line":218},"22":{"loc":{"start":{"line":219,"column":17},"end":{"line":219,"column":61}},"type":"cond-expr","locations":[{"start":{"line":219,"column":29},"end":{"line":219,"column":47}},{"start":{"line":219,"column":50},"end":{"line":219,"column":61}}],"line":219},"23":{"loc":{"start":{"line":233,"column":4},"end":{"line":235,"column":5}},"type":"if","locations":[{"start":{"line":233,"column":4},"end":{"line":235,"column":5}},{"start":{},"end":{}}],"line":233}},"s":{"0":0,"1":0,"2":0,"3":0,"4":0,"5":0,"6":0,"7":0,"8":0,"9":0,"10":0,"11":0,"12":0,"13":0,"14":0,"15":0,"16":0,"17":0,"18":0,"19":0,"20":0,"21":0,"22":0,"23":0,"24":0,"25":0,"26":0,"27":0,"28":0,"29":0,"30":0,"31":0,"32":0,"33":0,"34":0,"35":0,"36":0,"37":0,"38":0,"39":0,"40":0,"41":0,"42":0,"43":0,"44":0,"45":0,"46":0,"47":0,"48":0,"49":0},"f":{"0":0,"1":0,"2":0,"3":0,"4":0,"5":0},"b":{"0":[0],"1":[0],"2":[0],"3":[0],"4":[0],"5":[0],"6":[0,0],"7":[0,0],"8":[0,0],"9":[0,0],"10":[0,0],"11":[0,0],"12":[0],"13":[0,0],"14":[0,0],"15":[0,0],"16":[0,0],"17":[0,0],"18":[0,0],"19":[0,0],"20":[0,0],"21":[0,0],"22":[0,0],"23":[0,0]}}
,"/Users/didi/Work/Code/mpx/packages/webpack-plugin/lib/runtime/components/react/mpx-form.tsx": {"path":"/Users/didi/Work/Code/mpx/packages/webpack-plugin/lib/runtime/components/react/mpx-form.tsx","statementMap":{"0":{"start":{"line":30,"column":14},"end":{"line":125,"column":2}},"1":{"start":{"line":31,"column":48},"end":{"line":31,"column":69}},"2":{"start":{"line":39,"column":6},"end":{"line":39,"column":11}},"3":{"start":{"line":48,"column":6},"end":{"line":48,"column":108}},"4":{"start":{"line":50,"column":41},"end":{"line":50,"column":64}},"5":{"start":{"line":52,"column":18},"end":{"line":52,"column":30}},"6":{"start":{"line":53,"column":2},"end":{"line":55,"column":4}},"7":{"start":{"line":57,"column":19},"end":{"line":57,"column":40}},"8":{"start":{"line":58,"column":2},"end":{"line":58,"column":26}},"9":{"start":{"line":60,"column":50},"end":{"line":60,"column":125}},"10":{"start":{"line":62,"column":21},"end":{"line":75,"column":21}},"11":{"start":{"line":77,"column":23},"end":{"line":110,"column":8}},"12":{"start":{"line":78,"column":26},"end":{"line":78,"column":35}},"13":{"start":{"line":79,"column":19},"end":{"line":98,"column":5}},"14":{"start":{"line":80,"column":29},"end":{"line":80,"column":45}},"15":{"start":{"line":81,"column":45},"end":{"line":81,"column":47}},"16":{"start":{"line":82,"column":6},"end":{"line":86,"column":7}},"17":{"start":{"line":83,"column":8},"end":{"line":85,"column":9}},"18":{"start":{"line":84,"column":10},"end":{"line":84,"column":62}},"19":{"start":{"line":87,"column":6},"end":{"line":97,"column":8}},"20":{"start":{"line":100,"column":18},"end":{"line":104,"column":5}},"21":{"start":{"line":101,"column":28},"end":{"line":101,"column":44}},"22":{"start":{"line":102,"column":6},"end":{"line":102,"column":30}},"23":{"start":{"line":103,"column":6},"end":{"line":103,"column":54}},"24":{"start":{"line":103,"column":36},"end":{"line":103,"column":53}},"25":{"start":{"line":105,"column":4},"end":{"line":109,"column":5}},"26":{"start":{"line":112,"column":2},"end":{"line":124,"column":4}},"27":{"start":{"line":127,"column":0},"end":{"line":127,"column":29}}},"fnMap":{"0":{"name":"(anonymous_0)","decl":{"start":{"line":30,"column":65},"end":{"line":30,"column":66}},"loc":{"start":{"line":30,"column":109},"end":{"line":125,"column":1}},"line":30},"1":{"name":"(anonymous_1)","decl":{"start":{"line":77,"column":31},"end":{"line":77,"column":32}},"loc":{"start":{"line":77,"column":37},"end":{"line":110,"column":3}},"line":77},"2":{"name":"(anonymous_2)","decl":{"start":{"line":79,"column":19},"end":{"line":79,"column":20}},"loc":{"start":{"line":79,"column":25},"end":{"line":98,"column":5}},"line":79},"3":{"name":"(anonymous_3)","decl":{"start":{"line":100,"column":18},"end":{"line":100,"column":19}},"loc":{"start":{"line":100,"column":24},"end":{"line":104,"column":5}},"line":100},"4":{"name":"(anonymous_4)","decl":{"start":{"line":103,"column":28},"end":{"line":103,"column":29}},"loc":{"start":{"line":103,"column":36},"end":{"lin
[...]
,"/Users/didi/Work/Code/mpx/packages/webpack-plugin/lib/runtime/components/react/mpx-portal/portal-host.tsx": {"path":"/Users/didi/Work/Code/mpx/packages/webpack-plugin/lib/runtime/components/react/mpx-portal/portal-host.tsx","statementMap":{"0":{"start":{"line":28,"column":16},"end":{"line":28,"column":35}},"1":{"start":{"line":29,"column":19},"end":{"line":29,"column":41}},"2":{"start":{"line":30,"column":19},"end":{"line":30,"column":41}},"3":{"start":{"line":32,"column":28},"end":{"line":32,"column":74}},"4":{"start":{"line":34,"column":15},"end":{"line":38,"column":2}},"5":{"start":{"line":41,"column":20},"end":{"line":41,"column":25}},"6":{"start":{"line":42,"column":8},"end":{"line":46,"column":3}},"7":{"start":{"line":43,"column":16},"end":{"line":43,"column":30}},"8":{"start":{"line":44,"column":4},"end":{"line":44,"column":49}},"9":{"start":{"line":45,"column":4},"end":{"line":45,"column":14}},"10":{"start":{"line":48,"column":11},"end":{"line":50,"column":3}},"11":{"start":{"line":49,"column":4},"end":{"line":49,"column":45}},"12":{"start":{"line":52,"column":11},"end":{"line":54,"column":3}},"13":{"start":{"line":53,"column":4},"end":{"line":53,"column":48}},"14":{"start":{"line":59,"column":22},"end":{"line":59,"column":39}},"15":{"start":{"line":61,"column":19},"end":{"line":139,"column":1}},"16":{"start":{"line":62,"column":19},"end":{"line":62,"column":28}},"17":{"start":{"line":63,"column":18},"end":{"line":63,"column":64}},"18":{"start":{"line":64,"column":16},"end":{"line":64,"column":85}},"19":{"start":{"line":65,"column":21},"end":{"line":65,"column":51}},"20":{"start":{"line":66,"column":16},"end":{"line":75,"column":3}},"21":{"start":{"line":67,"column":4},"end":{"line":67,"column":29}},"22":{"start":{"line":67,"column":23},"end":{"line":67,"column":29}},"23":{"start":{"line":68,"column":16},"end":{"line":68,"column":42}},"24":{"start":{"line":69,"column":4},"end":{"line":73,"column":5}},"25":{"start":{"line":70,"column":6},"end":{"line":70,"column":42}},"26":{"start":{"line":72,"column":6},"end":{"line":72,"column":58}},"27":{"start":{"line":74,"column":4},"end":{"line":74,"column":14}},"28":{"start":{"line":77,"column":18},"end":{"line":83,"column":3}},"29":{"start":{"line":78,"column":4},"end":{"line":82,"column":5}},"30":{"start":{"line":79,"column":6},"end":{"line":79,"column":34}},"31":{"start":{"line":81,"column":6},"end":{"line":81,"column":60}},"32":{"start":{"line":85,"column":17},"end":{"line":97,"column":3}},"33":{"start":{"line":86,"column":4},"end":{"line":96,"column":5}},"34":{"start":{"line":87,"column":6},"end":{"line":87,"column":43}},"35":{"start":{"line":89,"column":24},"end":{"line":89,"column":56}},"36":{"start":{"line":90,"column":20},"end":{"line":90,"column":87}},"37":{"start":{"line":90,"column":51},"end":{"line":90,"column":86}},"38":{"start":{"line":91,"column":6},"end":{"line":95,"column":7}},"39":{"start":{"line":92,"column":8},"end":{"line":92,"column":40}},"40":{"start":{"line":94,"column":8},"end":{"line":94,"column":37}},"41":{"start":{"line":98,"column":24},"end":{"line":104,"column":8}},"42":{"start":{"line":99,"column":4},"end":{"line":103,"column":5}},"43":{"start":{"line":105,"column":2},"end":{"line":124,"column":8}},"44":{"start":{"line":106,"column":4},"end":{"line":117,"column":5}},"45":{"start":{"line":107,"column":24},"end":{"line":107,"column":45}},"46":{"start":{"line":108,"column":6},"end":{"line":108,"column":28}},"47":{"start":{"line":108,"column":22},"end":{"line":108,"column":28}},"48":{"start":{"line":109,"column":6},"end":{"line":116,"column":7}},"49":{"start":{"line":111,"column":10},"end":{"line":111,"column":66}},"50":{"start":{"line":112,"column":10},"end":{"line":112,"column":15}},"51":{"start":{"line":114,"column":10},"end":{"line":114,"column":48}},"52":{"start":{"line":115,"column":10},"end":{"line":115,"column":15}},"53":{"start":{"line":119,"column":4},"end":{"line":123,"column":5}},"54":{"start":{"line":120,"column":6},"end":{"line":122,"column":8}},"55":{"start":{"line":121,"column":8},"end":{"line":121,"column":29}},"56":{"start":{"line":125,"column":2},"end":{"line":138,"column":3}}},"fnMap":{"0":{"name":"(anonymous_0)","decl":{"start":{"line":42,"column":8},"end":{"line":42,"column":9}},"loc":{"start":{"line":42,"column":43},"end":{"line":46,"column":3}},"line":42},"1":{"name":"(anonymous_1)","decl":{"start":{"line":48,"column":11},"end":{"line":48,"column":12}},"loc":{"start":{"line":48,"column":28},"end":{"line":50,"column":3}},"line":48},"2":{"name":"(anonymous_2)","decl":{"start":{"line":52,"column":11},"end":{"line":52,"column":12}},"loc":{"start":{"line":52,"column":42},"end":{"line":54,"column":3}},"line":52},"3":{"name":"(anonymous_3)","decl":{"start":{"line":61,"column":19},"end":{"line":61,"column":20}},"loc":{"start":{"line":61,"column":67},"end":{"line":139,"column":1}},"line":61},"4":{"name":"(anonymous_4)","decl":{"start":{"line":66,"column":16},"end":{"line":66,"column":17}},"loc":{"start":{"line":66,"column":74},"end":{"line":75,"column":3}},"line":66},"5":{"name":"(anonymous_5)","decl":{"start":{"line":77,"column":18},"end":{"line":77,"column":19}},"loc":{"start":{"line":77,"column":35},"end":{"line":83,"column":3}},"line":77},"6":{"name":"(anonymous_6)","decl":{"start":{"line":85,"column":17},"end":{"line":85,"column":18}},"loc":{"start":{"line":85,"column":56},"end":{"line":97,"column":3}},"line":85},"7":{"name":"(anonymous_7)","decl":{"start":{"line":90,"column":44},"end":{"line":90,"column":45}},"loc":{"start":{"line":90,"column":51},"end":{"line":90,"column":86}},"line":90},"8":{"name":"(anonymous_8)","decl":{"start":{"line":98,"column":32},"end":{"line":98,"column":33}},"loc":{"start":{"line":98,"column":38},"end":{"line":104,"column":3}},"line":98},"9":{"name":"(anonymous_9)","decl":{"start":{"line":105,"column":12},"end":{"line":105,"column":13}},"loc":{"start":{"line":105,"column":18},"end":{"line":124,"column":3}},"line":105},"10":{"name":"(anonymous_10)","decl":{"start":{"line":119,"column":11},"end":{"line":119,"column":12}},"loc":{"start":{"line":119,"column":17},"end":{"line":123,"column":5}},"line":119},"11":{"name":"(anonymous_11)","decl":{"start":{"line":120,"column":28},"end":{"line":120,"column":29}},"loc":{"start":{"line":120,"column":50},"end":{"line":122,"column":7}},"line":120}},"branchMap":{"0":{"loc":{"start":{"line":32,"column":28},"end":{"line":32,"column":74}},"type":"binary-expr","locations":[{"start":{"line":32,"column":28},"end":{"line":32,"column":46}},{"start":{"line":32,"column":50},"end":{"line":32,"column":74}}],"line":32},"1":{"loc":{"start":{"line":65,"column":21},"end":{"line":65,"column":51}},"type":"binary-expr","locations":[{"start":{"line":65,"column":21},"end":{"line":65,"column":45}},{"start":{"line":65,"column":49},"end":{"line":65,"column":51}}],"line":65},"2":{"loc":{"start":{"line":67,"column":4},"end":{"line":67,"column":29}},"type":"if","locations":[{"start":{"line":67,"column":4},"end":{"line":67,"column":29}},{"start":{},"end":{}}],"line":67},"3":{"loc":{"start":{"line":68,"column":16},"end":{"line":68,"column":42}},"type":"binary-expr","locations":[{"start":{"line":68,"column":16},"end":{"line":68,"column":20}},{"start":{"line":68,"column":24},"end":{"line":68,"column":42}}],"line":68},"4":{"loc":{"start":{"line":69,"column":4},"end":{"line":73,"column":5}},"type":"if","locations":[{"start":{"line":69,"column":4},"end":{"line":73,"column":5}},{"start":{"line":71,"column":11},"end":{"line":73,"column":5}}],"line":69},"5":{"loc":{"start":{"line":78,"column":4},"end":{"line":82,"column":5}},"type":"if","locations":[{"start":{"line":78,"column":4},"end":{"line":82,"column":5}},{"start":{"line":80,"column":11},"end":{"line":82,"column":5}}],"line":78},"6":{"loc":{"start":{"line":86,"column":4},"end":{"line":96,"column":5}},"type":"if","locations":[{"start":{"line":86,"column":4},"end":{"line":96,"column":5}},{"start":{"line":88,"column":11},"end":{"line":96,"column":5}}],"line":86},"7":{"loc":{"start":{"line":90,"column":51},"end":{"line":90,"column":86}},"type":"binary-expr","locations":[{"start":{"line":90,"column":51},"end":{"line":90,"column":69}},{"start":{"line":90,"column":73},"end":{"line":90,"column":86}}],"line":90},"8":{"loc":{"start":{"line":91,"column":6},"end":{"line":95,"column":7}},"type":"if","locations":[{"start":{"line":91,"column":6},"end":{"line":95,"column":7}},{"start":{"line":93,"column":13},"end":{"line":95,"column":7}}],"line":91},"9":{"loc":{"start":{"line":106,"column":11},"end":{"line":106,"column":50}},"type":"binary-expr","locations":[{"start":{"line":106,"column":11},"end":{"line":106,"column":31}},{"start":{"line":106,"column":35},"end":{"line":106,"column":50}}],"line":106},"10":{"loc":{"start":{"line":108,"column":6},"end":{"line":108,"column":28}},"type":"if","locations":[{"start":{"line":108,"column":6},"end":{"line":108,"column":28}},{"start":{},"end":{}}],"line":108},"11":{"loc":{"start":{"line":109,"column":6},"end":{"line":116,"column":7}},"type":"switch","locations":[{"start":{"line":110,"column":8},"end":{"line":112,"column":15}},{"start":{"line":113,"column":8},"end":{"line":115,"column":15}}],"line":109}},"s":{"0":2,"1":2,"2":2,"3":2,"4":2,"5":2,"6":2,"7":0,"8":0,"9":0,"10":2,"11":0,"12":2,"13":0,"14":2,"15":2,"16":0,"17":0,"18":0,"19":0,"20":0,"21":0,"22":0,"23":0,"24":0,"25":0,"26":0,"27":0,"28":0,"29":0,"30":0,"31":0,"32":0,"33":0,"34":0,"35":0,"36":0,"37":0,"38":0,"39":0,"40":0,"41":0,"42":0,"43":0,"44":0,"45":0,"46":0,"47":0,"48":0,"49":0,"50":0,"51":0,"52":0,"53":0,"54":0,"55":0,"56":0},"f":{"0":0,"1":0,"2":0,"3":0,"4":0,"5":0,"6":0,"7":0,"8":0,"9":0,"10":0,"11":0},"b":{"0":[2,0],"1":[0,0],"2":[0,0],"3":[0,0],"4":[0,0],"5":[0,0],"6":[0,0],"7":[0,0],"8":[0,0],"9":[0,0],"10":[0,0],"11":[0,0]},"_coverageSchema":"1a1c01bbd47fc00a2c39e90264f33305004495a9","hash":"9b296982b820d1aae3c8564a8a652df65396b8fe"}
,"/Users/didi/Work/Code/mpx/packages/webpack-plugin/lib/runtime/components/react/mpx-portal/portal-manager.tsx": {"path":"/Users/didi/Work/Code/mpx/packages/webpack-plugin/lib/runtime/components/react/mpx-portal/portal-manager.tsx","statementMap":{"0":{"start":{"line":14,"column":23},"end":{"line":61,"column":2}},"1":{"start":{"line":15,"column":28},"end":{"line":17,"column":4}},"2":{"start":{"line":19,"column":16},"end":{"line":23,"column":13}},"3":{"start":{"line":20,"column":4},"end":{"line":22,"column":7}},"4":{"start":{"line":20,"column":29},"end":{"line":22,"column":5}},"5":{"start":{"line":25,"column":17},"end":{"line":34,"column":13}},"6":{"start":{"line":26,"column":4},"end":{"line":33,"column":7}},"7":{"start":{"line":26,"column":29},"end":{"line":33,"column":5}},"8":{"start":{"line":28,"column":8},"end":{"line":30,"column":9}},"9":{"start":{"line":29,"column":10},"end":{"line":29,"column":54}},"10":{"start":{"line":31,"column":8},"end":{"line":31,"column":19}},"11":{"start":{"line":36,"column":18},"end":{"line":40,"column":8}},"12":{"start":{"line":37,"column":4},"end":{"line":39,"column":7}},"13":{"start":{"line":37,"column":29},"end":{"line":39,"column":5}},"14":{"start":{"line":38,"column":50},"end":{"line":38,"column":66}},"15":{"start":{"line":42,"column":2},"end":{"line":47,"column":5}},"16":{"start":{"line":42,"column":34},"end":{"line":47,"column":3}},"17":{"start":{"line":49,"column":2},"end":{"line":60,"column":3}},"18":{"start":{"line":52,"column":8},"end":{"line":57,"column":15}}},"fnMap":{"0":{"name":"(anonymous_0)","decl":{"start":{"line":14,"column":34},"end":{"line":14,"column":35}},"loc":{"start":{"line":14,"column":106},"end":{"line":61,"column":1}},"line":14},"1":{"name":"(anonymous_1)","decl":{"start":{"line":19,"column":28},"end":{"line":19,"column":29}},"loc":{"start":{"line":19,"column":66},"end":{"line":23,"column":3}},"line":19},"2":{"name":"(anonymous_2)","decl":{"start":{"line":20,"column":13},"end":{"line":20,"column":14}},"loc":{"start":{"line":20,"column":29},"end":{"line":22,"column":5}},"line":20},"3":{"name":"(anonymous_3)","decl":{"start":{"line":25,"column":29},"end":{"line":25,"column":30}},"loc":{"start":{"line":25,"column":67},"end":{"line":34,"column":3}},"line":25},"4":{"name":"(anonymous_4)","decl":{"start":{"line":26,"column":13},"end":{"line":26,"column":14}},"loc":{"start":{"line":26,"column":29},"end":{"line":33,"column":5}},"line":26},"5":{"name":"(anonymous_5)","decl":{"start":{"line":27,"column":37},"end":{"line":27,"column":38}},"loc":{"start":{"line":27,"column":47},"end":{"line":32,"column":7}},"line":27},"6":{"name":"(anonymous_6)","decl":{"start":{"line":36,"column":30},"end":{"line":36,"column":31}},"loc":{"start":{"line":36,"column":47},"end":{"line":40,"column":3}},"line":36},"7":{"name":"(anonymous_7)","decl":{"start":{"line":37,"column":13},"end":{"line":37,"column":14}},"loc":{"start":{"line":37,"column":29},"end":{"line":39,"column":5}},"line":37},"8":{"name":"(anonymous_8)","decl":{"start":{"line":38,"column":40},"end":{"line":38,"column":41}},"loc":{"start":{"line":38,"column":50},"end":{"line":38,"column":66}},"line":38},"9":{"name":"(anonymous_9)","decl":{"start":{"line":42,"column":27},"end":{"line":42,"column":28}},"loc":{"start":{"line":42,"column":34},"end":{"line":47,"column":3}},"line":42},"10":{"name":"(anonymous_10)","decl":{"start":{"line":51,"column":25},"end":{"line":51,"column":26}},"loc":{"start":{"line":52,"column":8},"end":{"line":57,"column":15}},"line":52}},"branchMap":{"0":{"loc":{"start":{"line":28,"column":8},"end":{"line":30,"column":9}},"type":"if","locations":[{"start":{"line":28,"column":8},"end":{"line":30,"column":9}},{"start":{},"end":{}}],"line":28}},"s":{"0":2,"1":0,"2":0,"3":0,"4":0,"5":0,"6":0,"7":0,"8":0,"9":0,"10":0,"11":0,"12":0,"13":0,"14":0,"15":0,"16":0,"17":0,"18":0},"f":{"0":0,"1":0,"2":0,"3":0,"4":0,"5":0,"6":0,"7":0,"8":0,"9":0,"10":0},"b":{"0":[0,0]},"_coverageSchema":"1a1c01bbd47fc00a2c39e90264f33305004495a9","hash":"a2f29caed9a670d8c0d405dd349e7dd88b105603"}
,"/Users/didi/Work/Code/mpx/packages/webpack-plugin/lib/runtime/components/react/mpx-rich-text/html.ts": {"path":"/Users/didi/Work/Code/mpx/packages/webpack-plugin/lib/runtime/components/react/mpx-rich-text/html.ts","statementMap":{"0":{"start":{"line":2,"column":28},"end":{"line":40,"column":1}},"1":{"start":{"line":3,"column":2},"end":{"line":39,"column":9}}},"fnMap":{"0":{"name":"(anonymous_0)","decl":{"start":{"line":2,"column":28},"end":{"line":2,"column":29}},"loc":{"start":{"line":2,"column":46},"end":{"line":40,"column":1}},"line":2}},"branchMap":{},"s":{"0":0,"1":0},"f":{"0":0},"b":{}}
,"/Users/didi/Work/Code/mpx/packages/webpack-plugin/lib/runtime/components/react/mpx-rich-text/index.tsx": {"path":"/Users/didi/Work/Code/mpx/packages/webpack-plugin/lib/runtime/components/react/mpx-rich-text/index.tsx","statementMap":{"0":{"start":{"line":33,"column":16},"end":{"line":33,"column":18}},"1":{"start":{"line":35,"column":2},"end":{"line":50,"column":3}},"2":{"start":{"line":36,"column":4},"end":{"line":39,"column":5}},"3":{"start":{"line":37,"column":6},"end":{"line":37,"column":29}},"4":{"start":{"line":38,"column":6},"end":{"line":38,"column":20}},"5":{"start":{"line":41,"column":48},"end":{"line":41,"column":55}},"6":{"start":{"line":43,"column":18},"end":{"line":43,"column":20}},"7":{"start":{"line":44,"column":4},"end":{"line":44,"column":85}},"8":{"start":{"line":44,"column":54},"end":{"line":44,"column":85}},"9":{"start":{"line":46,"column":22},"end":{"line":46,"column":24}},"10":{"start":{"line":47,"column":4},"end":{"line":47,"column":71}},"11":{"start":{"line":47,"column":34},"end":{"line":47,"column":71}},"12":{"start":{"line":49,"column":4},"end":{"line":49,"column":60}},"13":{"start":{"line":52,"column":2},"end":{"line":52,"column":16}},"14":{"start":{"line":55,"column":18},"end":{"line":131,"column":2}},"15":{"start":{"line":64,"column":6},"end":{"line":64,"column":11}},"16":{"start":{"line":66,"column":18},"end":{"line":66,"column":30}},"17":{"start":{"line":67,"column":44},"end":{"line":67,"column":55}},"18":{"start":{"line":75,"column":6},"end":{"line":84,"column":4}},"19":{"start":{"line":90,"column":6},"end":{"line":90,"column":72}},"20":{"start":{"line":92,"column":2},"end":{"line":94,"column":4}},"21":{"start":{"line":96,"column":21},"end":{"line":110,"column":3}},"22":{"start":{"line":112,"column":23},"end":{"line":112,"column":79}},"23":{"start":{"line":114,"column":36},"end":{"line":124,"column":3}},"24":{"start":{"line":118,"column":8},"end":{"line":118,"column":49}},"25":{"start":{"line":126,"column":2},"end":{"line":128,"column":3}},"26":{"start":{"line":127,"column":4},"end":{"line":127,"column":64}},"27":{"start":{"line":130,"column":2},"end":{"line":130,"column":23}},"28":{"start":{"line":133,"column":0},"end":{"line":133,"column":39}}},"fnMap":{"0":{"name":"jsonToHtmlStr","decl":{"start":{"line":32,"column":9},"end":{"line":32,"column":22}},"loc":{"start":{"line":32,"column":47},"end":{"line":53,"column":1}},"line":32},"1":{"name":"(anonymous_1)","decl":{"start":{"line":55,"column":79},"end":{"line":55,"column":80}},"loc":{"start":{"line":55,"column":108},"end":{"line":131,"column":1}},"line":55},"2":{"name":"(anonymous_2)","decl":{"start":{"line":117,"column":17},"end":{"line":117,"column":18}},"loc":{"start":{"line":117,"column":49},"end":{"line":119,"column":7}},"line":117}},"branchMap":{"0":{"loc":{"start":{"line":36,"column":4},"end":{"line":39,"column":5}},"type":"if","locations":[{"start":{"line":36,"column":4},"end":{"line":39,"column":5}},{"start":{},"end":{}}],"line":36},"1":{"loc":{"start":{"line":41,"column":18},"end":{"line":41,"column":28}},"type":"default-arg","locations":[{"start":{"line":41,"column":26},"end":{"line":41,"column":28}}],"line":41},"2":{"loc":{"start":{"line":41,"column":30},"end":{"line":41,"column":43}},"type":"default-arg","locations":[{"start":{"line":41,"column":41},"end":{"line":41,"column":43}}],"line":41},"3":{"loc":{"start":{"line":57,"column":4},"end":{"line":57,"column":14}},"type":"default-arg","locations":[{"start":{"line":57,"column":12},"end":{"line":57,"column":14}}],"line":57},"4":{"loc":{"start":{"line":112,"column":23},"end":{"line":112,"column":79}},"type":"cond-expr","locations":[{"start":{"line":112,"column":51},"end":{"line":112,"column":56}},{"start":{"line":112,"column":59},"end":{"line":112,"column":79}}],"line":112},"5":{"loc":{"start":{"line":126,"column":2},"end":{"line":128,"column":3}},"type":"if","locations":[{"start":{"line":126,"column":2},"end":{"line":128,"column":3}},{"start":{},"end":{}}],"line":126}},"s":{"0":0,"1":0,"2":0,"3":0,"4":0,"5":0,"6":0,"7":0,"8":0,"9":0,"10":0,"11":0,"12":0,"13":0,"14":0,"15":0,"16":0,"17":0,"18":0,"19":0,"20":0,"21":0,"22":0,"23":0,"24":0,"25":0,"26":0,"27":0,"28":0},"f":{"0":0,"1":0,"2":0},"b":{"0":[0,0],"1":[0],"2":[0],"3":[0],"4":[0,0],"5":[0,0]}}
}
