TN:
SF:lib/runtime/components/react/context.ts
FNF:0
FNH:0
DA:60,2
DA:62,2
DA:64,2
DA:66,2
DA:68,2
DA:70,2
DA:72,2
DA:74,2
DA:76,2
DA:78,2
DA:80,2
DA:82,2
DA:84,2
DA:86,2
LF:14
LH:14
BRF:0
BRH:0
end_of_record
TN:
SF:lib/runtime/components/react/event.config.ts
FNF:0
FNH:0
DA:1,0
LF:1
LH:0
BRF:0
BRH:0
end_of_record
TN:
SF:lib/runtime/components/react/getInnerListeners.ts
FN:20,(anonymous_0)
FN:59,(anonymous_1)
FN:68,(anonymous_2)
FN:83,(anonymous_3)
FN:108,handleEmitEvent
FN:120,(anonymous_5)
FN:126,checkIsNeedPress
FN:140,handleTouchstart
FN:161,(anonymous_8)
FN:169,handleTouchmove
FN:177,handleTouchend
FN:194,handleTouchcancel
FN:200,createTouchEventHandler
FN:201,(anonymous_13)
FN:226,(anonymous_14)
FN:259,(anonymous_15)
FN:263,(anonymous_16)
FN:286,(anonymous_17)
FNF:18
FNH:0
FNDA:0,(anonymous_0)
FNDA:0,(anonymous_1)
FNDA:0,(anonymous_2)
FNDA:0,(anonymous_3)
FNDA:0,handleEmitEvent
FNDA:0,(anonymous_5)
FNDA:0,checkIsNeedPress
FNDA:0,handleTouchstart
FNDA:0,(anonymous_8)
FNDA:0,handleTouchmove
FNDA:0,handleTouchend
FNDA:0,handleTouchcancel
FNDA:0,createTouchEventHandler
FNDA:0,(anonymous_13)
FNDA:0,(anonymous_14)
FNDA:0,(anonymous_15)
FNDA:0,(anonymous_16)
FNDA:0,(anonymous_17)
DA:16,0
DA:20,0
DA:25,0
DA:26,0
DA:27,0
DA:28,0
DA:29,0
DA:30,0
DA:32,0
DA:39,0
DA:41,0
DA:50,0
DA:60,0
DA:69,0
DA:83,0
DA:92,0
DA:98,0
DA:114,0
DA:115,0
DA:116,0
DA:117,0
DA:118,0
DA:120,0
DA:121,0
DA:127,0
DA:128,0
DA:129,0
DA:130,0
DA:134,0
DA:135,0
DA:136,0
DA:142,0
DA:143,0
DA:144,0
DA:145,0
DA:150,0
DA:152,0
DA:153,0
DA:154,0
DA:156,0
DA:157,0
DA:158,0
DA:160,0
DA:161,0
DA:163,0
DA:164,0
DA:170,0
DA:171,0
DA:172,0
DA:173,0
DA:178,0
DA:179,0
DA:180,0
DA:181,0
DA:182,0
DA:183,0
DA:184,0
DA:186,0
DA:187,0
DA:188,0
DA:190,0
DA:195,0
DA:196,0
DA:197,0
DA:201,0
DA:202,0
DA:209,0
DA:216,0
DA:217,0
DA:220,0
DA:221,0
DA:226,0
DA:231,0
DA:243,0
DA:244,0
DA:245,0
DA:246,0
DA:256,0
DA:257,0
DA:258,0
DA:259,0
DA:260,0
DA:261,0
DA:262,0
DA:263,0
DA:264,0
DA:266,0
DA:267,0
DA:268,0
DA:269,0
DA:274,0
DA:275,0
DA:277,0
DA:280,0
DA:281,0
DA:286,0
DA:287,0
DA:288,0
DA:291,0
DA:293,0
DA:294,0
DA:297,0
DA:300,0
DA:313,0
LF:104
LH:0
BRDA:27,0,0,0
BRDA:27,1,0,0
BRDA:27,1,1,0
BRDA:33,2,0,0
BRDA:33,2,1,0
BRDA:35,3,0,0
BRDA:35,3,1,0
BRDA:36,4,0,0
BRDA:36,4,1,0
BRDA:39,5,0,0
BRDA:39,5,1,0
BRDA:45,6,0,0
BRDA:45,6,1,0
BRDA:45,6,2,0
BRDA:84,7,0,0
BRDA:85,8,0,0
BRDA:87,9,0,0
BRDA:90,10,0,0
BRDA:93,11,0,0
BRDA:93,11,1,0
BRDA:95,12,0,0
BRDA:95,12,1,0
BRDA:96,13,0,0
BRDA:96,13,1,0
BRDA:116,14,0,0
BRDA:116,14,1,0
BRDA:117,15,0,0
BRDA:117,15,1,0
BRDA:117,16,0,0
BRDA:117,16,1,0
BRDA:117,16,2,0
BRDA:127,17,0,0
BRDA:127,17,1,0
BRDA:130,18,0,0
BRDA:130,18,1,0
BRDA:131,19,0,0
BRDA:131,19,1,0
BRDA:135,20,0,0
BRDA:135,20,1,0
BRDA:152,21,0,0
BRDA:152,21,1,0
BRDA:153,22,0,0
BRDA:153,22,1,0
BRDA:156,23,0,0
BRDA:156,23,1,0
BRDA:157,24,0,0
BRDA:157,24,1,0
BRDA:160,25,0,0
BRDA:160,25,1,0
BRDA:172,26,0,0
BRDA:172,26,1,0
BRDA:180,27,0,0
BRDA:180,27,1,0
BRDA:181,28,0,0
BRDA:181,28,1,0
BRDA:183,29,0,0
BRDA:183,29,1,0
BRDA:183,30,0,0
BRDA:183,30,1,0
BRDA:183,30,2,0
BRDA:183,30,3,0
BRDA:186,31,0,0
BRDA:186,31,1,0
BRDA:187,32,0,0
BRDA:187,32,1,0
BRDA:197,33,0,0
BRDA:197,33,1,0
BRDA:216,34,0,0
BRDA:216,34,1,0
BRDA:220,35,0,0
BRDA:220,35,1,0
BRDA:227,36,0,0
BRDA:228,37,0,0
BRDA:260,38,0,0
BRDA:260,38,1,0
BRDA:269,39,0,0
BRDA:269,39,1,0
BRDA:274,40,0,0
BRDA:274,40,1,0
BRDA:274,41,0,0
BRDA:274,41,1,0
BRDA:280,42,0,0
BRDA:280,42,1,0
BRDA:280,43,0,0
BRDA:280,43,1,0
BRDA:287,44,0,0
BRDA:287,44,1,0
BRF:87
BRH:0
end_of_record
TN:
SF:lib/runtime/components/react/mpx-async-suspense.tsx
FN:62,(anonymous_0)
FN:84,(anonymous_1)
FN:110,(anonymous_2)
FN:123,(anonymous_3)
FN:127,(anonymous_4)
FN:132,(anonymous_5)
FN:137,(anonymous_6)
FN:140,(anonymous_7)
FN:161,(anonymous_8)
FNF:9
FNH:0
FNDA:0,(anonymous_0)
FNDA:0,(anonymous_1)
FNDA:0,(anonymous_2)
FNDA:0,(anonymous_3)
FNDA:0,(anonymous_4)
FNDA:0,(anonymous_5)
FNDA:0,(anonymous_6)
FNDA:0,(anonymous_7)
FNDA:0,(anonymous_8)
DA:6,0
DA:8,0
DA:62,0
DA:63,0
DA:84,0
DA:85,0
DA:110,0
DA:119,0
DA:120,0
DA:121,0
DA:123,0
DA:124,0
DA:127,0
DA:128,0
DA:129,0
DA:130,0
DA:131,0
DA:133,0
DA:134,0
DA:135,0
DA:138,0
DA:139,0
DA:140,0
DA:142,0
DA:149,0
DA:150,0
DA:155,0
DA:156,0
DA:161,0
DA:162,0
DA:166,0
DA:167,0
DA:168,0
DA:169,0
DA:170,0
DA:171,0
DA:172,0
DA:174,0
DA:177,0
DA:178,0
DA:180,0
DA:181,0
DA:182,0
DA:184,0
DA:189,0
LF:45
LH:0
BRDA:129,0,0,0
BRDA:129,0,1,0
BRDA:129,1,0,0
BRDA:129,1,1,0
BRDA:130,2,0,0
BRDA:130,2,1,0
BRDA:133,3,0,0
BRDA:133,3,1,0
BRDA:138,4,0,0
BRDA:138,4,1,0
BRDA:139,5,0,0
BRDA:139,5,1,0
BRDA:149,6,0,0
BRDA:149,6,1,0
BRDA:149,7,0,0
BRDA:149,7,1,0
BRDA:166,8,0,0
BRDA:166,8,1,0
BRDA:169,9,0,0
BRDA:169,9,1,0
BRDA:170,10,0,0
BRDA:170,10,1,0
BRDA:171,11,0,0
BRDA:171,11,1,0
BRDA:174,12,0,0
BRDA:174,12,1,0
BRDA:177,13,0,0
BRDA:177,13,1,0
BRDA:180,14,0,0
BRDA:180,14,1,0
BRDA:181,15,0,0
BRDA:181,15,1,0
BRDA:184,16,0,0
BRDA:184,16,1,0
BRF:34
BRH:0
end_of_record
TN:
SF:lib/runtime/components/react/mpx-button.tsx
FN:133,(anonymous_0)
FN:154,(anonymous_1)
FN:154,(anonymous_2)
FN:155,(anonymous_3)
FN:160,(anonymous_4)
FN:168,(anonymous_5)
FN:181,(anonymous_6)
FN:198,(anonymous_7)
FN:316,(anonymous_8)
FN:336,(anonymous_9)
FN:353,(anonymous_10)
FN:361,(anonymous_11)
FN:369,(anonymous_12)
FNF:13
FNH:0
FNDA:0,(anonymous_0)
FNDA:0,(anonymous_1)
FNDA:0,(anonymous_2)
FNDA:0,(anonymous_3)
FNDA:0,(anonymous_4)
FNDA:0,(anonymous_5)
FNDA:0,(anonymous_6)
FNDA:0,(anonymous_7)
FNDA:0,(anonymous_8)
FNDA:0,(anonymous_9)
FNDA:0,(anonymous_10)
FNDA:0,(anonymous_11)
FNDA:0,(anonymous_12)
DA:93,0
DA:95,0
DA:101,0
DA:106,0
DA:133,0
DA:134,0
DA:135,0
DA:136,0
DA:137,0
DA:139,0
DA:140,0
DA:141,0
DA:142,0
DA:145,0
DA:146,0
DA:147,0
DA:148,0
DA:151,0
DA:154,0
DA:155,0
DA:156,0
DA:160,0
DA:161,0
DA:163,0
DA:168,0
DA:169,0
DA:179,0
DA:181,0
DA:182,0
DA:186,0
DA:195,0
DA:198,0
DA:199,0
DA:222,0
DA:224,0
DA:226,0
DA:228,0
DA:229,0
DA:234,0
DA:235,0
DA:236,0
DA:239,0
DA:241,0
DA:243,0
DA:245,0
DA:251,0
DA:253,0
DA:260,0
DA:264,0
DA:271,0
DA:278,0
DA:285,0
DA:287,0
DA:302,0
DA:304,0
DA:306,0
DA:308,0
DA:310,0
DA:312,0
DA:313,0
DA:316,0
DA:317,0
DA:318,0
DA:320,0
DA:321,0
DA:322,0
DA:327,0
DA:328,0
DA:332,0
DA:333,0
DA:334,0
DA:335,0
DA:337,0
DA:340,0
DA:343,0
DA:346,0
DA:351,0
DA:352,0
DA:354,0
DA:355,0
DA:361,0
DA:362,0
DA:363,0
DA:364,0
DA:365,0
DA:369,0
DA:370,0
DA:371,0
DA:372,0
DA:373,0
DA:376,0
DA:406,0
DA:418,0
DA:422,0
DA:423,0
DA:426,0
DA:429,0
LF:97
LH:0
BRDA:134,0,0,0
BRDA:134,0,1,0
BRDA:135,1,0,0
BRDA:135,1,1,0
BRDA:140,2,0,0
BRDA:140,2,1,0
BRDA:146,3,0,0
BRDA:146,3,1,0
BRDA:154,4,0,0
BRDA:160,5,0,0
BRDA:191,6,0,0
BRDA:191,6,1,0
BRDA:199,7,0,0
BRDA:202,8,0,0
BRDA:203,9,0,0
BRDA:204,10,0,0
BRDA:205,11,0,0
BRDA:206,12,0,0
BRDA:208,13,0,0
BRDA:209,14,0,0
BRDA:210,15,0,0
BRDA:218,16,0,0
BRDA:224,17,0,0
BRDA:224,17,1,0
BRDA:234,18,0,0
BRDA:234,18,1,0
BRDA:243,19,0,0
BRDA:243,19,1,0
BRDA:243,20,0,0
BRDA:243,20,1,0
BRDA:243,21,0,0
BRDA:243,21,1,0
BRDA:245,22,0,0
BRDA:245,22,1,0
BRDA:247,23,0,0
BRDA:247,23,1,0
BRDA:251,24,0,0
BRDA:251,24,1,0
BRDA:253,25,0,0
BRDA:253,25,1,0
BRDA:255,26,0,0
BRDA:255,26,1,0
BRDA:260,27,0,0
BRDA:260,27,1,0
BRDA:261,28,0,0
BRDA:261,28,1,0
BRDA:261,29,0,0
BRDA:261,29,1,0
BRDA:261,30,0,0
BRDA:261,30,1,0
BRDA:262,31,0,0
BRDA:262,31,1,0
BRDA:262,32,0,0
BRDA:262,32,1,0
BRDA:262,32,2,0
BRDA:267,33,0,0
BRDA:267,33,1,0
BRDA:268,34,0,0
BRDA:268,34,1,0
BRDA:274,35,0,0
BRDA:274,35,1,0
BRDA:281,36,0,0
BRDA:281,36,1,0
BRDA:282,37,0,0
BRDA:282,37,1,0
BRDA:291,38,0,0
BRDA:291,38,1,0
BRDA:310,39,0,0
BRDA:312,40,0,0
BRDA:312,40,1,0
BRDA:318,41,0,0
BRDA:318,41,1,0
BRDA:320,42,0,0
BRDA:320,42,1,0
BRDA:327,43,0,0
BRDA:327,43,1,0
BRDA:329,44,0,0
BRDA:329,44,1,0
BRDA:330,45,0,0
BRDA:330,45,1,0
BRDA:332,46,0,0
BRDA:332,46,1,0
BRDA:333,47,0,0
BRDA:333,47,1,0
BRDA:334,48,0,0
BRDA:334,48,1,0
BRDA:351,49,0,0
BRDA:351,49,1,0
BRDA:351,50,0,0
BRDA:351,50,1,0
BRDA:354,51,0,0
BRDA:354,51,1,0
BRDA:362,52,0,0
BRDA:362,52,1,0
BRDA:363,53,0,0
BRDA:363,53,1,0
BRDA:364,54,0,0
BRDA:364,54,1,0
BRDA:365,55,0,0
BRDA:365,55,1,0
BRDA:370,56,0,0
BRDA:370,56,1,0
BRDA:371,57,0,0
BRDA:371,57,1,0
BRDA:384,58,0,0
BRDA:384,58,1,0
BRDA:406,59,0,0
BRDA:406,59,1,0
BRDA:418,60,0,0
BRDA:418,60,1,0
BRDA:422,61,0,0
BRDA:422,61,1,0
BRF:112
BRH:0
end_of_record
TN:
SF:lib/runtime/components/react/mpx-checkbox-group.tsx
FN:42,(anonymous_0)
FN:87,(anonymous_1)
FN:97,(anonymous_2)
FN:98,(anonymous_3)
FN:112,(anonymous_4)
FN:113,(anonymous_5)
FN:138,(anonymous_6)
FN:139,(anonymous_7)
FNF:8
FNH:0
FNDA:0,(anonymous_0)
FNDA:0,(anonymous_1)
FNDA:0,(anonymous_2)
FNDA:0,(anonymous_3)
FNDA:0,(anonymous_4)
FNDA:0,(anonymous_5)
FNDA:0,(anonymous_6)
FNDA:0,(anonymous_7)
DA:39,0
DA:43,0
DA:44,0
DA:52,0
DA:54,0
DA:58,0
DA:59,0
DA:62,0
DA:64,0
DA:69,0
DA:79,0
DA:81,0
DA:83,0
DA:85,0
DA:87,0
DA:88,0
DA:89,0
DA:90,0
DA:91,0
DA:94,0
DA:97,0
DA:98,0
DA:99,0
DA:100,0
DA:104,0
DA:105,0
DA:106,0
DA:108,0
DA:112,0
DA:113,0
DA:114,0
DA:115,0
DA:120,0
DA:138,0
DA:139,0
DA:142,0
DA:143,0
DA:158,0
DA:164,0
DA:180,0
DA:181,0
DA:184,0
DA:187,0
LF:43
LH:0
BRDA:46,0,0,0
BRDA:58,1,0,0
BRDA:58,1,1,0
BRDA:90,2,0,0
BRDA:90,2,1,0
BRDA:104,3,0,0
BRDA:104,3,1,0
BRDA:105,4,0,0
BRDA:105,4,1,0
BRDA:114,5,0,0
BRDA:114,5,1,0
BRDA:114,6,0,0
BRDA:114,6,1,0
BRDA:143,7,0,0
BRDA:143,7,1,0
BRDA:180,8,0,0
BRDA:180,8,1,0
BRF:17
BRH:0
end_of_record
TN:
SF:lib/runtime/components/react/mpx-checkbox.tsx
FN:82,(anonymous_0)
FN:114,(anonymous_1)
FN:126,(anonymous_2)
FN:188,(anonymous_3)
FN:195,(anonymous_4)
FN:202,(anonymous_5)
FNF:6
FNH:0
FNDA:0,(anonymous_0)
FNDA:0,(anonymous_1)
FNDA:0,(anonymous_2)
FNDA:0,(anonymous_3)
FNDA:0,(anonymous_4)
FNDA:0,(anonymous_5)
DA:54,0
DA:81,0
DA:83,0
DA:98,0
DA:100,0
DA:102,0
DA:106,0
DA:112,0
DA:114,0
DA:115,0
DA:116,0
DA:117,0
DA:118,0
DA:119,0
DA:121,0
DA:123,0
DA:126,0
DA:127,0
DA:128,0
DA:139,0
DA:141,0
DA:143,0
DA:148,0
DA:150,0
DA:152,0
DA:153,0
DA:156,0
DA:158,0
DA:159,0
DA:160,0
DA:163,0
DA:164,0
DA:167,0
DA:188,0
DA:189,0
DA:190,0
DA:195,0
DA:196,0
DA:197,0
DA:202,0
DA:203,0
DA:204,0
DA:205,0
DA:206,0
DA:211,0
DA:233,0
DA:234,0
DA:237,0
DA:241,0
LF:49
LH:0
BRDA:83,0,0,0
BRDA:86,1,0,0
BRDA:87,2,0,0
BRDA:88,3,0,0
BRDA:89,4,0,0
BRDA:90,5,0,0
BRDA:109,6,0,0
BRDA:109,6,1,0
BRDA:115,7,0,0
BRDA:115,7,1,0
BRDA:118,8,0,0
BRDA:118,8,1,0
BRDA:121,9,0,0
BRDA:121,9,1,0
BRDA:123,10,0,0
BRDA:123,10,1,0
BRDA:127,11,0,0
BRDA:127,11,1,0
BRDA:150,12,0,0
BRDA:152,13,0,0
BRDA:152,13,1,0
BRDA:158,14,0,0
BRDA:158,14,1,0
BRDA:163,15,0,0
BRDA:163,15,1,0
BRDA:175,16,0,0
BRDA:175,16,1,0
BRDA:189,17,0,0
BRDA:189,17,1,0
BRDA:196,18,0,0
BRDA:196,18,1,0
BRDA:203,19,0,0
BRDA:203,19,1,0
BRDA:205,20,0,0
BRDA:205,20,1,0
BRDA:218,21,0,0
BRDA:218,21,1,0
BRDA:219,22,0,0
BRDA:219,22,1,0
BRDA:233,23,0,0
BRDA:233,23,1,0
BRF:41
BRH:0
end_of_record
TN:
SF:lib/runtime/components/react/mpx-form.tsx
FN:30,(anonymous_0)
FN:77,(anonymous_1)
FN:79,(anonymous_2)
FN:100,(anonymous_3)
FN:103,(anonymous_4)
FNF:5
FNH:0
FNDA:0,(anonymous_0)
FNDA:0,(anonymous_1)
FNDA:0,(anonymous_2)
FNDA:0,(anonymous_3)
FNDA:0,(anonymous_4)
DA:30,0
DA:31,0
DA:39,0
DA:48,0
DA:50,0
DA:52,0
DA:53,0
DA:57,0
DA:58,0
DA:60,0
DA:62,0
DA:77,0
DA:78,0
DA:79,0
DA:80,0
DA:81,0
DA:82,0
DA:83,0
DA:84,0
DA:87,0
DA:100,0
DA:101,0
DA:102,0
DA:103,0
DA:105,0
DA:112,0
DA:127,0
LF:27
LH:0
BRDA:31,0,0,0
BRDA:50,1,0,0
BRDA:83,2,0,0
BRDA:83,2,1,0
BRDA:87,3,0,0
BRDA:87,3,1,0
BRDA:102,4,0,0
BRDA:102,4,1,0
BRF:8
BRH:0
end_of_record
TN:
SF:lib/runtime/components/react/mpx-image.tsx
FN:93,(anonymous_0)
FN:96,(anonymous_1)
FN:98,(anonymous_2)
FN:100,noMeetCalcRule
FN:107,(anonymous_4)
FN:148,(anonymous_5)
FN:189,(anonymous_6)
FN:194,(anonymous_7)
FN:200,(anonymous_8)
FN:300,(anonymous_9)
FN:319,(anonymous_10)
FN:333,(anonymous_11)
FN:335,(anonymous_12)
FN:350,(anonymous_13)
FN:364,(anonymous_14)
FN:368,(anonymous_15)
FN:387,(anonymous_16)
FNF:17
FNH:0
FNDA:0,(anonymous_0)
FNDA:0,(anonymous_1)
FNDA:0,(anonymous_2)
FNDA:0,noMeetCalcRule
FNDA:0,(anonymous_4)
FNDA:0,(anonymous_5)
FNDA:0,(anonymous_6)
FNDA:0,(anonymous_7)
FNDA:0,(anonymous_8)
FNDA:0,(anonymous_9)
FNDA:0,(anonymous_10)
FNDA:0,(anonymous_11)
FNDA:0,(anonymous_12)
FNDA:0,(anonymous_13)
FNDA:0,(anonymous_14)
FNDA:0,(anonymous_15)
FNDA:0,(anonymous_16)
DA:72,0
DA:73,0
DA:75,0
DA:87,0
DA:93,0
DA:96,0
DA:98,0
DA:101,0
DA:102,0
DA:103,0
DA:104,0
DA:107,0
DA:120,0
DA:122,0
DA:127,0
DA:134,0
DA:136,0
DA:137,0
DA:141,0
DA:142,0
DA:143,0
DA:144,0
DA:145,0
DA:146,0
DA:148,0
DA:149,0
DA:150,0
DA:152,0
DA:153,0
DA:154,0
DA:155,0
DA:156,0
DA:157,0
DA:158,0
DA:159,0
DA:169,0
DA:171,0
DA:180,0
DA:182,0
DA:183,0
DA:184,0
DA:185,0
DA:186,0
DA:187,0
DA:189,0
DA:190,0
DA:191,0
DA:194,0
DA:195,0
DA:196,0
DA:197,0
DA:200,0
DA:201,0
DA:202,0
DA:205,0
DA:206,0
DA:209,0
DA:216,0
DA:218,0
DA:219,0
DA:222,0
DA:229,0
DA:232,0
DA:233,0
DA:236,0
DA:240,0
DA:242,0
DA:248,0
DA:255,0
DA:262,0
DA:268,0
DA:275,0
DA:277,0
DA:283,0
DA:289,0
DA:296,0
DA:300,0
DA:301,0
DA:302,0
DA:303,0
DA:304,0
DA:306,0
DA:319,0
DA:320,0
DA:333,0
DA:334,0
DA:335,0
DA:336,0
DA:350,0
DA:351,0
DA:364,0
DA:365,0
DA:366,0
DA:369,0
DA:370,0
DA:371,0
DA:373,0
DA:378,0
DA:379,0
DA:380,0
DA:381,0
DA:382,0
DA:383,0
DA:384,0
DA:388,0
DA:394,0
DA:420,0
DA:434,0
DA:455,0
DA:457,0
DA:459,0
DA:460,0
DA:463,0
DA:466,0
LF:114
LH:0
BRDA:101,0,0,0
BRDA:101,0,1,0
BRDA:101,0,2,0
BRDA:102,1,0,0
BRDA:102,1,1,0
BRDA:102,2,0,0
BRDA:102,2,1,0
BRDA:103,3,0,0
BRDA:103,3,1,0
BRDA:103,4,0,0
BRDA:103,4,1,0
BRDA:103,4,2,0
BRDA:109,5,0,0
BRDA:110,6,0,0
BRDA:111,7,0,0
BRDA:145,8,0,0
BRDA:145,8,1,0
BRDA:145,8,2,0
BRDA:146,9,0,0
BRDA:146,9,1,0
BRDA:152,10,0,0
BRDA:152,10,1,0
BRDA:152,11,0,0
BRDA:152,11,1,0
BRDA:152,11,2,0
BRDA:177,12,0,0
BRDA:177,12,1,0
BRDA:182,13,0,0
BRDA:182,13,1,0
BRDA:183,14,0,0
BRDA:183,14,1,0
BRDA:191,15,0,0
BRDA:191,15,1,0
BRDA:195,16,0,0
BRDA:195,16,1,0
BRDA:197,17,0,0
BRDA:197,17,1,0
BRDA:201,18,0,0
BRDA:201,18,1,0
BRDA:202,19,0,0
BRDA:202,19,1,0
BRDA:202,19,2,0
BRDA:202,19,3,0
BRDA:202,19,4,0
BRDA:202,19,5,0
BRDA:202,19,6,0
BRDA:202,19,7,0
BRDA:202,19,8,0
BRDA:202,19,9,0
BRDA:202,19,10,0
BRDA:202,19,11,0
BRDA:202,19,12,0
BRDA:202,19,13,0
BRDA:202,19,14,0
BRDA:205,20,0,0
BRDA:205,20,1,0
BRDA:206,21,0,0
BRDA:206,21,1,0
BRDA:207,22,0,0
BRDA:207,22,1,0
BRDA:208,23,0,0
BRDA:208,23,1,0
BRDA:212,24,0,0
BRDA:212,24,1,0
BRDA:218,25,0,0
BRDA:218,25,1,0
BRDA:219,26,0,0
BRDA:219,26,1,0
BRDA:220,27,0,0
BRDA:220,27,1,0
BRDA:221,28,0,0
BRDA:221,28,1,0
BRDA:225,29,0,0
BRDA:225,29,1,0
BRDA:232,30,0,0
BRDA:232,30,1,0
BRDA:233,31,0,0
BRDA:233,31,1,0
BRDA:234,32,0,0
BRDA:234,32,1,0
BRDA:235,33,0,0
BRDA:235,33,1,0
BRDA:302,34,0,0
BRDA:302,34,1,0
BRDA:306,35,0,0
BRDA:306,35,1,0
BRDA:365,36,0,0
BRDA:365,36,1,0
BRDA:365,37,0,0
BRDA:365,37,1,0
BRDA:371,38,0,0
BRDA:371,38,1,0
BRDA:373,39,0,0
BRDA:373,39,1,0
BRDA:373,40,0,0
BRDA:373,40,1,0
BRDA:375,41,0,0
BRDA:375,41,1,0
BRDA:377,42,0,0
BRDA:377,42,1,0
BRDA:378,43,0,0
BRDA:378,43,1,0
BRDA:379,44,0,0
BRDA:379,44,1,0
BRDA:380,45,0,0
BRDA:380,45,1,0
BRDA:405,46,0,0
BRDA:405,46,1,0
BRDA:406,47,0,0
BRDA:406,47,1,0
BRDA:426,48,0,0
BRDA:426,48,1,0
BRDA:439,49,0,0
BRDA:439,49,1,0
BRDA:440,50,0,0
BRDA:440,50,1,0
BRDA:444,51,0,0
BRDA:444,51,1,0
BRDA:445,52,0,0
BRDA:445,52,1,0
BRDA:447,53,0,0
BRDA:447,53,1,0
BRDA:450,54,0,0
BRDA:450,54,1,0
BRDA:455,55,0,0
BRDA:455,55,1,0
BRDA:457,56,0,0
BRDA:457,56,1,0
BRDA:457,57,0,0
BRDA:457,57,1,0
BRDA:459,58,0,0
BRDA:459,58,1,0
BRF:132
BRH:0
end_of_record
TN:
SF:lib/runtime/components/react/mpx-inline-text.tsx
FN:6,(anonymous_0)
FNF:1
FNH:0
FNDA:0,(anonymous_0)
DA:6,0
DA:9,0
DA:11,0
DA:16,0
LF:4
LH:0
BRDA:8,0,0,0
BRF:1
BRH:0
end_of_record
TN:
SF:lib/runtime/components/react/mpx-input.tsx
FN:128,(anonymous_0)
FN:174,(anonymous_1)
FN:220,(anonymous_2)
FN:228,(anonymous_3)
FN:237,(anonymous_4)
FN:249,(anonymous_5)
FN:282,(anonymous_6)
FN:288,(anonymous_7)
FN:293,(anonymous_8)
FN:297,(anonymous_9)
FN:314,(anonymous_10)
FN:331,(anonymous_11)
FN:347,(anonymous_12)
FN:368,(anonymous_13)
FN:394,(anonymous_14)
FN:399,(anonymous_15)
FN:411,(anonymous_16)
FN:412,(anonymous_17)
FN:419,(anonymous_18)
FN:425,(anonymous_19)
FNF:20
FNH:0
FNDA:0,(anonymous_0)
FNDA:0,(anonymous_1)
FNDA:0,(anonymous_2)
FNDA:0,(anonymous_3)
FNDA:0,(anonymous_4)
FNDA:0,(anonymous_5)
FNDA:0,(anonymous_6)
FNDA:0,(anonymous_7)
FNDA:0,(anonymous_8)
FNDA:0,(anonymous_9)
FNDA:0,(anonymous_10)
FNDA:0,(anonymous_11)
FNDA:0,(anonymous_12)
FNDA:0,(anonymous_13)
FNDA:0,(anonymous_14)
FNDA:0,(anonymous_15)
FNDA:0,(anonymous_16)
FNDA:0,(anonymous_17)
FNDA:0,(anonymous_18)
FNDA:0,(anonymous_19)
DA:121,0
DA:128,0
DA:162,0
DA:164,0
DA:166,0
DA:170,0
DA:171,0
DA:174,0
DA:175,0
DA:176,0
DA:177,0
DA:179,0
DA:181,0
DA:182,0
DA:185,0
DA:186,0
DA:187,0
DA:189,0
DA:190,0
DA:191,0
DA:193,0
DA:194,0
DA:195,0
DA:197,0
DA:211,0
DA:213,0
DA:214,0
DA:218,0
DA:220,0
DA:221,0
DA:222,0
DA:223,0
DA:224,0
DA:228,0
DA:229,0
DA:230,0
DA:231,0
DA:232,0
DA:237,0
DA:242,0
DA:243,0
DA:244,0
DA:245,0
DA:246,0
DA:249,0
DA:250,0
DA:252,0
DA:253,0
DA:254,0
DA:255,0
DA:256,0
DA:257,0
DA:271,0
DA:272,0
DA:273,0
DA:275,0
DA:278,0
DA:282,0
DA:283,0
DA:284,0
DA:288,0
DA:290,0
DA:293,0
DA:294,0
DA:297,0
DA:298,0
DA:299,0
DA:314,0
DA:315,0
DA:331,0
DA:332,0
DA:347,0
DA:348,0
DA:349,0
DA:350,0
DA:351,0
DA:352,0
DA:368,0
DA:369,0
DA:370,0
DA:371,0
DA:372,0
DA:373,0
DA:374,0
DA:390,0
DA:394,0
DA:395,0
DA:396,0
DA:399,0
DA:400,0
DA:403,0
DA:404,0
DA:405,0
DA:407,0
DA:411,0
DA:412,0
DA:413,0
DA:414,0
DA:419,0
DA:420,0
DA:421,0
DA:425,0
DA:426,0
DA:427,0
DA:429,0
DA:434,0
DA:487,0
DA:489,0
DA:490,0
DA:493,0
DA:496,0
LF:111
LH:0
BRDA:125,0,0,0
BRDA:125,0,1,0
BRDA:130,1,0,0
BRDA:131,2,0,0
BRDA:132,3,0,0
BRDA:135,4,0,0
BRDA:137,5,0,0
BRDA:138,6,0,0
BRDA:141,7,0,0
BRDA:142,8,0,0
BRDA:145,9,0,0
BRDA:146,10,0,0
BRDA:152,11,0,0
BRDA:170,12,0,0
BRDA:170,12,1,0
BRDA:175,13,0,0
BRDA:175,13,1,0
BRDA:176,14,0,0
BRDA:176,14,1,0
BRDA:176,15,0,0
BRDA:176,15,1,0
BRDA:181,16,0,0
BRDA:181,16,1,0
BRDA:187,17,0,0
BRDA:187,17,1,0
BRDA:200,18,0,0
BRDA:200,18,1,0
BRDA:200,19,0,0
BRDA:200,19,1,0
BRDA:201,20,0,0
BRDA:201,20,1,0
BRDA:221,21,0,0
BRDA:221,21,1,0
BRDA:229,22,0,0
BRDA:229,22,1,0
BRDA:230,23,0,0
BRDA:230,23,1,0
BRDA:231,24,0,0
BRDA:231,24,1,0
BRDA:242,25,0,0
BRDA:242,25,1,0
BRDA:243,26,0,0
BRDA:243,26,1,0
BRDA:243,27,0,0
BRDA:243,27,1,0
BRDA:243,27,2,0
BRDA:252,28,0,0
BRDA:252,28,1,0
BRDA:256,29,0,0
BRDA:256,29,1,0
BRDA:271,30,0,0
BRDA:271,30,1,0
BRDA:283,31,0,0
BRDA:283,31,1,0
BRDA:283,32,0,0
BRDA:283,32,1,0
BRDA:299,33,0,0
BRDA:299,33,1,0
BRDA:305,34,0,0
BRDA:305,34,1,0
BRDA:315,35,0,0
BRDA:315,35,1,0
BRDA:321,36,0,0
BRDA:321,36,1,0
BRDA:338,37,0,0
BRDA:338,37,1,0
BRDA:352,38,0,0
BRDA:352,38,1,0
BRDA:370,39,0,0
BRDA:370,39,1,0
BRDA:370,40,0,0
BRDA:370,40,1,0
BRDA:371,41,0,0
BRDA:371,41,1,0
BRDA:371,42,0,0
BRDA:371,42,1,0
BRDA:371,42,2,0
BRDA:372,43,0,0
BRDA:372,43,1,0
BRDA:373,44,0,0
BRDA:373,44,1,0
BRDA:374,45,0,0
BRDA:374,45,1,0
BRDA:403,46,0,0
BRDA:403,46,1,0
BRDA:404,47,0,0
BRDA:404,47,1,0
BRDA:413,48,0,0
BRDA:413,48,1,0
BRDA:413,49,0,0
BRDA:413,49,1,0
BRDA:420,50,0,0
BRDA:420,50,1,0
BRDA:426,51,0,0
BRDA:426,51,1,0
BRDA:429,52,0,0
BRDA:429,52,1,0
BRDA:447,53,0,0
BRDA:447,53,1,0
BRDA:449,54,0,0
BRDA:449,54,1,0
BRDA:450,55,0,0
BRDA:450,55,1,0
BRDA:450,56,0,0
BRDA:450,56,1,0
BRDA:452,57,0,0
BRDA:452,57,1,0
BRDA:464,58,0,0
BRDA:464,58,1,0
BRDA:464,58,2,0
BRDA:466,59,0,0
BRDA:466,59,1,0
BRDA:466,60,0,0
BRDA:466,60,1,0
BRDA:489,61,0,0
BRDA:489,61,1,0
BRF:116
BRH:0
end_of_record
TN:
SF:lib/runtime/components/react/mpx-keyboard-avoiding-view.tsx
FN:13,(anonymous_0)
FN:21,(anonymous_1)
FN:26,(anonymous_2)
FN:34,(anonymous_3)
FN:40,(anonymous_4)
FN:45,(anonymous_5)
FN:49,(anonymous_6)
FN:50,(anonymous_7)
FN:55,(anonymous_8)
FN:68,(anonymous_9)
FN:72,(anonymous_10)
FN:78,(anonymous_11)
FN:90,(anonymous_12)
FN:91,(anonymous_13)
FNF:14
FNH:0
FNDA:0,(anonymous_0)
FNDA:0,(anonymous_1)
FNDA:0,(anonymous_2)
FNDA:0,(anonymous_3)
FNDA:0,(anonymous_4)
FNDA:0,(anonymous_5)
FNDA:0,(anonymous_6)
FNDA:0,(anonymous_7)
FNDA:0,(anonymous_8)
FNDA:0,(anonymous_9)
FNDA:0,(anonymous_10)
FNDA:0,(anonymous_11)
FNDA:0,(anonymous_12)
FNDA:0,(anonymous_13)
DA:13,0
DA:14,0
DA:15,0
DA:17,0
DA:18,0
DA:19,0
DA:21,0
DA:26,0
DA:27,0
DA:28,0
DA:30,0
DA:31,0
DA:34,0
DA:35,0
DA:36,0
DA:40,0
DA:41,0
DA:43,0
DA:44,0
DA:46,0
DA:47,0
DA:48,0
DA:49,0
DA:50,0
DA:51,0
DA:52,0
DA:53,0
DA:54,0
DA:55,0
DA:56,0
DA:58,0
DA:67,0
DA:69,0
DA:70,0
DA:71,0
DA:72,0
DA:73,0
DA:74,0
DA:75,0
DA:76,0
DA:77,0
DA:78,0
DA:79,0
DA:81,0
DA:90,0
DA:91,0
DA:95,0
DA:109,0
LF:48
LH:0
BRDA:14,0,0,0
BRDA:14,0,1,0
BRDA:15,1,0,0
BRDA:15,1,1,0
BRDA:27,2,0,0
BRDA:27,2,1,0
BRDA:35,3,0,0
BRDA:35,3,1,0
BRDA:36,4,0,0
BRDA:36,4,1,0
BRDA:43,5,0,0
BRDA:43,5,1,0
BRDA:46,6,0,0
BRDA:46,6,1,0
BRDA:48,7,0,0
BRDA:52,8,0,0
BRDA:52,8,1,0
BRDA:54,9,0,0
BRDA:54,9,1,0
BRDA:56,10,0,0
BRDA:56,10,1,0
BRDA:69,11,0,0
BRDA:69,11,1,0
BRDA:71,12,0,0
BRDA:75,13,0,0
BRDA:75,13,1,0
BRDA:77,14,0,0
BRDA:77,14,1,0
BRDA:79,15,0,0
BRDA:79,15,1,0
BRF:30
BRH:0
end_of_record
TN:
SF:lib/runtime/components/react/mpx-label.tsx
FN:27,(anonymous_0)
FN:73,(anonymous_1)
FNF:2
FNH:0
FNDA:0,(anonymous_0)
FNDA:0,(anonymous_1)
DA:26,0
DA:28,0
DA:29,0
DA:38,0
DA:40,0
DA:42,0
DA:46,0
DA:56,0
DA:58,0
DA:59,0
DA:61,0
DA:63,0
DA:65,0
DA:66,0
DA:69,0
DA:73,0
DA:74,0
DA:75,0
DA:76,0
DA:79,0
DA:96,0
DA:110,0
DA:111,0
DA:114,0
DA:118,0
LF:25
LH:0
BRDA:28,0,0,0
BRDA:32,1,0,0
BRDA:63,2,0,0
BRDA:65,3,0,0
BRDA:65,3,1,0
BRDA:75,4,0,0
BRDA:75,4,1,0
BRDA:110,5,0,0
BRDA:110,5,1,0
BRF:9
BRH:0
end_of_record
TN:
SF:lib/runtime/components/react/mpx-movable-area.tsx
FN:26,(anonymous_0)
FN:44,(anonymous_1)
FNF:2
FNH:0
FNDA:0,(anonymous_0)
FNDA:0,(anonymous_1)
DA:26,0
DA:27,0
DA:37,0
DA:39,0
DA:40,0
DA:44,0
DA:49,0
DA:51,0
DA:65,0
DA:76,0
DA:77,0
DA:79,0
DA:82,0
LF:13
LH:0
BRDA:27,0,0,0
BRDA:45,1,0,0
BRDA:45,1,1,0
BRDA:46,2,0,0
BRDA:46,2,1,0
BRDA:76,3,0,0
BRDA:76,3,1,0
BRF:7
BRH:0
end_of_record
TN:
SF:lib/runtime/components/react/mpx-movable-view.tsx
FN:83,(anonymous_0)
FN:170,(anonymous_1)
FN:173,(anonymous_2)
FN:182,(anonymous_3)
FN:204,(anonymous_4)
FN:213,(anonymous_5)
FN:214,(anonymous_6)
FN:244,(anonymous_7)
FN:251,(anonymous_8)
FN:272,(anonymous_9)
FN:300,(anonymous_10)
FN:320,(anonymous_11)
FN:322,(anonymous_12)
FN:335,(anonymous_13)
FN:342,(anonymous_14)
FN:350,(anonymous_15)
FN:353,(anonymous_16)
FN:354,(anonymous_17)
FN:373,(anonymous_18)
FN:380,(anonymous_19)
FN:402,(anonymous_20)
FN:417,(anonymous_21)
FN:418,(anonymous_22)
FN:433,(anonymous_23)
FN:445,(anonymous_24)
FN:452,(anonymous_25)
FN:462,(anonymous_26)
FN:491,(anonymous_27)
FN:499,(anonymous_28)
FN:538,(anonymous_29)
FN:554,(anonymous_30)
FN:586,(anonymous_31)
FN:595,(anonymous_32)
FN:603,(anonymous_33)
FN:606,(anonymous_34)
FNF:35
FNH:0
FNDA:0,(anonymous_0)
FNDA:0,(anonymous_1)
FNDA:0,(anonymous_2)
FNDA:0,(anonymous_3)
FNDA:0,(anonymous_4)
FNDA:0,(anonymous_5)
FNDA:0,(anonymous_6)
FNDA:0,(anonymous_7)
FNDA:0,(anonymous_8)
FNDA:0,(anonymous_9)
FNDA:0,(anonymous_10)
FNDA:0,(anonymous_11)
FNDA:0,(anonymous_12)
FNDA:0,(anonymous_13)
FNDA:0,(anonymous_14)
FNDA:0,(anonymous_15)
FNDA:0,(anonymous_16)
FNDA:0,(anonymous_17)
FNDA:0,(anonymous_18)
FNDA:0,(anonymous_19)
FNDA:0,(anonymous_20)
FNDA:0,(anonymous_21)
FNDA:0,(anonymous_22)
FNDA:0,(anonymous_23)
FNDA:0,(anonymous_24)
FNDA:0,(anonymous_25)
FNDA:0,(anonymous_26)
FNDA:0,(anonymous_27)
FNDA:0,(anonymous_28)
FNDA:0,(anonymous_29)
FNDA:0,(anonymous_30)
FNDA:0,(anonymous_31)
FNDA:0,(anonymous_32)
FNDA:0,(anonymous_33)
FNDA:0,(anonymous_34)
DA:75,0
DA:83,0
DA:84,0
DA:85,0
DA:86,0
DA:87,0
DA:88,0
DA:89,0
DA:90,0
DA:121,0
DA:130,0
DA:132,0
DA:134,0
DA:135,0
DA:136,0
DA:137,0
DA:139,0
DA:140,0
DA:142,0
DA:147,0
DA:148,0
DA:149,0
DA:150,0
DA:151,0
DA:152,0
DA:153,0
DA:154,0
DA:155,0
DA:157,0
DA:159,0
DA:160,0
DA:162,0
DA:164,0
DA:169,0
DA:170,0
DA:172,0
DA:173,0
DA:175,0
DA:176,0
DA:179,0
DA:180,0
DA:182,0
DA:183,0
DA:184,0
DA:185,0
DA:186,0
DA:187,0
DA:189,0
DA:191,0
DA:204,0
DA:206,0
DA:207,0
DA:208,0
DA:209,0
DA:213,0
DA:214,0
DA:215,0
DA:216,0
DA:217,0
DA:218,0
DA:225,0
DA:226,0
DA:233,0
DA:234,0
DA:244,0
DA:245,0
DA:246,0
DA:247,0
DA:251,0
DA:252,0
DA:254,0
DA:255,0
DA:256,0
DA:257,0
DA:259,0
DA:262,0
DA:263,0
DA:264,0
DA:265,0
DA:268,0
DA:269,0
DA:272,0
DA:273,0
DA:274,0
DA:276,0
DA:277,0
DA:279,0
DA:280,0
DA:285,0
DA:286,0
DA:288,0
DA:291,0
DA:292,0
DA:294,0
DA:296,0
DA:297,0
DA:300,0
DA:302,0
DA:303,0
DA:305,0
DA:306,0
DA:307,0
DA:308,0
DA:311,0
DA:312,0
DA:313,0
DA:314,0
DA:317,0
DA:320,0
DA:321,0
DA:322,0
DA:323,0
DA:324,0
DA:325,0
DA:326,0
DA:327,0
DA:329,0
DA:330,0
DA:335,0
DA:336,0
DA:337,0
DA:338,0
DA:339,0
DA:340,0
DA:342,0
DA:343,0
DA:344,0
DA:345,0
DA:347,0
DA:350,0
DA:351,0
DA:352,0
DA:353,0
DA:354,0
DA:355,0
DA:356,0
DA:357,0
DA:358,0
DA:361,0
DA:373,0
DA:374,0
DA:375,0
DA:376,0
DA:377,0
DA:380,0
DA:381,0
DA:382,0
DA:383,0
DA:384,0
DA:385,0
DA:386,0
DA:387,0
DA:389,0
DA:392,0
DA:393,0
DA:394,0
DA:395,0
DA:396,0
DA:398,0
DA:402,0
DA:403,0
DA:404,0
DA:405,0
DA:406,0
DA:409,0
DA:415,0
DA:417,0
DA:418,0
DA:420,0
DA:421,0
DA:422,0
DA:423,0
DA:432,0
DA:435,0
DA:436,0
DA:437,0
DA:441,0
DA:442,0
DA:447,0
DA:454,0
DA:455,0
DA:456,0
DA:457,0
DA:458,0
DA:460,0
DA:464,0
DA:465,0
DA:466,0
DA:467,0
DA:468,0
DA:469,0
DA:471,0
DA:474,0
DA:475,0
DA:476,0
DA:477,0
DA:478,0
DA:480,0
DA:483,0
DA:485,0
DA:493,0
DA:494,0
DA:495,0
DA:496,0
DA:501,0
DA:502,0
DA:504,0
DA:505,0
DA:506,0
DA:507,0
DA:508,0
DA:515,0
DA:516,0
DA:523,0
DA:524,0
DA:530,0
DA:532,0
DA:533,0
DA:534,0
DA:539,0
DA:540,0
DA:541,0
DA:548,0
DA:549,0
DA:550,0
DA:555,0
DA:556,0
DA:557,0
DA:568,0
DA:569,0
DA:570,0
DA:571,0
DA:572,0
DA:576,0
DA:577,0
DA:580,0
DA:581,0
DA:583,0
DA:586,0
DA:587,0
DA:595,0
DA:596,0
DA:598,0
DA:603,0
DA:605,0
DA:606,0
DA:607,0
DA:610,0
DA:613,0
DA:617,0
DA:630,0
DA:643,0
DA:658,0
LF:253
LH:0
BRDA:84,0,0,0
BRDA:90,1,0,0
BRDA:90,1,1,0
BRDA:93,2,0,0
BRDA:94,3,0,0
BRDA:95,4,0,0
BRDA:96,5,0,0
BRDA:97,6,0,0
BRDA:98,7,0,0
BRDA:104,8,0,0
BRDA:105,9,0,0
BRDA:106,10,0,0
BRDA:107,11,0,0
BRDA:108,12,0,0
BRDA:109,13,0,0
BRDA:134,14,0,0
BRDA:134,14,1,0
BRDA:135,15,0,0
BRDA:135,15,1,0
BRDA:154,16,0,0
BRDA:154,16,1,0
BRDA:154,17,0,0
BRDA:154,17,1,0
BRDA:169,18,0,0
BRDA:169,18,1,0
BRDA:169,19,0,0
BRDA:169,19,1,0
BRDA:170,20,0,0
BRDA:170,20,1,0
BRDA:172,21,0,0
BRDA:172,21,1,0
BRDA:172,22,0,0
BRDA:172,22,1,0
BRDA:173,23,0,0
BRDA:173,23,1,0
BRDA:175,24,0,0
BRDA:175,24,1,0
BRDA:175,25,0,0
BRDA:175,25,1,0
BRDA:179,26,0,0
BRDA:179,26,1,0
BRDA:180,27,0,0
BRDA:180,27,1,0
BRDA:184,28,0,0
BRDA:184,28,1,0
BRDA:186,29,0,0
BRDA:186,29,1,0
BRDA:207,30,0,0
BRDA:207,30,1,0
BRDA:215,31,0,0
BRDA:215,31,1,0
BRDA:215,32,0,0
BRDA:215,32,1,0
BRDA:217,33,0,0
BRDA:217,33,1,0
BRDA:217,34,0,0
BRDA:217,34,1,0
BRDA:218,35,0,0
BRDA:218,35,1,0
BRDA:225,36,0,0
BRDA:225,36,1,0
BRDA:225,37,0,0
BRDA:225,37,1,0
BRDA:226,38,0,0
BRDA:226,38,1,0
BRDA:233,39,0,0
BRDA:233,39,1,0
BRDA:246,40,0,0
BRDA:246,40,1,0
BRDA:246,41,0,0
BRDA:246,41,1,0
BRDA:252,42,0,0
BRDA:252,42,1,0
BRDA:252,42,2,0
BRDA:252,42,3,0
BRDA:255,43,0,0
BRDA:255,43,1,0
BRDA:256,44,0,0
BRDA:256,44,1,0
BRDA:262,45,0,0
BRDA:262,45,1,0
BRDA:264,46,0,0
BRDA:264,46,1,0
BRDA:264,47,0,0
BRDA:264,47,1,0
BRDA:264,47,2,0
BRDA:264,47,3,0
BRDA:273,48,0,0
BRDA:273,48,1,0
BRDA:273,48,2,0
BRDA:274,49,0,0
BRDA:274,49,1,0
BRDA:274,49,2,0
BRDA:276,50,0,0
BRDA:276,50,1,0
BRDA:277,51,0,0
BRDA:277,51,1,0
BRDA:285,52,0,0
BRDA:285,52,1,0
BRDA:288,53,0,0
BRDA:288,53,1,0
BRDA:288,54,0,0
BRDA:288,54,1,0
BRDA:291,55,0,0
BRDA:291,55,1,0
BRDA:294,56,0,0
BRDA:294,56,1,0
BRDA:294,57,0,0
BRDA:294,57,1,0
BRDA:305,58,0,0
BRDA:305,58,1,0
BRDA:307,59,0,0
BRDA:307,59,1,0
BRDA:311,60,0,0
BRDA:311,60,1,0
BRDA:313,61,0,0
BRDA:313,61,1,0
BRDA:326,62,0,0
BRDA:326,62,1,0
BRDA:329,63,0,0
BRDA:329,63,1,0
BRDA:337,64,0,0
BRDA:337,64,1,0
BRDA:338,65,0,0
BRDA:338,65,1,0
BRDA:339,66,0,0
BRDA:339,66,1,0
BRDA:340,67,0,0
BRDA:340,67,1,0
BRDA:343,68,0,0
BRDA:343,69,0,0
BRDA:343,69,1,0
BRDA:347,70,0,0
BRDA:347,70,1,0
BRDA:351,71,0,0
BRDA:351,72,0,0
BRDA:351,72,1,0
BRDA:354,73,0,0
BRDA:354,73,1,0
BRDA:362,74,0,0
BRDA:362,74,1,0
BRDA:364,75,0,0
BRDA:364,75,1,0
BRDA:376,76,0,0
BRDA:376,76,1,0
BRDA:377,77,0,0
BRDA:377,77,1,0
BRDA:383,78,0,0
BRDA:383,78,1,0
BRDA:384,79,0,0
BRDA:384,79,1,0
BRDA:385,80,0,0
BRDA:385,80,1,0
BRDA:386,81,0,0
BRDA:386,81,1,0
BRDA:387,82,0,0
BRDA:387,82,1,0
BRDA:389,83,0,0
BRDA:389,83,1,0
BRDA:392,84,0,0
BRDA:392,84,1,0
BRDA:393,85,0,0
BRDA:393,85,1,0
BRDA:394,86,0,0
BRDA:394,86,1,0
BRDA:395,87,0,0
BRDA:395,87,1,0
BRDA:396,88,0,0
BRDA:396,88,1,0
BRDA:398,89,0,0
BRDA:398,89,1,0
BRDA:405,90,0,0
BRDA:405,90,1,0
BRDA:406,91,0,0
BRDA:406,91,1,0
BRDA:420,92,0,0
BRDA:420,92,1,0
BRDA:420,92,2,0
BRDA:421,93,0,0
BRDA:421,93,1,0
BRDA:421,93,2,0
BRDA:422,94,0,0
BRDA:422,94,1,0
BRDA:422,95,0,0
BRDA:422,95,1,0
BRDA:435,96,0,0
BRDA:435,96,1,0
BRDA:441,97,0,0
BRDA:441,97,1,0
BRDA:441,98,0,0
BRDA:441,98,1,0
BRDA:454,99,0,0
BRDA:454,99,1,0
BRDA:456,100,0,0
BRDA:456,100,1,0
BRDA:457,101,0,0
BRDA:457,101,1,0
BRDA:464,102,0,0
BRDA:464,102,1,0
BRDA:465,103,0,0
BRDA:465,103,1,0
BRDA:465,104,0,0
BRDA:465,104,1,0
BRDA:467,105,0,0
BRDA:467,105,1,0
BRDA:474,106,0,0
BRDA:474,106,1,0
BRDA:474,107,0,0
BRDA:474,107,1,0
BRDA:476,108,0,0
BRDA:476,108,1,0
BRDA:483,109,0,0
BRDA:483,109,1,0
BRDA:495,110,0,0
BRDA:495,110,1,0
BRDA:495,111,0,0
BRDA:495,111,1,0
BRDA:502,112,0,0
BRDA:502,112,1,0
BRDA:504,113,0,0
BRDA:504,113,1,0
BRDA:504,114,0,0
BRDA:504,114,1,0
BRDA:506,115,0,0
BRDA:506,115,1,0
BRDA:506,116,0,0
BRDA:506,116,1,0
BRDA:507,117,0,0
BRDA:507,117,1,0
BRDA:508,118,0,0
BRDA:508,118,1,0
BRDA:515,119,0,0
BRDA:515,119,1,0
BRDA:516,120,0,0
BRDA:516,120,1,0
BRDA:523,121,0,0
BRDA:523,121,1,0
BRDA:530,122,0,0
BRDA:530,122,1,0
BRDA:532,123,0,0
BRDA:532,123,1,0
BRDA:532,124,0,0
BRDA:532,124,1,0
BRDA:540,125,0,0
BRDA:540,125,1,0
BRDA:548,126,0,0
BRDA:548,126,1,0
BRDA:548,127,0,0
BRDA:548,127,1,0
BRDA:556,128,0,0
BRDA:556,128,1,0
BRDA:568,129,0,0
BRDA:568,129,1,0
BRDA:569,130,0,0
BRDA:569,130,1,0
BRDA:571,131,0,0
BRDA:571,131,1,0
BRDA:576,132,0,0
BRDA:576,132,1,0
BRDA:576,133,0,0
BRDA:576,133,1,0
BRDA:580,134,0,0
BRDA:580,134,1,0
BRDA:580,135,0,0
BRDA:580,135,1,0
BRDA:603,136,0,0
BRDA:605,137,0,0
BRDA:605,137,1,0
BRDA:607,138,0,0
BRDA:607,138,1,0
BRDA:613,139,0,0
BRDA:613,139,1,0
BRDA:613,140,0,0
BRDA:613,140,1,0
BRF:274
BRH:0
end_of_record
TN:
SF:lib/runtime/components/react/mpx-navigator.tsx
FN:21,(anonymous_0)
FN:29,(anonymous_1)
FNF:2
FNH:0
FNDA:0,(anonymous_0)
FNDA:0,(anonymous_1)
DA:21,0
DA:27,0
DA:29,0
DA:30,0
DA:32,0
DA:33,0
DA:35,0
DA:36,0
DA:38,0
DA:39,0
DA:41,0
DA:42,0
DA:44,0
DA:45,0
DA:49,0
DA:54,0
DA:57,0
LF:17
LH:0
BRDA:25,0,0,0
BRDA:30,1,0,0
BRDA:30,1,1,0
BRDA:30,1,2,0
BRDA:30,1,3,0
BRDA:30,1,4,0
BRF:6
BRH:0
end_of_record
TN:
SF:lib/runtime/components/react/mpx-radio-group.tsx
FN:43,(anonymous_0)
FN:89,(anonymous_1)
FN:97,(anonymous_2)
FN:98,(anonymous_3)
FN:111,(anonymous_4)
FN:112,(anonymous_5)
FN:119,(anonymous_6)
FN:120,(anonymous_7)
FNF:8
FNH:0
FNDA:0,(anonymous_0)
FNDA:0,(anonymous_1)
FNDA:0,(anonymous_2)
FNDA:0,(anonymous_3)
FNDA:0,(anonymous_4)
FNDA:0,(anonymous_5)
FNDA:0,(anonymous_6)
FNDA:0,(anonymous_7)
DA:40,0
DA:51,0
DA:53,0
DA:55,0
DA:57,0
DA:61,0
DA:62,0
DA:65,0
DA:67,0
DA:72,0
DA:82,0
DA:84,0
DA:85,0
DA:87,0
DA:89,0
DA:90,0
DA:91,0
DA:92,0
DA:97,0
DA:98,0
DA:99,0
DA:100,0
DA:104,0
DA:105,0
DA:106,0
DA:108,0
DA:111,0
DA:112,0
DA:113,0
DA:114,0
DA:119,0
DA:120,0
DA:123,0
DA:124,0
DA:139,0
DA:145,0
DA:161,0
DA:177,0
DA:178,0
DA:181,0
DA:184,0
LF:41
LH:0
BRDA:45,0,0,0
BRDA:61,1,0,0
BRDA:61,1,1,0
BRDA:91,2,0,0
BRDA:91,2,1,0
BRDA:104,3,0,0
BRDA:104,3,1,0
BRDA:105,4,0,0
BRDA:105,4,1,0
BRDA:113,5,0,0
BRDA:113,5,1,0
BRDA:113,6,0,0
BRDA:113,6,1,0
BRDA:124,7,0,0
BRDA:124,7,1,0
BRDA:177,8,0,0
BRDA:177,8,1,0
BRF:17
BRH:0
end_of_record
TN:
SF:lib/runtime/components/react/mpx-radio.tsx
FN:68,(anonymous_0)
FN:102,(anonymous_1)
FN:115,(anonymous_2)
FN:174,(anonymous_3)
FN:181,(anonymous_4)
FN:188,(anonymous_5)
FNF:6
FNH:0
FNDA:0,(anonymous_0)
FNDA:0,(anonymous_1)
FNDA:0,(anonymous_2)
FNDA:0,(anonymous_3)
FNDA:0,(anonymous_4)
FNDA:0,(anonymous_5)
DA:33,0
DA:67,0
DA:69,0
DA:83,0
DA:85,0
DA:87,0
DA:91,0
DA:93,0
DA:100,0
DA:102,0
DA:103,0
DA:104,0
DA:105,0
DA:106,0
DA:107,0
DA:108,0
DA:109,0
DA:112,0
DA:115,0
DA:116,0
DA:117,0
DA:128,0
DA:130,0
DA:132,0
DA:133,0
DA:136,0
DA:137,0
DA:142,0
DA:144,0
DA:145,0
DA:146,0
DA:149,0
DA:150,0
DA:153,0
DA:174,0
DA:175,0
DA:176,0
DA:181,0
DA:182,0
DA:183,0
DA:188,0
DA:189,0
DA:190,0
DA:191,0
DA:192,0
DA:197,0
DA:219,0
DA:220,0
DA:223,0
DA:227,0
LF:50
LH:0
BRDA:69,0,0,0
BRDA:72,1,0,0
BRDA:73,2,0,0
BRDA:74,3,0,0
BRDA:75,4,0,0
BRDA:76,5,0,0
BRDA:96,6,0,0
BRDA:96,6,1,0
BRDA:97,7,0,0
BRDA:97,7,1,0
BRDA:103,8,0,0
BRDA:103,8,1,0
BRDA:103,9,0,0
BRDA:103,9,1,0
BRDA:105,10,0,0
BRDA:105,10,1,0
BRDA:107,11,0,0
BRDA:107,11,1,0
BRDA:112,12,0,0
BRDA:112,12,1,0
BRDA:116,13,0,0
BRDA:116,13,1,0
BRDA:130,14,0,0
BRDA:132,15,0,0
BRDA:132,15,1,0
BRDA:144,16,0,0
BRDA:144,16,1,0
BRDA:149,17,0,0
BRDA:149,17,1,0
BRDA:161,18,0,0
BRDA:161,18,1,0
BRDA:175,19,0,0
BRDA:175,19,1,0
BRDA:182,20,0,0
BRDA:182,20,1,0
BRDA:189,21,0,0
BRDA:189,21,1,0
BRDA:191,22,0,0
BRDA:191,22,1,0
BRDA:204,23,0,0
BRDA:204,23,1,0
BRDA:205,24,0,0
BRDA:205,24,1,0
BRDA:205,25,0,0
BRDA:205,25,1,0
BRDA:219,26,0,0
BRDA:219,26,1,0
BRF:47
BRH:0
end_of_record
TN:
SF:lib/runtime/components/react/mpx-root-portal.tsx
FN:13,(anonymous_0)
FNF:1
FNH:0
FNDA:0,(anonymous_0)
DA:13,0
DA:14,0
DA:15,0
DA:16,0
DA:18,0
DA:23,0
LF:6
LH:0
BRDA:14,0,0,0
BRDA:15,1,0,0
BRDA:15,1,1,0
BRDA:18,2,0,0
BRDA:18,2,1,0
BRF:5
BRH:0
end_of_record
TN:
SF:lib/runtime/components/react/mpx-scroll-view.tsx
FN:115,(anonymous_0)
FN:240,(anonymous_1)
FN:250,(anonymous_2)
FN:256,(anonymous_3)
FN:260,(anonymous_4)
FN:264,(anonymous_5)
FN:270,(anonymous_6)
FN:273,(anonymous_7)
FN:283,(anonymous_8)
FN:299,scrollTo
FN:303,handleScrollIntoView
FN:309,(anonymous_11)
FN:317,selectLength
FN:321,selectOffset
FN:325,onStartReached
FN:346,onEndReached
FN:369,onContentSizeChange
FN:373,onLayout
FN:378,updateScrollOptions
FN:391,onScroll
FN:418,onScrollEnd
FN:441,updateIntersection
FN:448,scrollToOffset
FN:458,onScrollTouchMove
FN:474,onScrollDrag
FN:484,(anonymous_25)
FN:490,onScrollDragStart
FN:508,onScrollDragEnd
FN:526,onRefresh
FN:530,(anonymous_29)
FN:545,getRefresherContent
FN:549,(anonymous_31)
FN:564,(anonymous_32)
FN:576,(anonymous_33)
FN:586,onRefresherLayout
FN:592,updateScrollState
FN:600,(anonymous_36)
FN:605,updateBouncesState
FN:615,(anonymous_38)
FN:649,(anonymous_39)
FNF:40
FNH:0
FNDA:0,(anonymous_0)
FNDA:0,(anonymous_1)
FNDA:0,(anonymous_2)
FNDA:0,(anonymous_3)
FNDA:0,(anonymous_4)
FNDA:0,(anonymous_5)
FNDA:0,(anonymous_6)
FNDA:0,(anonymous_7)
FNDA:0,(anonymous_8)
FNDA:0,scrollTo
FNDA:0,handleScrollIntoView
FNDA:0,(anonymous_11)
FNDA:0,selectLength
FNDA:0,selectOffset
FNDA:0,onStartReached
FNDA:0,onEndReached
FNDA:0,onContentSizeChange
FNDA:0,onLayout
FNDA:0,updateScrollOptions
FNDA:0,onScroll
FNDA:0,onScrollEnd
FNDA:0,updateIntersection
FNDA:0,scrollToOffset
FNDA:0,onScrollTouchMove
FNDA:0,onScrollDrag
FNDA:0,(anonymous_25)
FNDA:0,onScrollDragStart
FNDA:0,onScrollDragEnd
FNDA:0,onRefresh
FNDA:0,(anonymous_29)
FNDA:0,getRefresherContent
FNDA:0,(anonymous_31)
FNDA:0,(anonymous_32)
FNDA:0,(anonymous_33)
FNDA:0,onRefresherLayout
FNDA:0,updateScrollState
FNDA:0,(anonymous_36)
FNDA:0,updateBouncesState
FNDA:0,(anonymous_38)
FNDA:0,(anonymous_39)
DA:113,0
DA:115,0
DA:116,0
DA:155,0
DA:157,0
DA:159,0
DA:160,0
DA:162,0
DA:163,0
DA:165,0
DA:167,0
DA:168,0
DA:170,0
DA:171,0
DA:173,0
DA:174,0
DA:175,0
DA:177,0
DA:185,0
DA:186,0
DA:187,0
DA:188,0
DA:190,0
DA:192,0
DA:197,0
DA:198,0
DA:208,0
DA:210,0
DA:212,0
DA:214,0
DA:220,0
DA:222,0
DA:238,0
DA:240,0
DA:241,0
DA:247,0
DA:250,0
DA:251,0
DA:253,0
DA:254,0
DA:256,0
DA:257,0
DA:260,0
DA:261,0
DA:264,0
DA:265,0
DA:270,0
DA:271,0
DA:272,0
DA:273,0
DA:274,0
DA:277,0
DA:280,0
DA:283,0
DA:284,0
DA:285,0
DA:287,0
DA:289,0
DA:290,0
DA:291,0
DA:293,0
DA:294,0
DA:300,0
DA:304,0
DA:305,0
DA:306,0
DA:307,0
DA:310,0
DA:311,0
DA:312,0
DA:318,0
DA:322,0
DA:326,0
DA:327,0
DA:328,0
DA:329,0
DA:330,0
DA:331,0
DA:339,0
DA:342,0
DA:347,0
DA:348,0
DA:349,0
DA:350,0
DA:352,0
DA:353,0
DA:354,0
DA:355,0
DA:365,0
DA:370,0
DA:374,0
DA:375,0
DA:379,0
DA:380,0
DA:381,0
DA:382,0
DA:392,0
DA:393,0
DA:394,0
DA:395,0
DA:396,0
DA:410,0
DA:411,0
DA:412,0
DA:413,0
DA:415,0
DA:419,0
DA:420,0
DA:421,0
DA:422,0
DA:423,0
DA:435,0
DA:436,0
DA:437,0
DA:438,0
DA:439,0
DA:442,0
DA:443,0
DA:444,0
DA:449,0
DA:450,0
DA:451,0
DA:452,0
DA:453,0
DA:454,0
DA:459,0
DA:460,0
DA:461,0
DA:475,0
DA:476,0
DA:477,0
DA:480,0
DA:485,0
DA:491,0
DA:492,0
DA:493,0
DA:494,0
DA:495,0
DA:509,0
DA:510,0
DA:512,0
DA:527,0
DA:529,0
DA:530,0
DA:531,0
DA:532,0
DA:533,0
DA:534,0
DA:538,0
DA:539,0
DA:546,0
DA:547,0
DA:549,0
DA:550,0
DA:551,0
DA:553,0
DA:557,0
DA:564,0
DA:565,0
DA:576,0
DA:577,0
DA:587,0
DA:588,0
DA:589,0
DA:594,0
DA:595,0
DA:596,0
DA:600,0
DA:601,0
DA:602,0
DA:607,0
DA:608,0
DA:609,0
DA:614,0
DA:617,0
DA:618,0
DA:619,0
DA:620,0
DA:621,0
DA:625,0
DA:627,0
DA:628,0
DA:630,0
DA:633,0
DA:634,0
DA:636,0
DA:643,0
DA:645,0
DA:651,0
DA:652,0
DA:655,0
DA:656,0
DA:657,0
DA:658,0
DA:660,0
DA:662,0
DA:664,0
DA:665,0
DA:668,0
DA:669,0
DA:670,0
DA:675,0
DA:705,0
DA:706,0
DA:712,0
DA:746,0
DA:748,0
DA:779,0
DA:802,0
DA:804,0
DA:805,0
DA:807,0
DA:810,0
LF:213
LH:0
BRDA:115,0,0,0
BRDA:116,1,0,0
BRDA:118,2,0,0
BRDA:119,3,0,0
BRDA:120,4,0,0
BRDA:127,5,0,0
BRDA:128,6,0,0
BRDA:129,7,0,0
BRDA:130,8,0,0
BRDA:131,9,0,0
BRDA:132,10,0,0
BRDA:133,11,0,0
BRDA:134,12,0,0
BRDA:138,13,0,0
BRDA:139,14,0,0
BRDA:140,15,0,0
BRDA:141,16,0,0
BRDA:142,17,0,0
BRDA:152,18,0,0
BRDA:153,19,0,0
BRDA:198,20,0,0
BRDA:198,20,1,0
BRDA:210,21,0,0
BRDA:226,22,0,0
BRDA:226,22,1,0
BRDA:250,23,0,0
BRDA:250,23,1,0
BRDA:253,24,0,0
BRDA:253,24,1,0
BRDA:253,25,0,0
BRDA:253,25,1,0
BRDA:257,26,0,0
BRDA:257,26,1,0
BRDA:258,27,0,0
BRDA:258,27,1,0
BRDA:265,28,0,0
BRDA:265,28,1,0
BRDA:271,29,0,0
BRDA:271,29,1,0
BRDA:271,30,0,0
BRDA:271,30,1,0
BRDA:272,31,0,0
BRDA:272,31,1,0
BRDA:284,32,0,0
BRDA:284,32,1,0
BRDA:287,33,0,0
BRDA:287,33,1,0
BRDA:289,34,0,0
BRDA:289,34,1,0
BRDA:299,35,0,0
BRDA:299,36,0,0
BRDA:299,37,0,0
BRDA:303,38,0,0
BRDA:303,39,0,0
BRDA:303,40,0,0
BRDA:303,41,0,0
BRDA:305,42,0,0
BRDA:305,42,1,0
BRDA:310,43,0,0
BRDA:310,43,1,0
BRDA:311,44,0,0
BRDA:311,44,1,0
BRDA:318,45,0,0
BRDA:318,45,1,0
BRDA:322,46,0,0
BRDA:322,46,1,0
BRDA:329,47,0,0
BRDA:329,47,1,0
BRDA:329,48,0,0
BRDA:329,48,1,0
BRDA:329,48,2,0
BRDA:330,49,0,0
BRDA:330,49,1,0
BRDA:334,50,0,0
BRDA:334,50,1,0
BRDA:352,51,0,0
BRDA:352,51,1,0
BRDA:352,52,0,0
BRDA:352,52,1,0
BRDA:352,52,2,0
BRDA:353,53,0,0
BRDA:353,53,1,0
BRDA:358,54,0,0
BRDA:358,54,1,0
BRDA:374,55,0,0
BRDA:374,55,1,0
BRDA:396,56,0,0
BRDA:396,56,1,0
BRDA:423,57,0,0
BRDA:423,57,1,0
BRDA:442,58,0,0
BRDA:442,58,1,0
BRDA:442,59,0,0
BRDA:442,59,1,0
BRDA:448,60,0,0
BRDA:448,61,0,0
BRDA:448,62,0,0
BRDA:449,63,0,0
BRDA:449,63,1,0
BRDA:459,64,0,0
BRDA:459,64,1,0
BRDA:460,65,0,0
BRDA:460,65,1,0
BRDA:461,66,0,0
BRDA:461,66,1,0
BRDA:465,67,0,0
BRDA:465,67,1,0
BRDA:466,68,0,0
BRDA:466,68,1,0
BRDA:494,69,0,0
BRDA:494,69,1,0
BRDA:495,70,0,0
BRDA:495,70,1,0
BRDA:510,71,0,0
BRDA:510,71,1,0
BRDA:512,72,0,0
BRDA:512,72,1,0
BRDA:516,73,0,0
BRDA:516,73,1,0
BRDA:517,74,0,0
BRDA:517,74,1,0
BRDA:527,75,0,0
BRDA:527,75,1,0
BRDA:527,76,0,0
BRDA:527,76,1,0
BRDA:533,77,0,0
BRDA:533,77,1,0
BRDA:539,78,0,0
BRDA:539,78,1,0
BRDA:550,79,0,0
BRDA:550,79,1,0
BRDA:550,80,0,0
BRDA:550,80,1,0
BRDA:571,81,0,0
BRDA:571,81,1,0
BRDA:579,82,0,0
BRDA:579,82,1,0
BRDA:594,83,0,0
BRDA:594,83,1,0
BRDA:607,84,0,0
BRDA:607,84,1,0
BRDA:617,85,0,0
BRDA:617,85,1,0
BRDA:617,86,0,0
BRDA:617,86,1,0
BRDA:618,87,0,0
BRDA:618,87,1,0
BRDA:618,88,0,0
BRDA:618,88,1,0
BRDA:620,89,0,0
BRDA:620,89,1,0
BRDA:620,90,0,0
BRDA:620,90,1,0
BRDA:625,91,0,0
BRDA:625,91,1,0
BRDA:625,92,0,0
BRDA:625,92,1,0
BRDA:628,93,0,0
BRDA:628,93,1,0
BRDA:628,94,0,0
BRDA:628,94,1,0
BRDA:633,95,0,0
BRDA:633,95,1,0
BRDA:633,96,0,0
BRDA:633,96,1,0
BRDA:634,97,0,0
BRDA:634,97,1,0
BRDA:643,98,0,0
BRDA:643,98,1,0
BRDA:651,99,0,0
BRDA:651,99,1,0
BRDA:652,100,0,0
BRDA:652,100,1,0
BRDA:655,101,0,0
BRDA:655,101,1,0
BRDA:655,102,0,0
BRDA:655,102,1,0
BRDA:655,102,2,0
BRDA:662,103,0,0
BRDA:662,103,1,0
BRDA:677,104,0,0
BRDA:677,104,1,0
BRDA:677,105,0,0
BRDA:677,105,1,0
BRDA:685,106,0,0
BRDA:685,106,1,0
BRDA:688,107,0,0
BRDA:688,107,1,0
BRDA:689,108,0,0
BRDA:689,108,1,0
BRDA:690,109,0,0
BRDA:690,109,1,0
BRDA:690,110,0,0
BRDA:690,110,1,0
BRDA:693,111,0,0
BRDA:693,111,1,0
BRDA:695,112,0,0
BRDA:695,112,1,0
BRDA:695,112,2,0
BRDA:695,112,3,0
BRDA:700,113,0,0
BRDA:700,113,1,0
BRDA:701,114,0,0
BRDA:701,114,1,0
BRDA:705,115,0,0
BRDA:705,115,1,0
BRDA:707,116,0,0
BRDA:707,116,1,0
BRDA:746,117,0,0
BRDA:746,117,1,0
BRDA:782,118,0,0
BRDA:782,118,1,0
BRDA:787,119,0,0
BRDA:787,119,1,0
BRDA:787,120,0,0
BRDA:787,120,1,0
BRDA:802,121,0,0
BRDA:802,121,1,0
BRDA:804,122,0,0
BRDA:804,122,1,0
BRF:220
BRH:0
end_of_record
TN:
SF:lib/runtime/components/react/mpx-simple-text.tsx
FN:6,(anonymous_0)
FNF:1
FNH:0
FNDA:0,(anonymous_0)
DA:6,0
DA:10,0
DA:12,0
DA:22,0
DA:25,0
LF:5
LH:0
BRDA:8,0,0,0
BRF:1
BRH:0
end_of_record
TN:
SF:lib/runtime/components/react/mpx-simple-view.tsx
FN:6,(anonymous_0)
FNF:1
FNH:0
FNDA:0,(anonymous_0)
DA:6,0
DA:7,0
DA:9,0
DA:11,0
DA:21,0
DA:31,0
LF:6
LH:0
BRDA:7,0,0,0
BRDA:9,1,0,0
BRDA:9,2,0,0
BRDA:9,2,1,0
BRF:4
BRH:0
end_of_record
TN:
SF:lib/runtime/components/react/mpx-sticky-header.tsx
FN:22,(anonymous_0)
FN:61,(anonymous_1)
FN:63,(anonymous_2)
FN:68,updatePosition
FN:74,(anonymous_4)
FN:89,onLayout
FN:97,(anonymous_6)
FN:100,(anonymous_7)
FN:115,(anonymous_8)
FN:120,(anonymous_9)
FNF:10
FNH:0
FNDA:0,(anonymous_0)
FNDA:0,(anonymous_1)
FNDA:0,(anonymous_2)
FNDA:0,updatePosition
FNDA:0,(anonymous_4)
FNDA:0,onLayout
FNDA:0,(anonymous_6)
FNDA:0,(anonymous_7)
FNDA:0,(anonymous_8)
FNDA:0,(anonymous_9)
DA:22,0
DA:23,0
DA:34,0
DA:36,0
DA:37,0
DA:38,0
DA:39,0
DA:40,0
DA:41,0
DA:42,0
DA:51,0
DA:53,0
DA:55,0
DA:57,0
DA:59,0
DA:61,0
DA:62,0
DA:63,0
DA:64,0
DA:69,0
DA:70,0
DA:71,0
DA:72,0
DA:75,0
DA:80,0
DA:84,0
DA:90,0
DA:93,0
DA:97,0
DA:98,0
DA:100,0
DA:101,0
DA:102,0
DA:103,0
DA:104,0
DA:105,0
DA:115,0
DA:116,0
DA:120,0
DA:121,0
DA:128,0
DA:139,0
DA:144,0
DA:154,0
DA:171,0
DA:180,0
LF:46
LH:0
BRDA:22,0,0,0
BRDA:23,1,0,0
BRDA:27,2,0,0
BRDA:28,3,0,0
BRDA:55,4,0,0
BRDA:69,5,0,0
BRDA:69,5,1,0
BRDA:71,6,0,0
BRDA:71,6,1,0
BRDA:71,7,0,0
BRDA:71,7,1,0
BRDA:98,8,0,0
BRDA:98,8,1,0
BRDA:103,9,0,0
BRDA:103,9,1,0
BRDA:128,10,0,0
BRDA:128,10,1,0
BRDA:147,11,0,0
BRDA:147,11,1,0
BRDA:148,12,0,0
BRDA:148,12,1,0
BRDA:149,13,0,0
BRDA:149,13,1,0
BRDA:150,14,0,0
BRDA:150,14,1,0
BRF:25
BRH:0
end_of_record
TN:
SF:lib/runtime/components/react/mpx-sticky-section.tsx
FN:20,(anonymous_0)
FN:47,(anonymous_1)
FN:51,(anonymous_2)
FN:55,(anonymous_3)
FN:64,onLayout
FN:65,(anonymous_5)
FNF:6
FNH:0
FNDA:0,(anonymous_0)
FNDA:0,(anonymous_1)
FNDA:0,(anonymous_2)
FNDA:0,(anonymous_3)
FNDA:0,onLayout
FNDA:0,(anonymous_5)
DA:20,0
DA:21,0
DA:29,0
DA:30,0
DA:39,0
DA:41,0
DA:43,0
DA:45,0
DA:47,0
DA:48,0
DA:51,0
DA:52,0
DA:55,0
DA:60,0
DA:65,0
DA:66,0
DA:70,0
DA:75,0
DA:95,0
LF:19
LH:0
BRDA:20,0,0,0
BRDA:21,1,0,0
BRDA:43,2,0,0
BRF:3
BRH:0
end_of_record
TN:
SF:lib/runtime/components/react/mpx-swiper-item.tsx
FN:30,(anonymous_0)
FN:82,(anonymous_1)
FNF:2
FNH:0
FNDA:0,(anonymous_0)
FNDA:0,(anonymous_1)
DA:30,0
DA:37,0
DA:39,0
DA:40,0
DA:41,0
DA:42,0
DA:43,0
DA:44,0
DA:45,0
DA:54,0
DA:55,0
DA:56,0
DA:65,0
DA:67,0
DA:82,0
DA:83,0
DA:84,0
DA:85,0
DA:87,0
DA:88,0
DA:89,0
DA:90,0
DA:94,0
DA:98,0
DA:102,0
DA:110,0
LF:26
LH:0
BRDA:40,0,0,0
BRDA:40,0,1,0
BRDA:41,1,0,0
BRDA:41,1,1,0
BRDA:42,2,0,0
BRDA:42,2,1,0
BRDA:43,3,0,0
BRDA:43,3,1,0
BRDA:83,4,0,0
BRDA:83,4,1,0
BRDA:83,5,0,0
BRDA:83,5,1,0
BRDA:87,6,0,0
BRDA:87,6,1,0
BRDA:89,7,0,0
BRDA:89,7,1,0
BRF:16
BRH:0
end_of_record
TN:
SF:lib/runtime/components/react/mpx-swiper.tsx
FN:135,(anonymous_0)
FN:191,(anonymous_1)
FN:225,(anonymous_2)
FN:228,(anonymous_3)
FN:267,onWrapperLayout
FN:279,(anonymous_5)
FN:289,renderPagination
FN:317,renderItems
FN:333,(anonymous_8)
FN:359,(anonymous_9)
FN:360,createAutoPlay
FN:376,(anonymous_11)
FN:388,(anonymous_12)
FN:402,(anonymous_13)
FN:411,loop
FN:416,pauseLoop
FN:420,resumeLoop
FN:432,handleSwiperChange
FN:447,getOffset
FN:459,updateCurrent
FN:467,(anonymous_20)
FN:475,updateAutoplay
FN:483,(anonymous_22)
FN:483,(anonymous_23)
FN:490,(anonymous_24)
FN:507,(anonymous_25)
FN:519,(anonymous_26)
FN:527,(anonymous_27)
FN:530,(anonymous_28)
FN:537,(anonymous_29)
FN:544,(anonymous_30)
FN:545,getTargetPosition
FN:586,canMove
FN:604,handleEnd
FN:611,(anonymous_34)
FN:622,(anonymous_35)
FN:630,handleBack
FN:644,(anonymous_37)
FN:652,computeHalf
FN:670,handleLongPress
FN:684,reachBoundary
FN:713,handleResistanceMove
FN:743,(anonymous_42)
FN:752,(anonymous_43)
FN:793,(anonymous_44)
FN:850,(anonymous_45)
FNF:46
FNH:0
FNDA:0,(anonymous_0)
FNDA:0,(anonymous_1)
FNDA:0,(anonymous_2)
FNDA:0,(anonymous_3)
FNDA:0,onWrapperLayout
FNDA:0,(anonymous_5)
FNDA:0,renderPagination
FNDA:0,renderItems
FNDA:0,(anonymous_8)
FNDA:0,(anonymous_9)
FNDA:0,createAutoPlay
FNDA:0,(anonymous_11)
FNDA:0,(anonymous_12)
FNDA:0,(anonymous_13)
FNDA:0,loop
FNDA:0,pauseLoop
FNDA:0,resumeLoop
FNDA:0,handleSwiperChange
FNDA:0,getOffset
FNDA:0,updateCurrent
FNDA:0,(anonymous_20)
FNDA:0,updateAutoplay
FNDA:0,(anonymous_22)
FNDA:0,(anonymous_23)
FNDA:0,(anonymous_24)
FNDA:0,(anonymous_25)
FNDA:0,(anonymous_26)
FNDA:0,(anonymous_27)
FNDA:0,(anonymous_28)
FNDA:0,(anonymous_29)
FNDA:0,(anonymous_30)
FNDA:0,getTargetPosition
FNDA:0,canMove
FNDA:0,handleEnd
FNDA:0,(anonymous_34)
FNDA:0,(anonymous_35)
FNDA:0,handleBack
FNDA:0,(anonymous_37)
FNDA:0,computeHalf
FNDA:0,handleLongPress
FNDA:0,reachBoundary
FNDA:0,handleResistanceMove
FNDA:0,(anonymous_42)
FNDA:0,(anonymous_43)
FNDA:0,(anonymous_44)
FNDA:0,(anonymous_45)
DA:72,0
DA:112,0
DA:122,0
DA:125,0
DA:127,0
DA:135,0
DA:153,0
DA:154,0
DA:155,0
DA:156,0
DA:157,0
DA:159,0
DA:160,0
DA:173,0
DA:180,0
DA:181,0
DA:182,0
DA:183,0
DA:184,0
DA:185,0
DA:186,0
DA:188,0
DA:189,0
DA:190,0
DA:191,0
DA:193,0
DA:194,0
DA:195,0
DA:196,0
DA:197,0
DA:198,0
DA:200,0
DA:202,0
DA:205,0
DA:206,0
DA:207,0
DA:209,0
DA:211,0
DA:213,0
DA:214,0
DA:215,0
DA:217,0
DA:218,0
DA:220,0
DA:222,0
DA:223,0
DA:224,0
DA:225,0
DA:227,0
DA:228,0
DA:230,0
DA:231,0
DA:234,0
DA:235,0
DA:242,0
DA:243,0
DA:268,0
DA:269,0
DA:270,0
DA:271,0
DA:272,0
DA:273,0
DA:274,0
DA:275,0
DA:279,0
DA:280,0
DA:281,0
DA:282,0
DA:283,0
DA:285,0
DA:290,0
DA:291,0
DA:293,0
DA:294,0
DA:295,0
DA:297,0
DA:318,0
DA:319,0
DA:320,0
DA:322,0
DA:324,0
DA:325,0
DA:326,0
DA:327,0
DA:328,0
DA:330,0
DA:333,0
DA:334,0
DA:335,0
DA:336,0
DA:337,0
DA:339,0
DA:340,0
DA:341,0
DA:344,0
DA:348,0
DA:350,0
DA:356,0
DA:359,0
DA:361,0
DA:362,0
DA:363,0
DA:364,0
DA:366,0
DA:367,0
DA:368,0
DA:370,0
DA:372,0
DA:373,0
DA:377,0
DA:378,0
DA:382,0
DA:383,0
DA:384,0
DA:386,0
DA:389,0
DA:391,0
DA:392,0
DA:393,0
DA:396,0
DA:397,0
DA:399,0
DA:403,0
DA:404,0
DA:412,0
DA:413,0
DA:417,0
DA:421,0
DA:422,0
DA:425,0
DA:433,0
DA:434,0
DA:435,0
DA:439,0
DA:445,0
DA:448,0
DA:449,0
DA:450,0
DA:451,0
DA:452,0
DA:454,0
DA:456,0
DA:460,0
DA:461,0
DA:463,0
DA:464,0
DA:468,0
DA:471,0
DA:476,0
DA:477,0
DA:479,0
DA:483,0
DA:485,0
DA:486,0
DA:490,0
DA:491,0
DA:492,0
DA:493,0
DA:495,0
DA:496,0
DA:498,0
DA:499,0
DA:500,0
DA:501,0
DA:502,0
DA:503,0
DA:507,0
DA:508,0
DA:509,0
DA:510,0
DA:511,0
DA:512,0
DA:513,0
DA:514,0
DA:519,0
DA:522,0
DA:523,0
DA:527,0
DA:528,0
DA:529,0
DA:530,0
DA:531,0
DA:532,0
DA:537,0
DA:538,0
DA:539,0
DA:540,0
DA:541,0
DA:544,0
DA:548,0
DA:549,0
DA:550,0
DA:552,0
DA:554,0
DA:555,0
DA:556,0
DA:557,0
DA:558,0
DA:560,0
DA:561,0
DA:562,0
DA:564,0
DA:565,0
DA:566,0
DA:567,0
DA:568,0
DA:569,0
DA:570,0
DA:571,0
DA:572,0
DA:573,0
DA:575,0
DA:576,0
DA:579,0
DA:590,0
DA:591,0
DA:592,0
DA:594,0
DA:595,0
DA:596,0
DA:598,0
DA:601,0
DA:606,0
DA:607,0
DA:608,0
DA:612,0
DA:613,0
DA:614,0
DA:615,0
DA:619,0
DA:623,0
DA:624,0
DA:625,0
DA:632,0
DA:634,0
DA:635,0
DA:636,0
DA:638,0
DA:639,0
DA:640,0
DA:641,0
DA:645,0
DA:646,0
DA:647,0
DA:654,0
DA:655,0
DA:656,0
DA:657,0
DA:658,0
DA:661,0
DA:662,0
DA:663,0
DA:664,0
DA:672,0
DA:673,0
DA:674,0
DA:675,0
DA:677,0
DA:678,0
DA:679,0
DA:681,0
DA:687,0
DA:688,0
DA:689,0
DA:690,0
DA:691,0
DA:692,0
DA:693,0
DA:694,0
DA:696,0
DA:698,0
DA:700,0
DA:701,0
DA:703,0
DA:705,0
DA:707,0
DA:715,0
DA:716,0
DA:717,0
DA:718,0
DA:719,0
DA:720,0
DA:721,0
DA:723,0
DA:724,0
DA:726,0
DA:729,0
DA:731,0
DA:733,0
DA:734,0
DA:735,0
DA:737,0
DA:738,0
DA:740,0
DA:742,0
DA:745,0
DA:746,0
DA:747,0
DA:748,0
DA:749,0
DA:750,0
DA:754,0
DA:755,0
DA:756,0
DA:761,0
DA:762,0
DA:763,0
DA:764,0
DA:767,0
DA:768,0
DA:769,0
DA:771,0
DA:772,0
DA:774,0
DA:775,0
DA:778,0
DA:779,0
DA:780,0
DA:781,0
DA:782,0
DA:785,0
DA:786,0
DA:787,0
DA:789,0
DA:791,0
DA:795,0
DA:796,0
DA:798,0
DA:799,0
DA:804,0
DA:805,0
DA:809,0
DA:814,0
DA:815,0
DA:816,0
DA:818,0
DA:820,0
DA:823,0
DA:824,0
DA:825,0
DA:827,0
DA:832,0
DA:833,0
DA:835,0
DA:838,0
DA:839,0
DA:842,0
DA:843,0
DA:845,0
DA:850,0
DA:851,0
DA:852,0
DA:854,0
DA:859,0
DA:860,0
DA:863,0
DA:873,0
DA:874,0
DA:875,0
DA:876,0
DA:880,0
DA:881,0
DA:883,0
DA:885,0
LF:364
LH:0
BRDA:138,0,0,0
BRDA:139,1,0,0
BRDA:140,2,0,0
BRDA:145,3,0,0
BRDA:146,4,0,0
BRDA:147,5,0,0
BRDA:148,6,0,0
BRDA:149,7,0,0
BRDA:150,8,0,0
BRDA:151,9,0,0
BRDA:154,10,0,0
BRDA:154,10,1,0
BRDA:155,11,0,0
BRDA:155,11,1,0
BRDA:156,12,0,0
BRDA:156,12,1,0
BRDA:182,13,0,0
BRDA:182,13,1,0
BRDA:183,14,0,0
BRDA:183,14,1,0
BRDA:188,15,0,0
BRDA:188,15,1,0
BRDA:188,16,0,0
BRDA:188,16,1,0
BRDA:191,17,0,0
BRDA:191,17,1,0
BRDA:191,18,0,0
BRDA:191,18,1,0
BRDA:194,19,0,0
BRDA:194,19,1,0
BRDA:195,20,0,0
BRDA:195,20,1,0
BRDA:196,21,0,0
BRDA:196,21,1,0
BRDA:197,22,0,0
BRDA:197,22,1,0
BRDA:198,23,0,0
BRDA:198,23,1,0
BRDA:215,24,0,0
BRDA:215,24,1,0
BRDA:222,25,0,0
BRDA:222,25,1,0
BRDA:223,26,0,0
BRDA:223,26,1,0
BRDA:224,27,0,0
BRDA:224,27,1,0
BRDA:224,28,0,0
BRDA:224,28,1,0
BRDA:225,29,0,0
BRDA:225,29,1,0
BRDA:227,30,0,0
BRDA:227,30,1,0
BRDA:227,31,0,0
BRDA:227,31,1,0
BRDA:228,32,0,0
BRDA:228,32,1,0
BRDA:230,33,0,0
BRDA:230,33,1,0
BRDA:230,34,0,0
BRDA:230,34,1,0
BRDA:234,35,0,0
BRDA:234,35,1,0
BRDA:235,36,0,0
BRDA:235,36,1,0
BRDA:269,37,0,0
BRDA:269,37,1,0
BRDA:270,38,0,0
BRDA:270,38,1,0
BRDA:271,39,0,0
BRDA:271,39,1,0
BRDA:272,40,0,0
BRDA:272,40,1,0
BRDA:280,41,0,0
BRDA:280,41,1,0
BRDA:282,42,0,0
BRDA:282,42,1,0
BRDA:290,43,0,0
BRDA:290,43,1,0
BRDA:291,44,0,0
BRDA:291,44,1,0
BRDA:320,45,0,0
BRDA:320,45,1,0
BRDA:320,46,0,0
BRDA:320,46,1,0
BRDA:325,47,0,0
BRDA:325,47,1,0
BRDA:335,48,0,0
BRDA:335,48,1,0
BRDA:335,49,0,0
BRDA:335,49,1,0
BRDA:336,50,0,0
BRDA:336,50,1,0
BRDA:336,50,2,0
BRDA:337,51,0,0
BRDA:337,51,1,0
BRDA:337,51,2,0
BRDA:339,52,0,0
BRDA:339,52,1,0
BRDA:339,53,0,0
BRDA:339,53,1,0
BRDA:340,54,0,0
BRDA:340,54,1,0
BRDA:340,54,2,0
BRDA:341,55,0,0
BRDA:341,55,1,0
BRDA:341,55,2,0
BRDA:361,56,0,0
BRDA:361,56,1,0
BRDA:364,57,0,0
BRDA:364,57,1,0
BRDA:366,58,0,0
BRDA:366,58,1,0
BRDA:382,59,0,0
BRDA:382,59,1,0
BRDA:412,60,0,0
BRDA:412,60,1,0
BRDA:417,61,0,0
BRDA:417,61,1,0
BRDA:421,62,0,0
BRDA:421,62,1,0
BRDA:421,63,0,0
BRDA:421,63,1,0
BRDA:433,64,0,0
BRDA:433,64,1,0
BRDA:435,65,0,0
BRDA:435,65,1,0
BRDA:448,66,0,0
BRDA:448,66,1,0
BRDA:450,67,0,0
BRDA:450,67,1,0
BRDA:450,68,0,0
BRDA:450,68,1,0
BRDA:460,69,0,0
BRDA:460,69,1,0
BRDA:461,70,0,0
BRDA:461,70,1,0
BRDA:463,71,0,0
BRDA:463,71,1,0
BRDA:463,72,0,0
BRDA:463,72,1,0
BRDA:476,73,0,0
BRDA:476,73,1,0
BRDA:476,74,0,0
BRDA:476,74,1,0
BRDA:485,75,0,0
BRDA:485,75,1,0
BRDA:485,76,0,0
BRDA:485,76,1,0
BRDA:492,77,0,0
BRDA:492,77,1,0
BRDA:495,78,0,0
BRDA:495,78,1,0
BRDA:501,79,0,0
BRDA:501,79,1,0
BRDA:509,80,0,0
BRDA:509,80,1,0
BRDA:513,81,0,0
BRDA:513,81,1,0
BRDA:513,82,0,0
BRDA:513,82,1,0
BRDA:522,83,0,0
BRDA:522,83,1,0
BRDA:531,84,0,0
BRDA:531,84,1,0
BRDA:538,85,0,0
BRDA:538,85,1,0
BRDA:540,86,0,0
BRDA:540,86,1,0
BRDA:540,87,0,0
BRDA:540,87,1,0
BRDA:555,88,0,0
BRDA:555,88,1,0
BRDA:556,89,0,0
BRDA:556,89,1,0
BRDA:558,90,0,0
BRDA:558,90,1,0
BRDA:560,91,0,0
BRDA:560,91,1,0
BRDA:564,92,0,0
BRDA:564,92,1,0
BRDA:569,93,0,0
BRDA:569,93,1,0
BRDA:570,94,0,0
BRDA:570,94,1,0
BRDA:592,95,0,0
BRDA:592,95,1,0
BRDA:595,96,0,0
BRDA:595,96,1,0
BRDA:607,97,0,0
BRDA:607,97,1,0
BRDA:612,98,0,0
BRDA:612,98,1,0
BRDA:623,99,0,0
BRDA:623,99,1,0
BRDA:635,100,0,0
BRDA:635,100,1,0
BRDA:636,101,0,0
BRDA:636,101,1,0
BRDA:639,102,0,0
BRDA:639,102,1,0
BRDA:640,103,0,0
BRDA:640,103,1,0
BRDA:645,104,0,0
BRDA:645,104,1,0
BRDA:657,105,0,0
BRDA:657,105,1,0
BRDA:663,106,0,0
BRDA:663,106,1,0
BRDA:663,106,2,0
BRDA:663,106,3,0
BRDA:673,107,0,0
BRDA:673,107,1,0
BRDA:675,108,0,0
BRDA:675,108,1,0
BRDA:678,109,0,0
BRDA:678,109,1,0
BRDA:693,110,0,0
BRDA:693,110,1,0
BRDA:700,111,0,0
BRDA:700,111,1,0
BRDA:718,112,0,0
BRDA:718,112,1,0
BRDA:723,113,0,0
BRDA:723,113,1,0
BRDA:733,114,0,0
BRDA:733,114,1,0
BRDA:745,115,0,0
BRDA:745,115,1,0
BRDA:755,116,0,0
BRDA:755,116,1,0
BRDA:755,117,0,0
BRDA:755,117,1,0
BRDA:762,118,0,0
BRDA:762,118,1,0
BRDA:762,119,0,0
BRDA:762,119,1,0
BRDA:767,120,0,0
BRDA:767,120,1,0
BRDA:768,121,0,0
BRDA:768,121,1,0
BRDA:778,122,0,0
BRDA:778,122,1,0
BRDA:778,123,0,0
BRDA:778,123,1,0
BRDA:786,124,0,0
BRDA:786,124,1,0
BRDA:786,125,0,0
BRDA:786,125,1,0
BRDA:786,125,2,0
BRDA:795,126,0,0
BRDA:795,126,1,0
BRDA:801,127,0,0
BRDA:801,127,1,0
BRDA:804,128,0,0
BRDA:804,128,1,0
BRDA:814,129,0,0
BRDA:814,129,1,0
BRDA:814,130,0,0
BRDA:814,130,1,0
BRDA:815,131,0,0
BRDA:815,131,1,0
BRDA:824,132,0,0
BRDA:824,132,1,0
BRDA:832,133,0,0
BRDA:832,133,1,0
BRDA:838,134,0,0
BRDA:838,134,1,0
BRDA:838,135,0,0
BRDA:838,135,1,0
BRDA:842,136,0,0
BRDA:842,136,1,0
BRDA:842,137,0,0
BRDA:842,137,1,0
BRDA:851,138,0,0
BRDA:851,138,1,0
BRDA:852,139,0,0
BRDA:852,139,1,0
BRDA:854,140,0,0
BRDA:854,140,1,0
BRDA:864,141,0,0
BRDA:864,141,1,0
BRDA:873,142,0,0
BRDA:873,142,1,0
BRDA:875,143,0,0
BRDA:875,143,1,0
BRDA:880,144,0,0
BRDA:880,144,1,0
BRF:287
BRH:0
end_of_record
TN:
SF:lib/runtime/components/react/mpx-switch.tsx
FN:34,(anonymous_0)
FN:76,(anonymous_1)
FN:91,(anonymous_2)
FN:101,(anonymous_3)
FN:105,(anonymous_4)
FN:117,(anonymous_5)
FN:118,(anonymous_6)
FNF:7
FNH:0
FNDA:0,(anonymous_0)
FNDA:0,(anonymous_1)
FNDA:0,(anonymous_2)
FNDA:0,(anonymous_3)
FNDA:0,(anonymous_4)
FNDA:0,(anonymous_5)
FNDA:0,(anonymous_6)
DA:34,0
DA:48,0
DA:50,0
DA:52,0
DA:56,0
DA:58,0
DA:59,0
DA:68,0
DA:76,0
DA:77,0
DA:80,0
DA:81,0
DA:89,0
DA:91,0
DA:92,0
DA:93,0
DA:94,0
DA:96,0
DA:97,0
DA:101,0
DA:102,0
DA:105,0
DA:106,0
DA:109,0
DA:110,0
DA:111,0
DA:113,0
DA:117,0
DA:118,0
DA:119,0
DA:120,0
DA:125,0
DA:145,0
DA:146,0
DA:156,0
DA:167,0
DA:168,0
DA:171,0
DA:174,0
LF:39
LH:0
BRDA:36,0,0,0
BRDA:37,1,0,0
BRDA:38,2,0,0
BRDA:39,3,0,0
BRDA:40,4,0,0
BRDA:52,5,0,0
BRDA:52,5,1,0
BRDA:58,6,0,0
BRDA:58,6,1,0
BRDA:91,7,0,0
BRDA:92,8,0,0
BRDA:92,8,1,0
BRDA:94,9,0,0
BRDA:94,9,1,0
BRDA:97,10,0,0
BRDA:97,10,1,0
BRDA:109,11,0,0
BRDA:109,11,1,0
BRDA:110,12,0,0
BRDA:110,12,1,0
BRDA:119,13,0,0
BRDA:119,13,1,0
BRDA:119,14,0,0
BRDA:119,14,1,0
BRDA:134,15,0,0
BRDA:134,15,1,0
BRDA:134,16,0,0
BRDA:134,16,1,0
BRDA:145,17,0,0
BRDA:145,17,1,0
BRDA:162,18,0,0
BRDA:162,18,1,0
BRDA:167,19,0,0
BRDA:167,19,1,0
BRF:34
BRH:0
end_of_record
TN:
SF:lib/runtime/components/react/mpx-text.tsx
FN:26,(anonymous_0)
FNF:1
FNH:1
FNDA:8,(anonymous_0)
DA:26,1
DA:37,8
DA:44,8
DA:52,8
DA:53,8
DA:57,8
DA:73,8
DA:81,8
DA:82,0
DA:85,8
DA:88,1
LF:11
LH:10
BRDA:28,0,0,5
BRDA:29,1,0,8
BRDA:64,2,0,8
BRDA:64,2,1,7
BRDA:81,3,0,0
BRDA:81,3,1,8
BRF:6
BRH:5
end_of_record
TN:
SF:lib/runtime/components/react/mpx-textarea.tsx
FN:27,(anonymous_0)
FNF:1
FNH:0
FNDA:0,(anonymous_0)
DA:23,0
DA:24,0
DA:26,0
DA:31,0
DA:33,0
DA:43,0
DA:59,0
LF:7
LH:0
BRDA:29,0,0,0
BRDA:30,1,0,0
BRF:2
BRH:0
end_of_record
TN:
SF:lib/runtime/components/react/mpx-video.tsx
FN:129,(anonymous_0)
FN:203,handleProgress
FN:220,handleEnd
FN:224,handleWaiting
FN:230,handleSeekcomplete
FN:245,handleEnterFullScreen
FN:251,handleExitFullScreen
FN:257,handlePlaybackRateChange
FN:265,handleAndroidControlsVisibilityChange
FN:279,handleVideoLoad
FN:299,handleError
FN:303,play
FN:306,pause
FN:309,seek
FN:312,stop
FN:316,exitFullScreen
FN:320,requestFullScreen
FNF:17
FNH:0
FNDA:0,(anonymous_0)
FNDA:0,handleProgress
FNDA:0,handleEnd
FNDA:0,handleWaiting
FNDA:0,handleSeekcomplete
FNDA:0,handleEnterFullScreen
FNDA:0,handleExitFullScreen
FNDA:0,handlePlaybackRateChange
FNDA:0,handleAndroidControlsVisibilityChange
FNDA:0,handleVideoLoad
FNDA:0,handleError
FNDA:0,play
FNDA:0,pause
FNDA:0,seek
FNDA:0,stop
FNDA:0,exitFullScreen
FNDA:0,requestFullScreen
DA:119,0
DA:129,0
DA:130,0
DA:162,0
DA:164,0
DA:166,0
DA:168,0
DA:170,0
DA:172,0
DA:175,0
DA:183,0
DA:191,0
DA:204,0
DA:205,0
DA:221,0
DA:225,0
DA:226,0
DA:232,0
DA:246,0
DA:252,0
DA:258,0
DA:259,0
DA:261,0
DA:266,0
DA:280,0
DA:281,0
DA:282,0
DA:284,0
DA:285,0
DA:300,0
DA:304,0
DA:307,0
DA:310,0
DA:313,0
DA:314,0
DA:317,0
DA:321,0
DA:324,0
DA:327,0
DA:328,0
DA:335,0
DA:385,0
DA:388,0
DA:389,0
DA:391,0
LF:45
LH:0
BRDA:130,0,0,0
BRDA:133,1,0,0
BRDA:134,2,0,0
BRDA:135,3,0,0
BRDA:136,4,0,0
BRDA:137,5,0,0
BRDA:149,6,0,0
BRDA:150,7,0,0
BRDA:151,8,0,0
BRDA:155,9,0,0
BRDA:156,10,0,0
BRDA:205,11,0,0
BRDA:205,11,1,0
BRDA:225,12,0,0
BRDA:225,12,1,0
BRDA:237,13,0,0
BRDA:237,13,1,0
BRDA:246,14,0,0
BRDA:246,14,1,0
BRDA:252,15,0,0
BRDA:252,15,1,0
BRDA:258,16,0,0
BRDA:258,16,1,0
BRDA:259,17,0,0
BRDA:259,17,1,0
BRDA:261,18,0,0
BRDA:261,18,1,0
BRDA:281,19,0,0
BRDA:281,19,1,0
BRDA:282,20,0,0
BRDA:282,20,1,0
BRDA:285,21,0,0
BRDA:285,21,1,0
BRDA:300,22,0,0
BRDA:300,22,1,0
BRDA:304,23,0,0
BRDA:304,23,1,0
BRDA:307,24,0,0
BRDA:307,24,1,0
BRDA:310,25,0,0
BRDA:310,25,1,0
BRDA:313,26,0,0
BRDA:313,26,1,0
BRDA:317,27,0,0
BRDA:317,27,1,0
BRDA:321,28,0,0
BRDA:321,28,1,0
BRDA:327,29,0,0
BRDA:327,29,1,0
BRDA:330,30,0,0
BRDA:330,30,1,0
BRDA:350,31,0,0
BRDA:350,31,1,0
BRDA:351,32,0,0
BRDA:351,32,1,0
BRDA:352,33,0,0
BRDA:352,33,1,0
BRDA:353,34,0,0
BRDA:353,34,1,0
BRDA:354,35,0,0
BRDA:354,35,1,0
BRDA:355,36,0,0
BRDA:355,36,1,0
BRDA:356,37,0,0
BRDA:356,37,1,0
BRDA:358,38,0,0
BRDA:358,38,1,0
BRDA:358,38,2,0
BRDA:360,39,0,0
BRDA:360,39,1,0
BRDA:362,40,0,0
BRDA:362,40,1,0
BRDA:364,41,0,0
BRDA:364,41,1,0
BRDA:388,42,0,0
BRDA:388,42,1,0
BRF:76
BRH:0
end_of_record
TN:
SF:lib/runtime/components/react/mpx-view.tsx
FN:101,(anonymous_0)
FN:107,(anonymous_1)
FN:109,(anonymous_2)
FN:110,(anonymous_3)
FN:112,(anonymous_4)
FN:113,(anonymous_5)
FN:115,(anonymous_6)
FN:116,(anonymous_7)
FN:120,radToAngle
FN:124,(anonymous_9)
FN:130,(anonymous_10)
FN:131,(anonymous_11)
FN:141,(anonymous_12)
FN:143,(anonymous_13)
FN:145,(anonymous_14)
FN:160,(anonymous_15)
FN:177,calculateSize
FN:204,calculateSizePosition
FN:221,(anonymous_18)
FN:225,backgroundPosition
FN:249,backgroundSize
FN:314,backgroundImage
FN:322,linearGradient
FN:343,(anonymous_23)
FN:358,isHorizontal
FN:362,isVertical
FN:366,normalizeBackgroundPosition
FN:438,calcSteps
FN:450,parseLinearGradient
FN:466,(anonymous_29)
FN:467,(anonymous_30)
FN:501,parseBgImage
FN:520,normalizeBackgroundSize
FN:535,preParseImage
FN:548,isDiagonalAngle
FN:552,inheritStyle
FN:558,(anonymous_36)
FN:571,useWrapImage
FN:587,(anonymous_38)
FN:604,(anonymous_39)
FN:626,(anonymous_40)
FN:675,wrapWithChildren
FN:690,(anonymous_42)
FNF:43
FNH:17
FNDA:0,(anonymous_0)
FNDA:0,(anonymous_1)
FNDA:0,(anonymous_2)
FNDA:0,(anonymous_3)
FNDA:0,(anonymous_4)
FNDA:0,(anonymous_5)
FNDA:0,(anonymous_6)
FNDA:0,(anonymous_7)
FNDA:0,radToAngle
FNDA:0,(anonymous_9)
FNDA:15,(anonymous_10)
FNDA:30,(anonymous_11)
FNDA:60,(anonymous_12)
FNDA:30,(anonymous_13)
FNDA:15,(anonymous_14)
FNDA:15,(anonymous_15)
FNDA:0,calculateSize
FNDA:0,calculateSizePosition
FNDA:0,(anonymous_18)
FNDA:0,backgroundPosition
FNDA:0,backgroundSize
FNDA:0,backgroundImage
FNDA:0,linearGradient
FNDA:0,(anonymous_23)
FNDA:15,isHorizontal
FNDA:15,isVertical
FNDA:15,normalizeBackgroundPosition
FNDA:0,calcSteps
FNDA:0,parseLinearGradient
FNDA:0,(anonymous_29)
FNDA:0,(anonymous_30)
FNDA:15,parseBgImage
FNDA:15,normalizeBackgroundSize
FNDA:15,preParseImage
FNDA:15,isDiagonalAngle
FNDA:0,inheritStyle
FNDA:0,(anonymous_36)
FNDA:15,useWrapImage
FNDA:14,(anonymous_38)
FNDA:0,(anonymous_39)
FNDA:0,(anonymous_40)
FNDA:15,wrapWithChildren
FNDA:15,(anonymous_42)
DA:92,1
DA:100,1
DA:102,0
DA:107,0
DA:109,0
DA:110,0
DA:112,0
DA:113,0
DA:115,0
DA:116,0
DA:121,0
DA:124,1
DA:125,0
DA:126,0
DA:130,1
DA:131,15
DA:132,30
DA:133,0
DA:134,0
DA:138,15
DA:141,60
DA:143,30
DA:145,1
DA:146,15
DA:147,15
DA:148,15
DA:151,15
DA:160,1
DA:161,15
DA:162,15
DA:164,15
DA:178,0
DA:180,0
DA:181,0
DA:184,0
DA:185,0
DA:186,0
DA:187,0
DA:189,0
DA:190,0
DA:192,0
DA:205,0
DA:208,0
DA:209,0
DA:213,0
DA:221,1
DA:222,0
DA:226,0
DA:227,0
DA:228,0
DA:229,0
DA:231,0
DA:232,0
DA:234,0
DA:235,0
DA:236,0
DA:238,0
DA:241,0
DA:245,0
DA:250,0
DA:251,0
DA:252,0
DA:253,0
DA:254,0
DA:258,0
DA:261,0
DA:262,0
DA:263,0
DA:264,0
DA:266,0
DA:267,0
DA:268,0
DA:269,0
DA:273,0
DA:274,0
DA:275,0
DA:279,0
DA:280,0
DA:281,0
DA:282,0
DA:283,0
DA:284,0
DA:285,0
DA:286,0
DA:289,0
DA:290,0
DA:291,0
DA:292,0
DA:294,0
DA:295,0
DA:301,0
DA:310,0
DA:315,0
DA:316,0
DA:317,0
DA:323,0
DA:324,0
DA:325,0
DA:327,0
DA:330,0
DA:333,0
DA:334,0
DA:338,0
DA:339,0
DA:340,0
DA:343,1
DA:345,0
DA:353,0
DA:355,0
DA:359,15
DA:363,15
DA:367,15
DA:370,15
DA:371,15
DA:372,15
DA:373,15
DA:375,15
DA:378,15
DA:385,0
DA:386,0
DA:387,0
DA:388,0
DA:389,0
DA:390,0
DA:392,0
DA:393,0
DA:395,15
DA:406,15
DA:407,0
DA:409,15
DA:412,15
DA:413,0
DA:415,15
DA:417,0
DA:421,0
DA:422,0
DA:424,0
DA:428,15
DA:439,0
DA:440,0
DA:441,0
DA:442,0
DA:443,0
DA:444,0
DA:447,0
DA:451,0
DA:452,0
DA:455,0
DA:456,0
DA:458,0
DA:462,0
DA:464,0
DA:466,0
DA:468,0
DA:469,0
DA:470,0
DA:473,0
DA:474,0
DA:475,0
DA:476,0
DA:480,0
DA:481,0
DA:484,0
DA:485,0
DA:486,0
DA:490,0
DA:492,0
DA:493,0
DA:496,0
DA:507,15
DA:509,0
DA:510,0
DA:512,0
DA:513,0
DA:514,0
DA:521,15
DA:522,15
DA:524,15
DA:526,0
DA:527,0
DA:528,0
DA:532,15
DA:536,15
DA:537,15
DA:539,15
DA:549,15
DA:553,0
DA:554,0
DA:555,0
DA:562,0
DA:563,0
DA:564,0
DA:566,0
DA:573,15
DA:575,15
DA:578,15
DA:580,15
DA:581,15
DA:582,15
DA:583,15
DA:584,15
DA:585,15
DA:586,15
DA:587,15
DA:588,14
DA:589,14
DA:590,0
DA:591,0
DA:594,14
DA:595,14
DA:596,14
DA:598,0
DA:599,0
DA:600,0
DA:603,0
DA:604,0
DA:605,0
DA:610,0
DA:611,0
DA:612,0
DA:613,0
DA:614,0
DA:615,0
DA:617,0
DA:624,15
DA:626,0
DA:627,0
DA:628,0
DA:632,0
DA:633,0
DA:634,0
DA:636,0
DA:637,0
DA:641,0
DA:642,0
DA:644,0
DA:645,0
DA:646,0
DA:647,0
DA:648,0
DA:649,0
DA:650,0
DA:654,0
DA:658,0
DA:676,15
DA:683,15
DA:690,1
DA:691,15
DA:708,15
DA:711,15
DA:720,15
DA:721,15
DA:723,15
DA:733,15
DA:741,15
DA:743,15
DA:744,15
DA:745,15
DA:746,0
DA:749,15
DA:750,15
DA:758,15
DA:760,15
DA:761,15
DA:766,15
DA:774,15
DA:796,15
DA:807,15
DA:811,15
DA:812,0
DA:815,15
DA:816,0
DA:818,15
DA:821,1
LF:274
LH:88
BRDA:130,0,0,0
BRDA:132,1,0,0
BRDA:132,1,1,30
BRDA:132,2,0,30
BRDA:132,2,1,0
BRDA:133,3,0,0
BRDA:133,3,1,0
BRDA:141,4,0,60
BRDA:141,4,1,30
BRDA:143,5,0,30
BRDA:143,5,1,30
BRDA:151,6,0,15
BRDA:151,6,1,15
BRDA:151,6,2,0
BRDA:151,6,3,15
BRDA:151,6,4,0
BRDA:151,6,5,15
BRDA:151,6,6,15
BRDA:151,6,7,15
BRDA:151,6,8,15
BRDA:151,6,9,0
BRDA:151,6,10,0
BRDA:168,7,0,15
BRDA:168,7,1,15
BRDA:177,8,0,0
BRDA:180,9,0,0
BRDA:180,9,1,0
BRDA:184,10,0,0
BRDA:184,10,1,0
BRDA:185,11,0,0
BRDA:185,11,1,0
BRDA:193,12,0,0
BRDA:193,12,1,0
BRDA:194,13,0,0
BRDA:194,13,1,0
BRDA:205,14,0,0
BRDA:205,14,1,0
BRDA:205,15,0,0
BRDA:205,15,1,0
BRDA:208,16,0,0
BRDA:208,16,1,0
BRDA:222,17,0,0
BRDA:222,17,1,0
BRDA:227,18,0,0
BRDA:227,18,1,0
BRDA:229,19,0,0
BRDA:229,19,1,0
BRDA:234,20,0,0
BRDA:234,20,1,0
BRDA:235,21,0,0
BRDA:235,21,1,0
BRDA:251,22,0,0
BRDA:251,22,1,0
BRDA:252,23,0,0
BRDA:252,23,1,0
BRDA:253,24,0,0
BRDA:253,24,1,0
BRDA:261,25,0,0
BRDA:261,25,1,0
BRDA:261,26,0,0
BRDA:261,26,1,0
BRDA:262,27,0,0
BRDA:262,27,1,0
BRDA:262,28,0,0
BRDA:262,28,1,0
BRDA:266,29,0,0
BRDA:266,29,1,0
BRDA:266,30,0,0
BRDA:266,30,1,0
BRDA:266,30,2,0
BRDA:266,30,3,0
BRDA:268,31,0,0
BRDA:268,31,1,0
BRDA:268,32,0,0
BRDA:268,32,1,0
BRDA:268,32,2,0
BRDA:268,32,3,0
BRDA:273,33,0,0
BRDA:273,33,1,0
BRDA:273,34,0,0
BRDA:273,34,1,0
BRDA:274,35,0,0
BRDA:274,35,1,0
BRDA:279,36,0,0
BRDA:279,36,1,0
BRDA:280,37,0,0
BRDA:280,37,1,0
BRDA:282,38,0,0
BRDA:282,38,1,0
BRDA:283,39,0,0
BRDA:283,39,1,0
BRDA:284,40,0,0
BRDA:284,40,1,0
BRDA:286,41,0,0
BRDA:286,41,1,0
BRDA:290,42,0,0
BRDA:290,42,1,0
BRDA:291,43,0,0
BRDA:291,43,1,0
BRDA:292,44,0,0
BRDA:292,44,1,0
BRDA:294,45,0,0
BRDA:294,45,1,0
BRDA:294,46,0,0
BRDA:294,46,1,0
BRDA:302,47,0,0
BRDA:302,47,1,0
BRDA:303,48,0,0
BRDA:303,48,1,0
BRDA:316,49,0,0
BRDA:316,49,1,0
BRDA:324,50,0,0
BRDA:324,51,0,0
BRDA:324,52,0,0
BRDA:324,52,1,0
BRDA:325,53,0,0
BRDA:325,53,1,0
BRDA:327,54,0,0
BRDA:327,54,1,0
BRDA:330,55,0,0
BRDA:330,55,1,0
BRDA:330,55,2,0
BRDA:333,56,0,0
BRDA:333,56,1,0
BRDA:333,57,0,0
BRDA:333,57,1,0
BRDA:333,57,2,0
BRDA:333,57,3,0
BRDA:334,58,0,0
BRDA:334,58,1,0
BRDA:359,59,0,15
BRDA:359,59,1,0
BRDA:363,60,0,15
BRDA:363,60,1,0
BRDA:367,61,0,0
BRDA:367,61,1,15
BRDA:375,62,0,0
BRDA:375,62,1,15
BRDA:378,63,0,0
BRDA:378,63,1,15
BRDA:385,64,0,0
BRDA:385,64,1,0
BRDA:388,65,0,0
BRDA:388,65,1,0
BRDA:395,66,0,15
BRDA:395,66,1,0
BRDA:406,67,0,0
BRDA:406,67,1,15
BRDA:412,68,0,0
BRDA:412,68,1,15
BRDA:417,69,0,0
BRDA:417,69,1,0
BRDA:421,70,0,0
BRDA:421,70,1,0
BRDA:421,71,0,0
BRDA:421,71,1,0
BRDA:421,71,2,0
BRDA:421,71,3,0
BRDA:452,72,0,0
BRDA:452,72,1,0
BRDA:455,73,0,0
BRDA:455,73,1,0
BRDA:473,74,0,0
BRDA:473,74,1,0
BRDA:474,75,0,0
BRDA:474,75,1,0
BRDA:475,76,0,0
BRDA:475,76,1,0
BRDA:476,77,0,0
BRDA:476,77,1,0
BRDA:480,78,0,0
BRDA:480,78,1,0
BRDA:480,79,0,0
BRDA:480,79,1,0
BRDA:484,80,0,0
BRDA:484,80,1,0
BRDA:492,81,0,0
BRDA:492,81,1,0
BRDA:507,82,0,15
BRDA:507,82,1,0
BRDA:510,83,0,0
BRDA:510,83,1,0
BRDA:513,84,0,0
BRDA:513,84,1,0
BRDA:522,85,0,15
BRDA:522,85,1,0
BRDA:524,86,0,0
BRDA:524,86,1,15
BRDA:528,87,0,0
BRDA:528,87,1,0
BRDA:536,88,0,15
BRDA:536,89,0,15
BRDA:536,90,0,15
BRDA:536,91,0,15
BRDA:536,91,1,0
BRDA:549,92,0,15
BRDA:549,92,1,0
BRDA:552,93,0,0
BRDA:557,94,0,0
BRDA:557,94,1,0
BRDA:557,95,0,0
BRDA:557,95,1,0
BRDA:562,96,0,0
BRDA:562,96,1,0
BRDA:564,97,0,0
BRDA:564,97,1,0
BRDA:580,98,0,15
BRDA:580,98,1,0
BRDA:580,98,2,15
BRDA:580,98,3,0
BRDA:580,98,4,0
BRDA:589,99,0,0
BRDA:589,99,1,14
BRDA:590,100,0,0
BRDA:590,100,1,0
BRDA:594,101,0,14
BRDA:594,101,1,0
BRDA:598,102,0,0
BRDA:598,102,1,0
BRDA:598,103,0,0
BRDA:598,103,1,0
BRDA:603,104,0,0
BRDA:603,104,1,0
BRDA:610,105,0,0
BRDA:610,105,1,0
BRDA:610,106,0,0
BRDA:610,106,1,0
BRDA:613,107,0,0
BRDA:613,107,1,0
BRDA:624,108,0,15
BRDA:624,108,1,0
BRDA:627,109,0,0
BRDA:627,109,1,0
BRDA:632,110,0,0
BRDA:632,110,1,0
BRDA:636,111,0,0
BRDA:636,111,1,0
BRDA:645,112,0,0
BRDA:645,112,1,0
BRDA:654,113,0,0
BRDA:654,113,1,0
BRDA:659,114,0,0
BRDA:659,114,1,0
BRDA:659,114,2,0
BRDA:660,115,0,0
BRDA:660,115,1,0
BRDA:660,115,2,0
BRDA:685,116,0,15
BRDA:685,116,1,0
BRDA:691,117,0,0
BRDA:693,118,0,10
BRDA:695,119,0,15
BRDA:696,120,0,15
BRDA:711,121,0,0
BRDA:711,121,1,15
BRDA:723,122,0,0
BRDA:723,122,1,15
BRDA:741,123,0,0
BRDA:743,124,0,15
BRDA:743,124,1,15
BRDA:745,125,0,0
BRDA:745,125,1,15
BRDA:761,126,0,0
BRDA:761,126,1,15
BRDA:763,127,0,0
BRDA:763,127,1,15
BRDA:781,128,0,0
BRDA:781,128,1,15
BRDA:807,129,0,0
BRDA:807,129,1,15
BRDA:811,130,0,0
BRDA:811,130,1,15
BRDA:815,131,0,0
BRDA:815,131,1,15
BRF:274
BRH:51
end_of_record
TN:
SF:lib/runtime/components/react/mpx-web-view.tsx
FN:79,(anonymous_0)
FN:99,(anonymous_1)
FN:115,(anonymous_2)
FN:133,(anonymous_3)
FN:166,(anonymous_4)
FN:172,(anonymous_5)
FN:179,(anonymous_6)
FN:184,(anonymous_7)
FN:248,(anonymous_8)
FN:257,(anonymous_9)
FN:268,(anonymous_10)
FN:294,(anonymous_11)
FN:297,(anonymous_12)
FN:304,(anonymous_13)
FN:308,(anonymous_14)
FNF:15
FNH:0
FNDA:0,(anonymous_0)
FNDA:0,(anonymous_1)
FNDA:0,(anonymous_2)
FNDA:0,(anonymous_3)
FNDA:0,(anonymous_4)
FNDA:0,(anonymous_5)
FNDA:0,(anonymous_6)
FNDA:0,(anonymous_7)
FNDA:0,(anonymous_8)
FNDA:0,(anonymous_9)
FNDA:0,(anonymous_10)
FNDA:0,(anonymous_11)
FNDA:0,(anonymous_12)
FNDA:0,(anonymous_13)
FNDA:0,(anonymous_14)
DA:55,0
DA:79,0
DA:80,0
DA:81,0
DA:82,0
DA:92,0
DA:94,0
DA:95,0
DA:97,0
DA:98,0
DA:99,0
DA:100,0
DA:101,0
DA:102,0
DA:103,0
DA:104,0
DA:105,0
DA:113,0
DA:114,0
DA:115,0
DA:116,0
DA:117,0
DA:118,0
DA:120,0
DA:122,0
DA:125,0
DA:129,0
DA:130,0
DA:133,0
DA:134,0
DA:135,0
DA:137,0
DA:139,0
DA:166,0
DA:167,0
DA:172,0
DA:173,0
DA:174,0
DA:175,0
DA:179,0
DA:180,0
DA:181,0
DA:184,0
DA:185,0
DA:187,0
DA:188,0
DA:189,0
DA:190,0
DA:191,0
DA:194,0
DA:195,0
DA:196,0
DA:197,0
DA:198,0
DA:201,0
DA:202,0
DA:203,0
DA:206,0
DA:208,0
DA:213,0
DA:216,0
DA:218,0
DA:219,0
DA:221,0
DA:222,0
DA:223,0
DA:225,0
DA:226,0
DA:228,0
DA:229,0
DA:231,0
DA:232,0
DA:234,0
DA:235,0
DA:236,0
DA:237,0
DA:240,0
DA:245,0
DA:248,0
DA:249,0
DA:250,0
DA:255,0
DA:258,0
DA:259,0
DA:264,0
DA:268,0
DA:269,0
DA:270,0
DA:271,0
DA:272,0
DA:273,0
DA:274,0
DA:282,0
DA:284,0
DA:291,0
DA:294,0
DA:295,0
DA:296,0
DA:297,0
DA:298,0
DA:301,0
DA:304,0
DA:305,0
DA:306,0
DA:308,0
DA:309,0
DA:310,0
DA:311,0
DA:312,0
DA:316,0
DA:343,0
LF:111
LH:0
BRDA:92,0,0,0
BRDA:92,0,1,0
BRDA:94,1,0,0
BRDA:94,1,1,0
BRDA:97,2,0,0
BRDA:97,2,1,0
BRDA:117,3,0,0
BRDA:117,3,1,0
BRDA:129,4,0,0
BRDA:129,4,1,0
BRDA:134,5,0,0
BRDA:134,5,1,0
BRDA:173,6,0,0
BRDA:173,6,1,0
BRDA:180,7,0,0
BRDA:180,7,1,0
BRDA:190,8,0,0
BRDA:190,8,1,0
BRDA:195,9,0,0
BRDA:195,9,1,0
BRDA:196,10,0,0
BRDA:196,10,1,0
BRDA:198,11,0,0
BRDA:198,11,1,0
BRDA:198,11,2,0
BRDA:198,11,3,0
BRDA:198,11,4,0
BRDA:198,11,5,0
BRDA:198,11,6,0
BRDA:198,11,7,0
BRDA:202,12,0,0
BRDA:202,12,1,0
BRDA:203,13,0,0
BRDA:203,13,1,0
BRDA:208,14,0,0
BRDA:208,14,1,0
BRDA:234,15,0,0
BRDA:234,15,1,0
BRDA:235,16,0,0
BRDA:235,16,1,0
BRDA:236,17,0,0
BRDA:236,17,1,0
BRDA:248,18,0,0
BRDA:248,18,1,0
BRDA:249,19,0,0
BRDA:249,19,1,0
BRDA:258,20,0,0
BRDA:258,20,1,0
BRDA:271,21,0,0
BRDA:271,21,1,0
BRDA:282,22,0,0
BRDA:282,22,1,0
BRDA:295,23,0,0
BRDA:295,23,1,0
BRDA:311,24,0,0
BRDA:311,24,1,0
BRDA:318,25,0,0
BRDA:318,25,1,0
BRF:58
BRH:0
end_of_record
TN:
SF:lib/runtime/components/react/parser.ts
FN:17,(anonymous_0)
FN:17,(anonymous_1)
FN:24,(anonymous_2)
FN:54,(anonymous_3)
FN:58,(anonymous_4)
FN:70,(anonymous_5)
FN:82,(anonymous_6)
FN:112,(anonymous_7)
FN:123,(anonymous_8)
FN:137,(anonymous_9)
FN:138,(anonymous_10)
FN:141,(anonymous_11)
FN:156,parseFunc
FN:209,(anonymous_13)
FN:214,(anonymous_14)
FN:218,(anonymous_15)
FNF:16
FNH:0
FNDA:0,(anonymous_0)
FNDA:0,(anonymous_1)
FNDA:0,(anonymous_2)
FNDA:0,(anonymous_3)
FNDA:0,(anonymous_4)
FNDA:0,(anonymous_5)
FNDA:0,(anonymous_6)
FNDA:0,(anonymous_7)
FNDA:0,(anonymous_8)
FNDA:0,(anonymous_9)
FNDA:0,(anonymous_10)
FNDA:0,(anonymous_11)
FNDA:0,parseFunc
FNDA:0,(anonymous_13)
FNDA:0,(anonymous_14)
FNDA:0,(anonymous_15)
DA:17,0
DA:18,0
DA:19,0
DA:20,0
DA:21,0
DA:25,0
DA:26,0
DA:28,0
DA:29,0
DA:30,0
DA:31,0
DA:32,0
DA:33,0
DA:34,0
DA:39,0
DA:45,0
DA:51,0
DA:55,0
DA:59,0
DA:60,0
DA:62,0
DA:63,0
DA:64,0
DA:65,0
DA:67,0
DA:71,0
DA:72,0
DA:74,0
DA:75,0
DA:76,0
DA:77,0
DA:79,0
DA:83,0
DA:84,0
DA:85,0
DA:86,0
DA:87,0
DA:88,0
DA:89,0
DA:90,0
DA:91,0
DA:92,0
DA:94,0
DA:95,0
DA:96,0
DA:97,0
DA:98,0
DA:99,0
DA:101,0
DA:102,0
DA:103,0
DA:104,0
DA:106,0
DA:107,0
DA:109,0
DA:113,0
DA:114,0
DA:115,0
DA:116,0
DA:117,0
DA:120,0
DA:124,0
DA:125,0
DA:127,0
DA:128,0
DA:129,0
DA:130,0
DA:131,0
DA:132,0
DA:134,0
DA:138,0
DA:139,0
DA:141,0
DA:142,0
DA:143,0
DA:145,0
DA:157,0
DA:158,0
DA:161,0
DA:162,0
DA:163,0
DA:164,0
DA:165,0
DA:166,0
DA:168,0
DA:169,0
DA:170,0
DA:171,0
DA:173,0
DA:175,0
DA:177,0
DA:178,0
DA:180,0
DA:181,0
DA:185,0
DA:188,0
DA:189,0
DA:196,0
DA:210,0
DA:211,0
DA:215,0
DA:219,0
DA:220,0
DA:222,0
DA:223,0
DA:224,0
DA:226,0
DA:227,0
DA:228,0
DA:229,0
DA:230,0
DA:231,0
DA:232,0
DA:233,0
DA:235,0
DA:236,0
DA:237,0
DA:238,0
DA:239,0
DA:242,0
DA:243,0
LF:121
LH:0
BRDA:17,0,0,0
BRDA:17,1,0,0
BRDA:29,2,0,0
BRDA:29,2,1,0
BRDA:32,3,0,0
BRDA:32,3,1,0
BRDA:32,4,0,0
BRDA:32,4,1,0
BRDA:32,4,2,0
BRDA:60,5,0,0
BRDA:60,5,1,0
BRDA:60,5,2,0
BRDA:72,6,0,0
BRDA:72,6,1,0
BRDA:72,6,2,0
BRDA:84,7,0,0
BRDA:84,7,1,0
BRDA:88,8,0,0
BRDA:88,8,1,0
BRDA:91,9,0,0
BRDA:91,9,1,0
BRDA:96,10,0,0
BRDA:96,10,1,0
BRDA:98,11,0,0
BRDA:98,11,1,0
BRDA:103,12,0,0
BRDA:103,12,1,0
BRDA:114,13,0,0
BRDA:114,13,1,0
BRDA:116,14,0,0
BRDA:116,14,1,0
BRDA:127,15,0,0
BRDA:127,15,1,0
BRDA:127,15,2,0
BRDA:127,15,3,0
BRDA:127,15,4,0
BRDA:138,16,0,0
BRDA:138,16,1,0
BRDA:142,17,0,0
BRDA:142,17,1,0
BRDA:168,18,0,0
BRDA:168,18,1,0
BRDA:169,19,0,0
BRDA:169,19,1,0
BRDA:169,20,0,0
BRDA:169,20,1,0
BRDA:169,20,2,0
BRDA:175,21,0,0
BRDA:175,21,1,0
BRDA:175,21,2,0
BRDA:219,22,0,0
BRDA:219,22,1,0
BRDA:229,23,0,0
BRDA:229,23,1,0
BRDA:236,24,0,0
BRDA:236,24,1,0
BRF:56
BRH:0
end_of_record
TN:
SF:lib/runtime/components/react/useAnimationHooks.ts
FN:87,(anonymous_0)
FN:90,getTransformObj
FN:92,(anonymous_2)
FN:97,useAnimationHooks
FN:123,(anonymous_4)
FN:124,(anonymous_5)
FN:132,(anonymous_6)
FN:138,(anonymous_7)
FN:149,(anonymous_8)
FN:150,(anonymous_9)
FN:151,(anonymous_10)
FN:157,createAnimation
FN:161,(anonymous_12)
FN:165,(anonymous_13)
FN:180,(anonymous_14)
FN:199,(anonymous_15)
FN:205,withTimingCallback
FN:229,getAnimation
FN:231,(anonymous_18)
FN:241,getInitialVal
FN:245,(anonymous_20)
FN:253,getAnimatedStyleKeys
FN:254,(anonymous_22)
FN:257,(anonymous_23)
FN:264,formatAnimatedKeys
FN:267,(anonymous_25)
FN:278,updateStyleVal
FN:279,(anonymous_27)
FN:281,(anonymous_28)
FN:297,(anonymous_29)
FN:299,(anonymous_30)
FN:303,(anonymous_31)
FN:306,(anonymous_32)
FNF:33
FNH:1
FNDA:0,(anonymous_0)
FNDA:0,getTransformObj
FNDA:0,(anonymous_2)
FNDA:15,useAnimationHooks
FNDA:0,(anonymous_4)
FNDA:0,(anonymous_5)
FNDA:0,(anonymous_6)
FNDA:0,(anonymous_7)
FNDA:0,(anonymous_8)
FNDA:0,(anonymous_9)
FNDA:0,(anonymous_10)
FNDA:0,createAnimation
FNDA:0,(anonymous_12)
FNDA:0,(anonymous_13)
FNDA:0,(anonymous_14)
FNDA:0,(anonymous_15)
FNDA:0,withTimingCallback
FNDA:0,getAnimation
FNDA:0,(anonymous_18)
FNDA:0,getInitialVal
FNDA:0,(anonymous_20)
FNDA:0,getAnimatedStyleKeys
FNDA:0,(anonymous_22)
FNDA:0,(anonymous_23)
FNDA:0,formatAnimatedKeys
FNDA:0,(anonymous_25)
FNDA:0,updateStyleVal
FNDA:0,(anonymous_27)
FNDA:0,(anonymous_28)
FNDA:0,(anonymous_29)
FNDA:0,(anonymous_30)
FNDA:0,(anonymous_31)
FNDA:0,(anonymous_32)
DA:42,1
DA:51,1
DA:74,1
DA:85,1
DA:87,1
DA:92,0
DA:93,0
DA:98,15
DA:99,15
DA:100,15
DA:101,15
DA:102,0
DA:105,15
DA:108,0
DA:111,0
DA:114,0
DA:117,0
DA:123,0
DA:124,0
DA:125,0
DA:126,0
DA:127,0
DA:132,0
DA:134,0
DA:138,0
DA:139,0
DA:141,0
DA:142,0
DA:143,0
DA:145,0
DA:149,0
DA:150,0
DA:151,0
DA:152,0
DA:158,0
DA:159,0
DA:160,0
DA:161,0
DA:162,0
DA:163,0
DA:164,0
DA:165,0
DA:168,0
DA:169,0
DA:170,0
DA:171,0
DA:175,0
DA:177,0
DA:180,0
DA:181,0
DA:183,0
DA:188,0
DA:189,0
DA:190,0
DA:191,0
DA:193,0
DA:196,0
DA:199,0
DA:200,0
DA:201,0
DA:206,0
DA:207,0
DA:213,0
DA:223,0
DA:227,0
DA:230,0
DA:232,0
DA:233,0
DA:234,0
DA:238,0
DA:242,0
DA:243,0
DA:245,0
DA:246,0
DA:248,0
DA:250,0
DA:254,0
DA:255,0
DA:256,0
DA:257,0
DA:258,0
DA:260,0
DA:265,0
DA:266,0
DA:267,0
DA:268,0
DA:269,0
DA:271,0
DA:274,0
DA:275,0
DA:279,0
DA:280,0
DA:281,0
DA:282,0
DA:283,0
DA:284,0
DA:287,0
DA:288,0
DA:289,0
DA:290,0
DA:297,0
DA:299,0
DA:301,0
DA:302,0
DA:303,0
DA:304,0
DA:306,0
DA:307,0
DA:310,0
DA:312,0
DA:316,0
LF:111
LH:10
BRDA:98,0,0,0
BRDA:99,1,0,15
BRDA:99,1,1,15
BRDA:101,2,0,0
BRDA:101,2,1,15
BRDA:105,3,0,15
BRDA:105,3,1,0
BRDA:108,4,0,0
BRDA:108,4,1,0
BRDA:139,5,0,0
BRDA:139,5,1,0
BRDA:157,6,0,0
BRDA:158,7,0,0
BRDA:158,7,1,0
BRDA:163,8,0,0
BRDA:163,8,1,0
BRDA:168,9,0,0
BRDA:168,9,1,0
BRDA:169,10,0,0
BRDA:169,10,1,0
BRDA:171,11,0,0
BRDA:171,11,1,0
BRDA:175,12,0,0
BRDA:175,12,1,0
BRDA:181,13,0,0
BRDA:181,13,1,0
BRDA:183,14,0,0
BRDA:183,14,1,0
BRDA:185,15,0,0
BRDA:185,15,1,0
BRDA:188,16,0,0
BRDA:188,16,1,0
BRDA:190,17,0,0
BRDA:190,17,1,0
BRDA:206,18,0,0
BRDA:206,18,1,0
BRDA:208,19,0,0
BRDA:208,19,1,0
BRDA:210,20,0,0
BRDA:210,20,1,0
BRDA:211,21,0,0
BRDA:211,21,1,0
BRDA:216,22,0,0
BRDA:216,22,1,0
BRDA:230,23,0,0
BRDA:230,23,1,0
BRDA:233,24,0,0
BRDA:233,24,1,0
BRDA:233,25,0,0
BRDA:233,25,1,0
BRDA:238,26,0,0
BRDA:238,26,1,0
BRDA:241,27,0,0
BRDA:242,28,0,0
BRDA:242,28,1,0
BRDA:242,29,0,0
BRDA:242,29,1,0
BRDA:246,30,0,0
BRDA:246,30,1,0
BRDA:250,31,0,0
BRDA:250,31,1,0
BRDA:254,32,0,0
BRDA:254,32,1,0
BRDA:258,33,0,0
BRDA:258,33,1,0
BRDA:268,34,0,0
BRDA:268,34,1,0
BRDA:274,35,0,0
BRDA:274,35,1,0
BRDA:280,36,0,0
BRDA:280,36,1,0
BRDA:282,37,0,0
BRDA:282,37,1,0
BRDA:287,38,0,0
BRDA:287,38,1,0
BRDA:288,39,0,0
BRDA:288,39,1,0
BRDA:301,40,0,0
BRDA:301,40,1,0
BRDA:302,41,0,0
BRDA:302,41,1,0
BRF:81
BRH:4
end_of_record
TN:
SF:lib/runtime/components/react/useNodesRef.ts
FN:13,useNodesRef
FN:17,(anonymous_1)
FN:19,(anonymous_2)
FNF:3
FNH:0
FNDA:0,useNodesRef
FNDA:0,(anonymous_1)
FNDA:0,(anonymous_2)
DA:14,0
DA:15,0
DA:17,0
DA:18,0
DA:20,0
LF:5
LH:0
BRDA:13,0,0,0
BRF:1
BRH:0
end_of_record
TN:
SF:lib/runtime/components/react/utils.tsx
FN:44,getSafeAreaInset
FN:49,useNavigation
FN:54,omit
FN:66,(anonymous_3)
FN:70,(anonymous_4)
FN:71,(anonymous_5)
FN:76,(anonymous_6)
FN:85,(anonymous_7)
FN:91,(anonymous_8)
FN:99,isText
FN:108,every
FN:110,(anonymous_11)
FN:114,groupBy
FN:119,(anonymous_13)
FN:127,splitStyle
FN:132,(anonymous_15)
FN:178,resolvePercent
FN:206,transformPercent
FN:207,(anonymous_18)
FN:208,(anonymous_19)
FN:214,resolveVar
FN:218,(anonymous_21)
FN:232,transformVar
FN:233,(anonymous_23)
FN:234,(anonymous_24)
FN:241,transformEnv
FN:242,(anonymous_26)
FN:243,(anonymous_27)
FN:246,(anonymous_28)
FN:257,transformCalc
FN:258,(anonymous_30)
FN:259,(anonymous_31)
FN:262,(anonymous_32)
FN:265,(anonymous_33)
FN:278,transformStringify
FN:284,transformPosition
FN:291,parseValues
FN:313,parseTransform
FN:316,(anonymous_38)
FN:339,(anonymous_39)
FN:355,(anonymous_40)
FN:366,transformTransform
FN:371,transformBoxShadow
FN:373,(anonymous_43)
FN:386,useTransformStyle
FN:402,varVisitor
FN:428,envVisitor
FN:434,calcVisitor
FN:440,percentVisitor
FN:449,visitOther
FN:451,(anonymous_50)
FN:500,(anonymous_51)
FN:543,traverseStyle
FN:545,traverse
FN:547,(anonymous_54)
FN:550,(anonymous_55)
FN:555,(anonymous_56)
FN:557,(anonymous_57)
FN:566,setStyle
FN:581,splitProps
FN:585,(anonymous_60)
FN:605,(anonymous_61)
FN:608,(anonymous_62)
FN:613,(anonymous_63)
FN:621,(anonymous_64)
FN:644,wrapChildren
FN:647,(anonymous_66)
FN:661,(anonymous_67)
FN:666,(anonymous_68)
FN:668,(anonymous_69)
FN:672,(anonymous_70)
FN:679,(anonymous_71)
FN:683,(anonymous_72)
FN:687,(anonymous_73)
FN:693,(anonymous_74)
FN:698,usePrevious
FN:710,flatGesture
FN:711,(anonymous_77)
FN:714,(anonymous_78)
FN:722,getCurrentPage
FN:725,(anonymous_80)
FN:728,renderImage
FN:736,pickStyle
FN:737,(anonymous_83)
FN:745,useHover
FN:763,(anonymous_85)
FN:764,(anonymous_86)
FN:770,(anonymous_87)
FN:773,(anonymous_88)
FN:778,(anonymous_89)
FN:782,(anonymous_90)
FN:787,(anonymous_91)
FN:789,(anonymous_92)
FN:792,(anonymous_93)
FN:807,useRunOnJSCallback
FN:808,(anonymous_95)
FN:814,(anonymous_96)
FN:815,(anonymous_97)
FNF:98
FNH:0
FNDA:0,getSafeAreaInset
FNDA:0,useNavigation
FNDA:0,omit
FNDA:0,(anonymous_3)
FNDA:0,(anonymous_4)
FNDA:0,(anonymous_5)
FNDA:0,(anonymous_6)
FNDA:0,(anonymous_7)
FNDA:0,(anonymous_8)
FNDA:0,isText
FNDA:0,every
FNDA:0,(anonymous_11)
FNDA:0,groupBy
FNDA:0,(anonymous_13)
FNDA:0,splitStyle
FNDA:0,(anonymous_15)
FNDA:0,resolvePercent
FNDA:0,transformPercent
FNDA:0,(anonymous_18)
FNDA:0,(anonymous_19)
FNDA:0,resolveVar
FNDA:0,(anonymous_21)
FNDA:0,transformVar
FNDA:0,(anonymous_23)
FNDA:0,(anonymous_24)
FNDA:0,transformEnv
FNDA:0,(anonymous_26)
FNDA:0,(anonymous_27)
FNDA:0,(anonymous_28)
FNDA:0,transformCalc
FNDA:0,(anonymous_30)
FNDA:0,(anonymous_31)
FNDA:0,(anonymous_32)
FNDA:0,(anonymous_33)
FNDA:0,transformStringify
FNDA:0,transformPosition
FNDA:0,parseValues
FNDA:0,parseTransform
FNDA:0,(anonymous_38)
FNDA:0,(anonymous_39)
FNDA:0,(anonymous_40)
FNDA:0,transformTransform
FNDA:0,transformBoxShadow
FNDA:0,(anonymous_43)
FNDA:0,useTransformStyle
FNDA:0,varVisitor
FNDA:0,envVisitor
FNDA:0,calcVisitor
FNDA:0,percentVisitor
FNDA:0,visitOther
FNDA:0,(anonymous_50)
FNDA:0,(anonymous_51)
FNDA:0,traverseStyle
FNDA:0,traverse
FNDA:0,(anonymous_54)
FNDA:0,(anonymous_55)
FNDA:0,(anonymous_56)
FNDA:0,(anonymous_57)
FNDA:0,setStyle
FNDA:0,splitProps
FNDA:0,(anonymous_60)
FNDA:0,(anonymous_61)
FNDA:0,(anonymous_62)
FNDA:0,(anonymous_63)
FNDA:0,(anonymous_64)
FNDA:0,wrapChildren
FNDA:0,(anonymous_66)
FNDA:0,(anonymous_67)
FNDA:0,(anonymous_68)
FNDA:0,(anonymous_69)
FNDA:0,(anonymous_70)
FNDA:0,(anonymous_71)
FNDA:0,(anonymous_72)
FNDA:0,(anonymous_73)
FNDA:0,(anonymous_74)
FNDA:0,usePrevious
FNDA:0,flatGesture
FNDA:0,(anonymous_77)
FNDA:0,(anonymous_78)
FNDA:0,getCurrentPage
[...]
FNF:17
FNH:0
FNDA:0,(anonymous_0)
FNDA:0,(anonymous_1)
FNDA:0,(anonymous_2)
FNDA:0,(anonymous_3)
FNDA:0,(anonymous_4)
FNDA:0,(anonymous_5)
FNDA:0,(anonymous_6)
FNDA:0,(anonymous_7)
FNDA:0,(anonymous_8)
FNDA:0,(anonymous_9)
FNDA:0,(anonymous_10)
FNDA:0,(anonymous_11)
FNDA:0,(anonymous_12)
FNDA:0,(anonymous_13)
FNDA:0,(anonymous_14)
FNDA:0,(anonymous_15)
FNDA:0,(anonymous_16)
DA:8,0
DA:25,0
DA:26,0
DA:28,0
DA:29,0
DA:32,0
DA:33,0
DA:36,0
DA:40,0
DA:41,0
DA:42,0
DA:43,0
DA:44,0
DA:46,0
DA:47,0
DA:48,0
DA:49,0
DA:51,0
DA:52,0
DA:53,0
DA:57,0
DA:58,0
DA:59,0
DA:62,0
DA:63,0
DA:64,0
DA:67,0
DA:76,0
DA:77,0
DA:78,0
DA:79,0
DA:80,0
DA:81,0
DA:85,0
DA:86,0
DA:87,0
DA:88,0
DA:92,0
DA:93,0
DA:97,0
DA:103,0
DA:111,0
DA:116,0
LF:43
LH:0
BRDA:25,0,0,0
BRDA:26,1,0,0
BRDA:26,1,1,0
BRDA:29,2,0,0
BRDA:29,2,1,0
BRDA:33,3,0,0
BRDA:33,3,1,0
BRDA:40,4,0,0
BRDA:40,5,0,0
BRDA:46,6,0,0
BRDA:48,7,0,0
BRDA:48,7,1,0
BRDA:52,8,0,0
BRDA:52,8,1,0
BRDA:80,9,0,0
BRDA:80,9,1,0
BRDA:87,10,0,0
BRDA:87,10,1,0
BRF:18
BRH:0
end_of_record
TN:
SF:lib/runtime/components/react/mpx-picker/region.tsx
FN:33,(anonymous_0)
FN:35,(anonymous_1)
FN:36,(anonymous_2)
FN:40,(anonymous_3)
FN:50,(anonymous_4)
FN:87,(anonymous_5)
FN:98,(anonymous_6)
FN:134,(anonymous_7)
FN:141,(anonymous_8)
FN:143,(anonymous_9)
FN:157,(anonymous_10)
FN:169,(anonymous_11)
FN:172,(anonymous_12)
FN:175,(anonymous_13)
FN:182,(anonymous_14)
FN:184,(anonymous_15)
FN:193,(anonymous_16)
FN:200,(anonymous_17)
FN:210,(anonymous_18)
FN:211,(anonymous_19)
FN:214,(anonymous_20)
FNF:21
FNH:0
FNDA:0,(anonymous_0)
FNDA:0,(anonymous_1)
FNDA:0,(anonymous_2)
FNDA:0,(anonymous_3)
FNDA:0,(anonymous_4)
FNDA:0,(anonymous_5)
FNDA:0,(anonymous_6)
FNDA:0,(anonymous_7)
FNDA:0,(anonymous_8)
FNDA:0,(anonymous_9)
FNDA:0,(anonymous_10)
FNDA:0,(anonymous_11)
FNDA:0,(anonymous_12)
FNDA:0,(anonymous_13)
FNDA:0,(anonymous_14)
FNDA:0,(anonymous_15)
FNDA:0,(anonymous_16)
FNDA:0,(anonymous_17)
FNDA:0,(anonymous_18)
FNDA:0,(anonymous_19)
FNDA:0,(anonymous_20)
DA:16,0
DA:33,0
DA:35,0
DA:36,0
DA:37,0
DA:40,0
DA:41,0
DA:42,0
DA:43,0
DA:44,0
DA:46,0
DA:50,0
DA:55,0
DA:56,0
DA:57,0
DA:58,0
DA:60,0
DA:62,0
DA:66,0
DA:67,0
DA:68,0
DA:69,0
DA:70,0
DA:74,0
DA:75,0
DA:76,0
DA:77,0
DA:78,0
DA:80,0
DA:81,0
DA:83,0
DA:86,0
DA:87,0
DA:88,0
DA:89,0
DA:90,0
DA:92,0
DA:93,0
DA:95,0
DA:98,0
DA:99,0
DA:100,0
DA:101,0
DA:102,0
DA:103,0
DA:104,0
DA:109,0
DA:110,0
DA:111,0
DA:115,0
DA:119,0
DA:120,0
DA:121,0
DA:122,0
DA:123,0
DA:124,0
DA:125,0
DA:127,0
DA:128,0
DA:130,0
DA:133,0
DA:134,0
DA:135,0
DA:136,0
DA:138,0
DA:141,0
DA:142,0
DA:143,0
DA:144,0
DA:145,0
DA:146,0
DA:148,0
DA:151,0
DA:152,0
DA:153,0
DA:157,0
DA:158,0
DA:159,0
DA:160,0
DA:163,0
DA:166,0
DA:170,0
DA:171,0
DA:172,0
DA:173,0
DA:175,0
DA:176,0
DA:177,0
DA:180,0
DA:181,0
DA:182,0
DA:184,0
DA:193,0
DA:194,0
DA:195,0
DA:196,0
DA:200,0
DA:201,0
DA:202,0
DA:203,0
DA:204,0
DA:205,0
DA:207,0
DA:210,0
DA:211,0
DA:213,0
DA:215,0
DA:216,0
DA:219,0
DA:227,0
DA:238,0
LF:111
LH:0
BRDA:37,0,0,0
BRDA:37,0,1,0
BRDA:41,1,0,0
BRDA:41,1,1,0
BRDA:43,2,0,0
BRDA:43,2,1,0
BRDA:51,3,0,0
BRDA:53,4,0,0
BRDA:55,5,0,0
BRDA:55,5,1,0
BRDA:57,6,0,0
BRDA:57,6,1,0
BRDA:57,7,0,0
BRDA:57,7,1,0
BRDA:64,8,0,0
BRDA:64,8,1,0
BRDA:74,9,0,0
BRDA:74,9,1,0
BRDA:75,10,0,0
BRDA:75,10,1,0
BRDA:76,11,0,0
BRDA:76,11,1,0
BRDA:89,12,0,0
BRDA:89,12,1,0
BRDA:89,13,0,0
BRDA:89,13,1,0
BRDA:93,14,0,0
BRDA:93,14,1,0
BRDA:98,15,0,0
BRDA:98,16,0,0
BRDA:99,17,0,0
BRDA:99,17,1,0
BRDA:103,18,0,0
BRDA:103,18,1,0
BRDA:110,19,0,0
BRDA:110,19,1,0
BRDA:121,20,0,0
BRDA:121,20,1,0
BRDA:122,21,0,0
BRDA:122,21,1,0
BRDA:123,22,0,0
BRDA:123,22,1,0
BRDA:136,23,0,0
BRDA:136,23,1,0
BRDA:141,24,0,0
BRDA:144,25,0,0
BRDA:144,25,1,0
BRDA:145,26,0,0
BRDA:145,26,1,0
BRDA:157,27,0,0
BRDA:159,28,0,0
BRDA:159,28,1,0
BRDA:170,29,0,0
BRDA:170,30,0,0
BRDA:170,31,0,0
BRDA:175,32,0,0
BRDA:195,33,0,0
BRDA:195,33,1,0
BRDA:204,34,0,0
BRDA:204,34,1,0
BRDA:217,35,0,0
BRDA:217,35,1,0
BRF:62
BRH:0
end_of_record
TN:
SF:lib/runtime/components/react/mpx-picker/regionData.ts
FNF:0
FNH:0
DA:3,0
LF:1
LH:0
BRF:0
BRH:0
end_of_record
TN:
SF:lib/runtime/components/react/mpx-picker/selector.tsx
FN:26,(anonymous_0)
FN:27,(anonymous_1)
FN:29,(anonymous_2)
FN:37,(anonymous_3)
FN:43,(anonymous_4)
FN:48,(anonymous_5)
FN:54,(anonymous_6)
FN:56,(anonymous_7)
FN:65,(anonymous_8)
FN:82,(anonymous_9)
FNF:10
FNH:0
FNDA:0,(anonymous_0)
FNDA:0,(anonymous_1)
FNDA:0,(anonymous_2)
FNDA:0,(anonymous_3)
FNDA:0,(anonymous_4)
FNDA:0,(anonymous_5)
FNDA:0,(anonymous_6)
FNDA:0,(anonymous_7)
FNDA:0,(anonymous_8)
FNDA:0,(anonymous_9)
DA:9,0
DA:26,0
DA:27,0
DA:29,0
DA:30,0
DA:31,0
DA:34,0
DA:38,0
DA:39,0
DA:40,0
DA:41,0
DA:43,0
DA:44,0
DA:45,0
DA:48,0
DA:49,0
DA:52,0
DA:53,0
DA:54,0
DA:56,0
DA:65,0
DA:66,0
DA:67,0
DA:68,0
DA:70,0
DA:73,0
DA:83,0
DA:89,0
LF:28
LH:0
BRDA:26,0,0,0
BRDA:27,1,0,0
BRDA:27,1,1,0
BRDA:29,2,0,0
BRDA:30,3,0,0
BRDA:30,3,1,0
BRDA:38,4,0,0
BRDA:43,5,0,0
BRDA:67,6,0,0
BRDA:67,6,1,0
BRF:10
BRH:0
end_of_record
TN:
SF:lib/runtime/components/react/mpx-picker/time.tsx
FN:33,(anonymous_0)
FN:44,(anonymous_1)
FN:45,(anonymous_2)
FN:48,(anonymous_3)
FN:52,(anonymous_4)
FN:70,(anonymous_5)
FN:71,(anonymous_6)
FN:76,(anonymous_7)
FN:85,(anonymous_8)
FN:92,(anonymous_9)
FN:94,(anonymous_10)
FN:103,(anonymous_11)
FN:104,(anonymous_12)
FN:109,(anonymous_13)
FN:114,(anonymous_14)
FN:124,(anonymous_15)
FN:137,(anonymous_16)
FN:143,(anonymous_17)
FNF:18
FNH:0
FNDA:0,(anonymous_0)
FNDA:0,(anonymous_1)
FNDA:0,(anonymous_2)
FNDA:0,(anonymous_3)
FNDA:0,(anonymous_4)
FNDA:0,(anonymous_5)
FNDA:0,(anonymous_6)
FNDA:0,(anonymous_7)
FNDA:0,(anonymous_8)
FNDA:0,(anonymous_9)
FNDA:0,(anonymous_10)
FNDA:0,(anonymous_11)
FNDA:0,(anonymous_12)
FNDA:0,(anonymous_13)
FNDA:0,(anonymous_14)
FNDA:0,(anonymous_15)
FNDA:0,(anonymous_16)
FNDA:0,(anonymous_17)
DA:10,0
DA:33,0
DA:34,0
DA:35,0
DA:36,0
DA:38,0
DA:39,0
DA:40,0
DA:41,0
DA:44,0
DA:45,0
DA:48,0
DA:49,0
DA:52,0
DA:57,0
DA:58,0
DA:59,0
DA:60,0
DA:61,0
DA:62,0
DA:63,0
DA:64,0
DA:66,0
DA:70,0
DA:71,0
DA:73,0
DA:77,0
DA:79,0
DA:80,0
DA:81,0
DA:82,0
DA:83,0
DA:85,0
DA:86,0
DA:87,0
DA:90,0
DA:91,0
DA:92,0
DA:94,0
DA:103,0
DA:104,0
DA:105,0
DA:109,0
DA:110,0
DA:111,0
DA:114,0
DA:115,0
DA:116,0
DA:117,0
DA:119,0
DA:120,0
DA:122,0
DA:123,0
DA:124,0
DA:128,0
DA:138,0
DA:144,0
DA:150,0
LF:58
LH:0
BRDA:33,0,0,0
BRDA:34,1,0,0
BRDA:34,1,1,0
BRDA:38,2,0,0
BRDA:38,3,0,0
BRDA:54,4,0,0
BRDA:55,5,0,0
BRDA:57,6,0,0
BRDA:57,6,1,0
BRDA:58,7,0,0
BRDA:58,7,1,0
BRDA:59,8,0,0
BRDA:59,8,1,0
BRDA:61,9,0,0
BRDA:61,9,1,0
BRDA:63,10,0,0
BRDA:63,10,1,0
BRDA:77,11,0,0
BRDA:77,12,0,0
BRDA:77,13,0,0
BRDA:85,14,0,0
BRDA:105,15,0,0
BRDA:105,15,1,0
BRDA:119,16,0,0
BRDA:119,16,1,0
BRDA:119,17,0,0
BRDA:119,17,1,0
BRDA:122,18,0,0
BRDA:122,18,1,0
BRDA:122,19,0,0
BRDA:122,19,1,0
BRDA:123,20,0,0
BRDA:123,20,1,0
BRF:33
BRH:0
end_of_record
TN:
SF:lib/runtime/components/react/mpx-picker/type.ts
FNF:0
FNH:0
LF:0
LH:0
BRF:0
BRH:0
end_of_record
TN:
SF:lib/runtime/components/react/mpx-picker-view/index.tsx
FN:66,(anonymous_0)
FN:106,(anonymous_1)
FN:118,(anonymous_2)
FN:119,(anonymous_3)
FN:122,(anonymous_4)
FN:162,(anonymous_5)
FN:196,(anonymous_6)
FN:200,(anonymous_7)
FN:209,(anonymous_8)
FN:214,(anonymous_9)
FNF:10
FNH:0
FNDA:0,(anonymous_0)
FNDA:0,(anonymous_1)
FNDA:0,(anonymous_2)
FNDA:0,(anonymous_3)
FNDA:0,(anonymous_4)
FNDA:0,(anonymous_5)
FNDA:0,(anonymous_6)
FNDA:0,(anonymous_7)
FNDA:0,(anonymous_8)
FNDA:0,(anonymous_9)
DA:53,0
DA:64,0
DA:66,0
DA:76,0
DA:77,0
DA:78,0
DA:79,0
DA:80,0
DA:81,0
DA:82,0
DA:92,0
DA:94,0
DA:102,0
DA:103,0
DA:104,0
DA:106,0
DA:107,0
DA:108,0
DA:109,0
DA:114,0
DA:115,0
DA:118,0
DA:119,0
DA:122,0
DA:123,0
DA:124,0
DA:129,0
DA:130,0
DA:134,0
DA:162,0
DA:163,0
DA:164,0
DA:182,0
DA:183,0
DA:196,0
DA:197,0
DA:200,0
DA:201,0
DA:202,0
DA:204,0
DA:206,0
DA:209,0
DA:210,0
DA:211,0
DA:212,0
DA:213,0
DA:214,0
DA:215,0
DA:216,0
DA:217,0
DA:218,0
DA:220,0
DA:221,0
DA:223,0
DA:224,0
DA:227,0
DA:241,0
DA:242,0
DA:245,0
DA:248,0
LF:60
LH:0
BRDA:69,0,0,0
BRDA:72,1,0,0
BRDA:73,2,0,0
BRDA:118,3,0,0
BRDA:123,4,0,0
BRDA:123,4,1,0
BRDA:123,5,0,0
BRDA:123,5,1,0
BRDA:123,5,2,0
BRDA:163,6,0,0
BRDA:163,6,1,0
BRDA:173,7,0,0
BRDA:173,7,1,0
BRDA:174,8,0,0
BRDA:174,8,1,0
BRDA:197,9,0,0
BRDA:197,9,1,0
BRDA:202,10,0,0
BRDA:202,10,1,0
BRDA:202,11,0,0
BRDA:202,11,1,0
BRDA:202,11,2,0
BRDA:217,12,0,0
BRDA:217,12,1,0
BRDA:241,13,0,0
BRDA:241,13,1,0
BRF:26
BRH:0
end_of_record
TN:
SF:lib/runtime/components/react/mpx-picker-view/pickerVIewContext.ts
FN:10,(anonymous_0)
FN:24,(anonymous_1)
FNF:2
FNH:0
FNDA:0,(anonymous_0)
FNDA:0,(anonymous_1)
DA:6,0
DA:10,0
DA:11,0
DA:12,0
DA:13,0
DA:17,0
DA:20,0
DA:24,0
DA:25,0
DA:26,0
LF:10
LH:0
BRDA:12,0,0,0
BRDA:12,0,1,0
BRF:2
BRH:0
end_of_record
TN:
SF:lib/runtime/components/react/mpx-picker-view-column/index.tsx
FN:32,(anonymous_0)
FN:63,(anonymous_1)
FN:85,(anonymous_2)
FN:90,(anonymous_3)
FN:90,(anonymous_4)
FN:94,(anonymous_5)
FN:98,(anonymous_6)
FN:103,(anonymous_7)
FN:110,(anonymous_8)
FN:117,(anonymous_9)
FN:124,(anonymous_10)
FN:125,(anonymous_11)
FN:131,(anonymous_12)
FN:145,(anonymous_13)
FN:155,(anonymous_14)
FN:159,(anonymous_15)
FN:166,(anonymous_16)
FN:174,(anonymous_17)
FN:183,(anonymous_18)
FN:188,(anonymous_19)
FN:201,(anonymous_20)
FN:210,(anonymous_21)
FN:217,(anonymous_22)
FN:224,(anonymous_23)
FN:247,(anonymous_24)
FN:249,(anonymous_25)
FN:267,(anonymous_26)
FN:282,(anonymous_27)
FN:288,(anonymous_28)
FN:289,(anonymous_29)
FN:304,(anonymous_30)
FN:338,(anonymous_31)
FN:345,(anonymous_32)
FNF:33
FNH:0
FNDA:0,(anonymous_0)
FNDA:0,(anonymous_1)
FNDA:0,(anonymous_2)
FNDA:0,(anonymous_3)
FNDA:0,(anonymous_4)
FNDA:0,(anonymous_5)
FNDA:0,(anonymous_6)
FNDA:0,(anonymous_7)
FNDA:0,(anonymous_8)
FNDA:0,(anonymous_9)
FNDA:0,(anonymous_10)
FNDA:0,(anonymous_11)
FNDA:0,(anonymous_12)
FNDA:0,(anonymous_13)
FNDA:0,(anonymous_14)
FNDA:0,(anonymous_15)
FNDA:0,(anonymous_16)
FNDA:0,(anonymous_17)
FNDA:0,(anonymous_18)
FNDA:0,(anonymous_19)
FNDA:0,(anonymous_20)
FNDA:0,(anonymous_21)
FNDA:0,(anonymous_22)
FNDA:0,(anonymous_23)
FNDA:0,(anonymous_24)
FNDA:0,(anonymous_25)
FNDA:0,(anonymous_26)
FNDA:0,(anonymous_27)
FNDA:0,(anonymous_28)
FNDA:0,(anonymous_29)
FNDA:0,(anonymous_30)
FNDA:0,(anonymous_31)
FNDA:0,(anonymous_32)
DA:30,0
DA:32,0
DA:44,0
DA:51,0
DA:52,0
DA:53,0
DA:54,0
DA:55,0
DA:57,0
DA:61,0
DA:62,0
DA:63,0
DA:64,0
DA:65,0
DA:66,0
DA:67,0
DA:68,0
DA:69,0
DA:70,0
DA:71,0
DA:72,0
DA:76,0
DA:84,0
DA:85,0
DA:89,0
DA:90,0
DA:94,0
DA:95,0
DA:98,0
DA:99,0
DA:100,0
DA:103,0
DA:104,0
DA:105,0
DA:106,0
DA:110,0
DA:111,0
DA:112,0
DA:113,0
DA:117,0
DA:118,0
DA:119,0
DA:120,0
DA:124,0
DA:125,0
DA:126,0
DA:127,0
DA:131,0
DA:132,0
DA:142,0
DA:144,0
DA:145,0
DA:146,0
DA:151,0
DA:155,0
DA:156,0
DA:157,0
DA:158,0
DA:159,0
DA:160,0
DA:161,0
DA:166,0
DA:167,0
DA:168,0
DA:169,0
DA:170,0
DA:174,0
DA:175,0
DA:176,0
DA:178,0
DA:179,0
DA:180,0
DA:183,0
DA:184,0
DA:185,0
DA:188,0
DA:189,0
DA:190,0
DA:191,0
DA:192,0
DA:194,0
DA:195,0
DA:196,0
DA:197,0
DA:201,0
DA:202,0
DA:203,0
DA:204,0
DA:210,0
DA:211,0
DA:212,0
DA:213,0
DA:214,0
DA:215,0
DA:216,0
DA:217,0
DA:218,0
DA:224,0
DA:226,0
DA:227,0
DA:228,0
DA:230,0
DA:231,0
DA:232,0
DA:233,0
DA:234,0
DA:235,0
DA:236,0
DA:241,0
DA:247,0
DA:249,0
DA:250,0
DA:251,0
DA:252,0
DA:253,0
DA:254,0
DA:255,0
DA:256,0
DA:258,0
DA:261,0
DA:267,0
DA:268,0
DA:269,0
DA:270,0
DA:271,0
DA:273,0
DA:274,0
DA:275,0
DA:277,0
DA:278,0
DA:279,0
DA:281,0
DA:282,0
DA:283,0
DA:288,0
DA:289,0
DA:290,0
DA:304,0
DA:305,0
DA:327,0
DA:338,0
DA:339,0
DA:345,0
DA:346,0
DA:352,0
DA:361,0
DA:366,0
LF:147
LH:0
BRDA:52,0,0,0
BRDA:53,1,0,0
BRDA:104,2,0,0
BRDA:104,2,1,0
BRDA:111,3,0,0
BRDA:111,3,1,0
BRDA:118,4,0,0
BRDA:118,4,1,0
BRDA:132,5,0,0
BRDA:132,5,1,0
BRDA:133,6,0,0
BRDA:133,6,1,0
BRDA:133,6,2,0
BRDA:133,6,3,0
BRDA:133,6,4,0
BRDA:133,6,5,0
BRDA:133,6,6,0
BRDA:133,6,7,0
BRDA:152,7,0,0
BRDA:152,7,1,0
BRDA:157,8,0,0
BRDA:157,8,1,0
BRDA:169,9,0,0
BRDA:169,9,1,0
BRDA:169,10,0,0
BRDA:169,10,1,0
BRDA:175,11,0,0
BRDA:175,11,1,0
BRDA:175,12,0,0
BRDA:175,12,1,0
BRDA:184,13,0,0
BRDA:184,13,1,0
BRDA:191,14,0,0
BRDA:191,14,1,0
BRDA:191,15,0,0
BRDA:191,15,1,0
BRDA:195,16,0,0
BRDA:195,16,1,0
BRDA:202,17,0,0
BRDA:202,17,1,0
BRDA:212,18,0,0
BRDA:212,18,1,0
BRDA:214,19,0,0
BRDA:214,19,1,0
BRDA:214,20,0,0
BRDA:214,20,1,0
BRDA:214,20,2,0
BRDA:216,21,0,0
BRDA:216,21,1,0
BRDA:216,22,0,0
BRDA:216,22,1,0
BRDA:227,23,0,0
BRDA:227,23,1,0
BRDA:232,24,0,0
BRDA:232,24,1,0
BRDA:232,25,0,0
BRDA:232,25,1,0
BRDA:233,26,0,0
BRDA:233,26,1,0
BRDA:235,27,0,0
BRDA:235,27,1,0
BRDA:252,28,0,0
BRDA:252,28,1,0
BRDA:254,29,0,0
BRDA:254,29,1,0
BRDA:254,30,0,0
BRDA:254,30,1,0
BRDA:255,31,0,0
BRDA:255,31,1,0
BRDA:268,32,0,0
BRDA:268,32,1,0
BRDA:270,33,0,0
BRDA:270,33,1,0
BRDA:270,34,0,0
BRDA:270,34,1,0
BRDA:274,35,0,0
BRDA:274,35,1,0
BRDA:274,36,0,0
BRDA:274,36,1,0
BRDA:279,37,0,0
BRDA:279,37,1,0
BRF:81
BRH:0
end_of_record
TN:
SF:lib/runtime/components/react/mpx-picker-view-column/pickerViewColumnItem.tsx
FN:19,(anonymous_0)
FN:33,(anonymous_1)
FN:37,(anonymous_2)
FN:38,(anonymous_3)
FN:40,(anonymous_4)
FN:42,(anonymous_5)
FN:43,(anonymous_6)
FN:44,(anonymous_7)
FNF:8
FNH:0
FNDA:0,(anonymous_0)
FNDA:0,(anonymous_1)
FNDA:0,(anonymous_2)
FNDA:0,(anonymous_3)
FNDA:0,(anonymous_4)
FNDA:0,(anonymous_5)
FNDA:0,(anonymous_6)
FNDA:0,(anonymous_7)
DA:19,0
DA:29,0
DA:30,0
DA:31,0
DA:33,0
DA:34,0
DA:37,0
DA:38,0
DA:39,0
DA:40,0
DA:42,0
DA:43,0
DA:44,0
DA:49,0
DA:50,0
DA:51,0
DA:63,0
DA:65,0
DA:78,0
LF:19
LH:0
BRDA:23,0,0,0
BRDA:50,1,0,0
BRDA:50,1,1,0
BRF:3
BRH:0
end_of_record
TN:
SF:lib/runtime/components/react/mpx-picker-view-column/pickerViewFaces.ts
FN:15,(anonymous_0)
FN:18,(anonymous_1)
FN:21,(anonymous_2)
FN:25,(anonymous_3)
FN:28,(anonymous_4)
FN:35,(anonymous_5)
FN:40,(anonymous_6)
FN:51,(anonymous_7)
FN:54,(anonymous_8)
FN:58,(anonymous_9)
FN:60,(anonymous_10)
FN:70,(anonymous_11)
FN:87,(anonymous_12)
FN:103,(anonymous_13)
FNF:14
FNH:0
FNDA:0,(anonymous_0)
FNDA:0,(anonymous_1)
FNDA:0,(anonymous_2)
FNDA:0,(anonymous_3)
FNDA:0,(anonymous_4)
FNDA:0,(anonymous_5)
FNDA:0,(anonymous_6)
FNDA:0,(anonymous_7)
FNDA:0,(anonymous_8)
FNDA:0,(anonymous_9)
FNDA:0,(anonymous_10)
FNDA:0,(anonymous_11)
FNDA:0,(anonymous_12)
FNDA:0,(anonymous_13)
DA:15,0
DA:18,0
DA:19,0
DA:21,0
DA:22,0
DA:23,0
DA:25,0
DA:28,0
DA:29,0
DA:30,0
DA:31,0
DA:32,0
DA:35,0
DA:40,0
DA:41,0
DA:42,0
DA:44,0
DA:45,0
DA:46,0
DA:48,0
DA:51,0
DA:54,0
DA:55,0
DA:57,0
DA:58,0
DA:60,0
DA:61,0
DA:62,0
DA:63,0
DA:65,0
DA:67,0
DA:70,0
DA:71,0
DA:76,0
DA:79,0
DA:80,0
DA:82,0
DA:84,0
DA:88,0
DA:104,0
LF:40
LH:0
BRDA:22,0,0,0
BRDA:22,0,1,0
BRDA:76,1,0,0
BRDA:76,1,1,0
BRF:4
BRH:0
end_of_record
TN:
SF:lib/runtime/components/react/mpx-picker-view-column/pickerViewIndicator.tsx
FN:10,(anonymous_0)
FNF:1
FNH:0
FNDA:0,(anonymous_0)
DA:10,0
DA:11,0
DA:18,0
DA:33,0
LF:4
LH:0
BRF:0
BRH:0
end_of_record
TN:
SF:lib/runtime/components/react/mpx-picker-view-column/pickerViewMask.tsx
FN:10,(anonymous_0)
FNF:1
FNH:0
FNDA:0,(anonymous_0)
DA:10,0
DA:14,0
DA:22,0
DA:29,0
LF:4
LH:0
BRF:0
BRH:0
end_of_record
TN:
SF:lib/runtime/components/react/mpx-popup/index.tsx
FN:17,(anonymous_0)
FN:28,(anonymous_1)
FN:36,(anonymous_2)
FN:44,(anonymous_3)
FN:60,(anonymous_4)
FN:67,(anonymous_5)
FN:74,(anonymous_6)
FN:75,(anonymous_7)
FNF:8
FNH:0
FNDA:0,(anonymous_0)
FNDA:0,(anonymous_1)
FNDA:0,(anonymous_2)
FNDA:0,(anonymous_3)
FNDA:0,(anonymous_4)
FNDA:0,(anonymous_5)
FNDA:0,(anonymous_6)
FNDA:0,(anonymous_7)
DA:17,0
DA:18,0
DA:21,0
DA:28,0
DA:29,0
DA:30,0
DA:32,0
DA:33,0
DA:34,0
DA:36,0
DA:37,0
DA:38,0
DA:39,0
DA:41,0
DA:44,0
DA:49,0
DA:50,0
DA:51,0
DA:56,0
DA:60,0
DA:61,0
DA:62,0
DA:63,0
DA:67,0
DA:68,0
DA:69,0
DA:70,0
DA:74,0
DA:75,0
DA:77,0
LF:30
LH:0
BRDA:18,0,0,0
BRDA:18,0,1,0
BRDA:28,1,0,0
BRDA:30,2,0,0
BRDA:30,2,1,0
BRDA:37,3,0,0
BRDA:37,3,1,0
BRDA:49,4,0,0
BRDA:49,4,1,0
BRDA:49,5,0,0
BRDA:49,5,1,0
BRDA:61,6,0,0
BRDA:61,6,1,0
BRDA:61,7,0,0
BRDA:61,7,1,0
BRDA:61,7,2,0
BRDA:68,8,0,0
BRDA:68,8,1,0
BRDA:68,9,0,0
BRDA:68,9,1,0
BRF:20
BRH:0
end_of_record
TN:
SF:lib/runtime/components/react/mpx-popup/popupBase.tsx
FN:55,(anonymous_0)
FN:58,(anonymous_1)
FN:65,(anonymous_2)
FN:69,(anonymous_3)
FN:73,(anonymous_4)
FN:84,(anonymous_5)
FN:98,(anonymous_6)
FN:106,(anonymous_7)
FNF:8
FNH:0
FNDA:0,(anonymous_0)
FNDA:0,(anonymous_1)
FNDA:0,(anonymous_2)
FNDA:0,(anonymous_3)
FNDA:0,(anonymous_4)
FNDA:0,(anonymous_5)
FNDA:0,(anonymous_6)
FNDA:0,(anonymous_7)
DA:18,0
DA:19,0
DA:20,0
DA:47,0
DA:48,0
DA:49,0
DA:55,0
DA:58,0
DA:61,0
DA:62,0
DA:63,0
DA:65,0
DA:69,0
DA:73,0
DA:74,0
DA:78,0
DA:84,0
DA:85,0
DA:89,0
DA:98,0
DA:99,0
DA:100,0
DA:102,0
DA:106,0
DA:107,0
DA:110,0
DA:129,0
LF:27
LH:0
BRDA:55,0,0,0
BRDA:58,1,0,0
BRDA:59,2,0,0
BRDA:60,3,0,0
BRDA:99,4,0,0
BRDA:99,4,1,0
BRDA:116,5,0,0
BRDA:116,5,1,0
BRF:8
BRH:0
end_of_record
TN:
SF:lib/runtime/components/react/mpx-portal/index.tsx
FN:9,(anonymous_0)
FN:17,(anonymous_1)
FN:20,(anonymous_2)
FN:27,(anonymous_3)
FNF:4
FNH:0
FNDA:0,(anonymous_0)
FNDA:0,(anonymous_1)
FNDA:0,(anonymous_2)
FNDA:0,(anonymous_3)
DA:9,2
DA:10,0
DA:11,0
DA:12,0
DA:13,0
DA:14,0
DA:15,0
DA:17,0
DA:18,0
DA:20,0
DA:21,0
DA:22,0
DA:26,0
DA:27,0
DA:28,0
DA:31,0
DA:34,2
DA:35,2
DA:36,2
DA:37,2
LF:20
LH:5
BRDA:12,0,0,0
BRDA:12,0,1,0
BRDA:14,1,0,0
BRDA:14,1,1,0
BRDA:21,2,0,0
BRDA:21,2,1,0
BRF:6
BRH:0
end_of_record
TN:
SF:lib/runtime/components/react/mpx-portal/portal-host.tsx
FN:42,(anonymous_0)
FN:48,(anonymous_1)
FN:52,(anonymous_2)
FN:61,(anonymous_3)
FN:66,(anonymous_4)
FN:77,(anonymous_5)
FN:85,(anonymous_6)
FN:90,(anonymous_7)
FN:98,(anonymous_8)
FN:105,(anonymous_9)
FN:119,(anonymous_10)
FN:120,(anonymous_11)
FNF:12
FNH:0
FNDA:0,(anonymous_0)
FNDA:0,(anonymous_1)
FNDA:0,(anonymous_2)
FNDA:0,(anonymous_3)
FNDA:0,(anonymous_4)
FNDA:0,(anonymous_5)
FNDA:0,(anonymous_6)
FNDA:0,(anonymous_7)
FNDA:0,(anonymous_8)
FNDA:0,(anonymous_9)
FNDA:0,(anonymous_10)
FNDA:0,(anonymous_11)
DA:28,2
DA:29,2
DA:30,2
DA:32,2
DA:34,2
DA:41,2
DA:42,2
DA:43,0
DA:44,0
DA:45,0
DA:48,2
DA:49,0
DA:52,2
DA:53,0
DA:59,2
DA:61,2
DA:62,0
DA:63,0
DA:64,0
DA:65,0
DA:66,0
DA:67,0
DA:68,0
DA:69,0
DA:70,0
DA:72,0
DA:74,0
DA:77,0
DA:78,0
DA:79,0
DA:81,0
DA:85,0
DA:86,0
DA:87,0
DA:89,0
DA:90,0
DA:91,0
DA:92,0
DA:94,0
DA:98,0
DA:99,0
DA:105,0
DA:106,0
DA:107,0
DA:108,0
DA:109,0
DA:111,0
DA:112,0
DA:114,0
DA:115,0
DA:119,0
DA:120,0
DA:121,0
DA:125,0
LF:54
LH:11
BRDA:32,0,0,2
BRDA:32,0,1,0
BRDA:65,1,0,0
BRDA:65,1,1,0
BRDA:67,2,0,0
BRDA:67,2,1,0
BRDA:68,3,0,0
BRDA:68,3,1,0
BRDA:69,4,0,0
BRDA:69,4,1,0
BRDA:78,5,0,0
BRDA:78,5,1,0
BRDA:86,6,0,0
BRDA:86,6,1,0
BRDA:90,7,0,0
BRDA:90,7,1,0
BRDA:91,8,0,0
BRDA:91,8,1,0
BRDA:106,9,0,0
BRDA:106,9,1,0
BRDA:108,10,0,0
BRDA:108,10,1,0
BRDA:109,11,0,0
BRDA:109,11,1,0
BRF:24
BRH:1
end_of_record
TN:
SF:lib/runtime/components/react/mpx-portal/portal-manager.tsx
FN:14,(anonymous_0)
FN:19,(anonymous_1)
FN:20,(anonymous_2)
FN:25,(anonymous_3)
FN:26,(anonymous_4)
FN:27,(anonymous_5)
FN:36,(anonymous_6)
FN:37,(anonymous_7)
FN:38,(anonymous_8)
FN:42,(anonymous_9)
FN:51,(anonymous_10)
FNF:11
FNH:0
FNDA:0,(anonymous_0)
FNDA:0,(anonymous_1)
FNDA:0,(anonymous_2)
FNDA:0,(anonymous_3)
FNDA:0,(anonymous_4)
FNDA:0,(anonymous_5)
FNDA:0,(anonymous_6)
FNDA:0,(anonymous_7)
FNDA:0,(anonymous_8)
FNDA:0,(anonymous_9)
FNDA:0,(anonymous_10)
DA:14,2
DA:15,0
DA:19,0
DA:20,0
DA:25,0
DA:26,0
DA:28,0
DA:29,0
DA:31,0
DA:36,0
DA:37,0
DA:38,0
DA:42,0
DA:49,0
DA:52,0
LF:15
LH:1
BRDA:28,0,0,0
BRDA:28,0,1,0
BRF:2
BRH:0
end_of_record
TN:
SF:lib/runtime/components/react/mpx-rich-text/html.ts
FN:2,(anonymous_0)
FNF:1
FNH:0
FNDA:0,(anonymous_0)
DA:2,0
DA:3,0
LF:2
LH:0
BRF:0
BRH:0
end_of_record
TN:
SF:lib/runtime/components/react/mpx-rich-text/index.tsx
FN:32,jsonToHtmlStr
FN:55,(anonymous_1)
FN:117,(anonymous_2)
FNF:3
FNH:0
FNDA:0,jsonToHtmlStr
FNDA:0,(anonymous_1)
FNDA:0,(anonymous_2)
DA:33,0
DA:35,0
DA:36,0
DA:37,0
DA:38,0
DA:41,0
DA:43,0
DA:44,0
DA:46,0
DA:47,0
DA:49,0
DA:52,0
DA:55,0
DA:64,0
DA:66,0
DA:67,0
DA:75,0
DA:90,0
DA:92,0
DA:96,0
DA:112,0
DA:114,0
DA:118,0
DA:126,0
DA:127,0
DA:130,0
DA:133,0
LF:27
LH:0
BRDA:36,0,0,0
BRDA:36,0,1,0
BRDA:41,1,0,0
BRDA:41,2,0,0
BRDA:57,3,0,0
BRDA:112,4,0,0
BRDA:112,4,1,0
BRDA:126,5,0,0
BRDA:126,5,1,0
BRF:9
BRH:0
end_of_record
